mode: set
github.com/maynagashev/go-metrics/internal/agent/agent.go:130.18,145.16 3 1
github.com/maynagashev/go-metrics/internal/agent/agent.go:145.16,147.3 1 0
github.com/maynagashev/go-metrics/internal/agent/agent.go:150.2,173.8 2 1
github.com/maynagashev/go-metrics/internal/agent/agent.go:177.48,179.2 1 1
github.com/maynagashev/go-metrics/internal/agent/agent.go:182.44,184.2 1 1
github.com/maynagashev/go-metrics/internal/agent/agent.go:187.42,189.12 2 1
github.com/maynagashev/go-metrics/internal/agent/agent.go:189.12,192.3 2 1
github.com/maynagashev/go-metrics/internal/agent/agent.go:196.42,207.26 2 1
github.com/maynagashev/go-metrics/internal/agent/agent.go:207.26,209.3 1 1
github.com/maynagashev/go-metrics/internal/agent/agent.go:212.2,212.26 1 1
github.com/maynagashev/go-metrics/internal/agent/agent.go:212.26,214.3 1 1
github.com/maynagashev/go-metrics/internal/agent/agent.go:217.2,217.29 1 1
github.com/maynagashev/go-metrics/internal/agent/agent.go:217.29,219.27 2 0
github.com/maynagashev/go-metrics/internal/agent/agent.go:219.27,221.4 1 0
github.com/maynagashev/go-metrics/internal/agent/agent.go:225.2,225.26 1 1
github.com/maynagashev/go-metrics/internal/agent/agent.go:225.26,227.3 1 1
github.com/maynagashev/go-metrics/internal/agent/agent.go:230.2,233.14 2 1
github.com/maynagashev/go-metrics/internal/agent/agent.go:237.34,238.28 1 1
github.com/maynagashev/go-metrics/internal/agent/agent.go:238.28,240.3 1 1
github.com/maynagashev/go-metrics/internal/agent/agent.go:242.2,243.92 2 1
github.com/maynagashev/go-metrics/internal/agent/agent.go:247.42,248.16 1 1
github.com/maynagashev/go-metrics/internal/agent/agent.go:248.16,252.7 3 1
github.com/maynagashev/go-metrics/internal/agent/agent.go:252.7,253.11 1 1
github.com/maynagashev/go-metrics/internal/agent/agent.go:254.20,255.11 1 1
github.com/maynagashev/go-metrics/internal/agent/agent.go:256.34,257.12 1 1
github.com/maynagashev/go-metrics/internal/agent/agent.go:257.12,260.6 1 0
github.com/maynagashev/go-metrics/internal/agent/agent.go:263.5,268.50 4 1
github.com/maynagashev/go-metrics/internal/agent/agent.go:275.95,279.21 2 1
github.com/maynagashev/go-metrics/internal/agent/agent.go:279.21,281.3 1 1
github.com/maynagashev/go-metrics/internal/agent/agent.go:284.2,284.19 1 1
github.com/maynagashev/go-metrics/internal/agent/agent.go:284.19,287.3 2 1
github.com/maynagashev/go-metrics/internal/agent/agent.go:290.2,290.41 1 1
github.com/maynagashev/go-metrics/internal/agent/agent.go:294.39,295.16 1 1
github.com/maynagashev/go-metrics/internal/agent/agent.go:295.16,297.7 2 1
github.com/maynagashev/go-metrics/internal/agent/agent.go:297.7,298.11 1 1
github.com/maynagashev/go-metrics/internal/agent/agent.go:299.39,300.12 1 1
github.com/maynagashev/go-metrics/internal/agent/agent.go:300.12,303.6 2 1
github.com/maynagashev/go-metrics/internal/agent/agent.go:304.5,304.28 1 1
github.com/maynagashev/go-metrics/internal/agent/agent.go:304.28,306.6 1 1
github.com/maynagashev/go-metrics/internal/agent/agent.go:306.11,308.6 1 1
github.com/maynagashev/go-metrics/internal/agent/agent.go:309.20,311.11 2 1
github.com/maynagashev/go-metrics/internal/agent/agent.go:318.48,332.9 8 1
github.com/maynagashev/go-metrics/internal/agent/agent.go:333.18,342.4 1 1
github.com/maynagashev/go-metrics/internal/agent/agent.go:343.10,347.28 1 1
github.com/maynagashev/go-metrics/internal/agent/agent.go:350.2,350.36 1 1
github.com/maynagashev/go-metrics/internal/agent/agent.go:350.36,352.3 1 1
github.com/maynagashev/go-metrics/internal/agent/agent.go:353.2,353.38 1 1
github.com/maynagashev/go-metrics/internal/agent/agent.go:353.38,355.3 1 1
github.com/maynagashev/go-metrics/internal/agent/agent.go:359.2,369.14 6 1
github.com/maynagashev/go-metrics/internal/agent/agent.go:373.28,377.25 2 1
github.com/maynagashev/go-metrics/internal/agent/agent.go:377.25,379.3 1 1
github.com/maynagashev/go-metrics/internal/agent/agent.go:380.2,380.27 1 1
github.com/maynagashev/go-metrics/internal/agent/agent.go:380.27,382.3 1 1
github.com/maynagashev/go-metrics/internal/agent/agent.go:383.2,391.41 5 1
github.com/maynagashev/go-metrics/internal/agent/agent.go:391.41,399.17 5 1
github.com/maynagashev/go-metrics/internal/agent/agent.go:399.17,403.11 2 1
github.com/maynagashev/go-metrics/internal/agent/agent.go:404.46,405.50 1 0
github.com/maynagashev/go-metrics/internal/agent/agent.go:406.12,407.69 1 1
github.com/maynagashev/go-metrics/internal/agent/agent.go:409.9,411.4 1 0
github.com/maynagashev/go-metrics/internal/agent/agent.go:412.8,414.3 1 0
github.com/maynagashev/go-metrics/internal/agent/agent.go:417.2,417.21 1 1
github.com/maynagashev/go-metrics/internal/agent/agent.go:417.21,418.42 1 1
github.com/maynagashev/go-metrics/internal/agent/agent.go:418.42,420.4 1 0
github.com/maynagashev/go-metrics/internal/agent/agent.go:424.2,424.24 1 1
github.com/maynagashev/go-metrics/internal/agent/agent.go:424.24,427.3 2 1
github.com/maynagashev/go-metrics/internal/agent/agent.go:430.2,432.58 3 1
github.com/maynagashev/go-metrics/internal/agent/agent.go:436.47,441.6 2 1
github.com/maynagashev/go-metrics/internal/agent/agent.go:441.6,442.10 1 1
github.com/maynagashev/go-metrics/internal/agent/agent.go:443.25,466.17 12 0
github.com/maynagashev/go-metrics/internal/agent/agent.go:467.21,469.10 2 0
github.com/maynagashev/go-metrics/internal/agent/agent.go:470.19,472.10 2 1
github.com/maynagashev/go-metrics/internal/agent/agent.go:478.49,486.21 2 1
github.com/maynagashev/go-metrics/internal/agent/agent.go:486.21,488.3 1 1
github.com/maynagashev/go-metrics/internal/agent/agent.go:488.8,490.3 1 0
github.com/maynagashev/go-metrics/internal/agent/agent.go:492.2,492.6 1 1
github.com/maynagashev/go-metrics/internal/agent/agent.go:492.6,493.10 1 1
github.com/maynagashev/go-metrics/internal/agent/agent.go:494.27,501.24 5 0
github.com/maynagashev/go-metrics/internal/agent/agent.go:501.24,506.5 2 0
github.com/maynagashev/go-metrics/internal/agent/agent.go:506.10,508.5 1 0
github.com/maynagashev/go-metrics/internal/agent/agent.go:510.4,512.50 2 0
github.com/maynagashev/go-metrics/internal/agent/agent.go:513.21,515.10 2 0
github.com/maynagashev/go-metrics/internal/agent/agent.go:516.19,518.10 2 1
github.com/maynagashev/go-metrics/internal/agent/agent.go:524.32,528.2 3 1
github.com/maynagashev/go-metrics/internal/agent/agent.go:531.41,533.9 1 1
github.com/maynagashev/go-metrics/internal/agent/agent.go:534.18,536.9 2 0
github.com/maynagashev/go-metrics/internal/agent/agent.go:537.10,537.10 0 1
github.com/maynagashev/go-metrics/internal/agent/agent.go:541.2,576.38 31 1
github.com/maynagashev/go-metrics/internal/agent/agent.go:580.44,582.9 1 1
github.com/maynagashev/go-metrics/internal/agent/agent.go:583.18,585.9 2 0
github.com/maynagashev/go-metrics/internal/agent/agent.go:586.10,586.10 0 1
github.com/maynagashev/go-metrics/internal/agent/agent.go:590.2,593.16 3 1
github.com/maynagashev/go-metrics/internal/agent/agent.go:593.16,596.3 2 0
github.com/maynagashev/go-metrics/internal/agent/agent.go:597.2,606.16 5 1
github.com/maynagashev/go-metrics/internal/agent/agent.go:606.16,609.3 2 0
github.com/maynagashev/go-metrics/internal/agent/agent.go:611.2,612.28 2 1
github.com/maynagashev/go-metrics/internal/agent/agent.go:612.28,615.3 2 1
github.com/maynagashev/go-metrics/internal/agent/agent.go:617.2,617.71 1 1
github.com/maynagashev/go-metrics/internal/agent/ip.go:15.38,19.16 2 1
github.com/maynagashev/go-metrics/internal/agent/ip.go:19.16,22.3 2 0
github.com/maynagashev/go-metrics/internal/agent/ip.go:23.2,27.9 3 1
github.com/maynagashev/go-metrics/internal/agent/ip.go:27.9,30.3 2 0
github.com/maynagashev/go-metrics/internal/agent/ip.go:33.2,33.57 1 1
github.com/maynagashev/go-metrics/internal/agent/ip.go:33.57,36.3 2 0
github.com/maynagashev/go-metrics/internal/agent/ip.go:38.2,39.26 2 1
