mode: set
github.com/maynagashev/go-metrics/internal/agent/grpc/client.go:43.20,68.25 7 0
github.com/maynagashev/go-metrics/internal/agent/grpc/client.go:68.25,70.17 2 0
github.com/maynagashev/go-metrics/internal/agent/grpc/client.go:70.17,72.4 1 0
github.com/maynagashev/go-metrics/internal/agent/grpc/client.go:73.3,78.4 2 0
github.com/maynagashev/go-metrics/internal/agent/grpc/client.go:79.8,83.3 2 0
github.com/maynagashev/go-metrics/internal/agent/grpc/client.go:85.2,97.16 3 0
github.com/maynagashev/go-metrics/internal/agent/grpc/client.go:97.16,99.3 1 0
github.com/maynagashev/go-metrics/internal/agent/grpc/client.go:102.2,108.22 3 0
github.com/maynagashev/go-metrics/internal/agent/grpc/client.go:108.22,110.3 1 0
github.com/maynagashev/go-metrics/internal/agent/grpc/client.go:112.2,121.8 1 0
github.com/maynagashev/go-metrics/internal/agent/grpc/client.go:125.89,128.16 2 1
github.com/maynagashev/go-metrics/internal/agent/grpc/client.go:128.16,130.3 1 1
github.com/maynagashev/go-metrics/internal/agent/grpc/client.go:132.2,133.47 2 1
github.com/maynagashev/go-metrics/internal/agent/grpc/client.go:133.47,135.3 1 1
github.com/maynagashev/go-metrics/internal/agent/grpc/client.go:138.2,143.40 2 0
github.com/maynagashev/go-metrics/internal/agent/grpc/client.go:147.32,148.19 1 1
github.com/maynagashev/go-metrics/internal/agent/grpc/client.go:148.19,150.3 1 0
github.com/maynagashev/go-metrics/internal/agent/grpc/client.go:151.2,151.12 1 1
github.com/maynagashev/go-metrics/internal/agent/grpc/client.go:155.94,160.20 2 1
github.com/maynagashev/go-metrics/internal/agent/grpc/client.go:160.20,165.3 2 1
github.com/maynagashev/go-metrics/internal/agent/grpc/client.go:167.2,167.20 1 1
github.com/maynagashev/go-metrics/internal/agent/grpc/client.go:171.53,176.2 1 1
github.com/maynagashev/go-metrics/internal/agent/grpc/client.go:182.9,187.22 3 1
github.com/maynagashev/go-metrics/internal/agent/grpc/client.go:187.22,189.3 1 0
github.com/maynagashev/go-metrics/internal/agent/grpc/client.go:192.2,195.55 2 1
github.com/maynagashev/go-metrics/internal/agent/grpc/client.go:195.55,197.23 1 1
github.com/maynagashev/go-metrics/internal/agent/grpc/client.go:197.23,199.4 1 0
github.com/maynagashev/go-metrics/internal/agent/grpc/client.go:202.3,209.37 4 1
github.com/maynagashev/go-metrics/internal/agent/grpc/client.go:209.37,211.4 1 1
github.com/maynagashev/go-metrics/internal/agent/grpc/client.go:214.3,214.30 1 1
github.com/maynagashev/go-metrics/internal/agent/grpc/client.go:214.30,215.9 1 1
github.com/maynagashev/go-metrics/internal/agent/grpc/client.go:219.3,220.36 2 1
github.com/maynagashev/go-metrics/internal/agent/grpc/client.go:220.36,222.4 1 1
github.com/maynagashev/go-metrics/internal/agent/grpc/client.go:224.3,231.10 2 1
github.com/maynagashev/go-metrics/internal/agent/grpc/client.go:232.21,233.20 1 0
github.com/maynagashev/go-metrics/internal/agent/grpc/client.go:234.36,234.36 0 1
github.com/maynagashev/go-metrics/internal/agent/grpc/client.go:239.2,239.82 1 1
github.com/maynagashev/go-metrics/internal/agent/grpc/client.go:243.82,253.88 3 1
github.com/maynagashev/go-metrics/internal/agent/grpc/client.go:253.88,256.3 2 1
github.com/maynagashev/go-metrics/internal/agent/grpc/client.go:260.84,262.23 1 1
github.com/maynagashev/go-metrics/internal/agent/grpc/client.go:262.23,264.3 1 1
github.com/maynagashev/go-metrics/internal/agent/grpc/client.go:267.2,268.28 2 1
github.com/maynagashev/go-metrics/internal/agent/grpc/client.go:268.28,270.3 1 1
github.com/maynagashev/go-metrics/internal/agent/grpc/client.go:273.2,278.88 2 1
github.com/maynagashev/go-metrics/internal/agent/grpc/client.go:278.88,280.17 2 1
github.com/maynagashev/go-metrics/internal/agent/grpc/client.go:280.17,282.4 1 0
github.com/maynagashev/go-metrics/internal/agent/grpc/client.go:285.3,285.29 1 1
github.com/maynagashev/go-metrics/internal/agent/grpc/client.go:285.29,287.4 1 1
github.com/maynagashev/go-metrics/internal/agent/grpc/client.go:289.3,289.13 1 1
github.com/maynagashev/go-metrics/internal/agent/grpc/client.go:294.86,296.23 1 1
github.com/maynagashev/go-metrics/internal/agent/grpc/client.go:296.23,298.3 1 1
github.com/maynagashev/go-metrics/internal/agent/grpc/client.go:300.2,303.88 2 1
github.com/maynagashev/go-metrics/internal/agent/grpc/client.go:303.88,306.17 2 1
github.com/maynagashev/go-metrics/internal/agent/grpc/client.go:306.17,309.4 2 1
github.com/maynagashev/go-metrics/internal/agent/grpc/client.go:312.3,313.29 2 1
github.com/maynagashev/go-metrics/internal/agent/grpc/client.go:313.29,315.59 2 1
github.com/maynagashev/go-metrics/internal/agent/grpc/client.go:315.59,322.5 2 1
github.com/maynagashev/go-metrics/internal/agent/grpc/client.go:323.4,323.15 1 1
github.com/maynagashev/go-metrics/internal/agent/grpc/client.go:326.3,330.17 3 1
github.com/maynagashev/go-metrics/internal/agent/grpc/client.go:330.17,333.4 2 1
github.com/maynagashev/go-metrics/internal/agent/grpc/client.go:336.3,336.29 1 1
github.com/maynagashev/go-metrics/internal/agent/grpc/client.go:336.29,340.4 3 1
github.com/maynagashev/go-metrics/internal/agent/grpc/client.go:342.3,343.13 2 1
github.com/maynagashev/go-metrics/internal/agent/grpc/client.go:348.50,349.88 1 1
github.com/maynagashev/go-metrics/internal/agent/grpc/client.go:349.88,351.17 2 1
github.com/maynagashev/go-metrics/internal/agent/grpc/client.go:351.17,353.4 1 0
github.com/maynagashev/go-metrics/internal/agent/grpc/client.go:356.3,356.29 1 1
github.com/maynagashev/go-metrics/internal/agent/grpc/client.go:356.29,358.4 1 1
github.com/maynagashev/go-metrics/internal/agent/grpc/client.go:360.3,360.13 1 1
github.com/maynagashev/go-metrics/internal/agent/grpc/client.go:365.55,366.19 1 1
github.com/maynagashev/go-metrics/internal/agent/grpc/client.go:366.19,368.3 1 0
github.com/maynagashev/go-metrics/internal/agent/grpc/client.go:371.2,376.22 2 1
github.com/maynagashev/go-metrics/internal/agent/grpc/client.go:377.25,380.26 2 1
github.com/maynagashev/go-metrics/internal/agent/grpc/client.go:380.26,383.4 2 1
github.com/maynagashev/go-metrics/internal/agent/grpc/client.go:385.27,388.26 2 1
github.com/maynagashev/go-metrics/internal/agent/grpc/client.go:388.26,391.4 2 1
github.com/maynagashev/go-metrics/internal/agent/grpc/client.go:395.2,395.20 1 1
github.com/maynagashev/go-metrics/internal/agent/grpc/interceptors.go:17.72,25.10 1 1
github.com/maynagashev/go-metrics/internal/agent/grpc/interceptors.go:25.10,27.23 1 1
github.com/maynagashev/go-metrics/internal/agent/grpc/interceptors.go:27.23,29.4 1 1
github.com/maynagashev/go-metrics/internal/agent/grpc/interceptors.go:32.3,33.10 2 1
github.com/maynagashev/go-metrics/internal/agent/grpc/interceptors.go:33.10,35.4 1 1
github.com/maynagashev/go-metrics/internal/agent/grpc/interceptors.go:37.3,38.17 2 1
github.com/maynagashev/go-metrics/internal/agent/grpc/interceptors.go:38.17,40.4 1 0
github.com/maynagashev/go-metrics/internal/agent/grpc/interceptors.go:43.3,47.10 3 1
github.com/maynagashev/go-metrics/internal/agent/grpc/interceptors.go:47.10,49.4 1 1
github.com/maynagashev/go-metrics/internal/agent/grpc/interceptors.go:49.9,51.4 1 0
github.com/maynagashev/go-metrics/internal/agent/grpc/interceptors.go:52.3,56.58 3 1
github.com/maynagashev/go-metrics/internal/agent/grpc/interceptors.go:61.79,69.31 1 1
github.com/maynagashev/go-metrics/internal/agent/grpc/interceptors.go:69.31,71.23 1 1
github.com/maynagashev/go-metrics/internal/agent/grpc/interceptors.go:71.23,73.4 1 1
github.com/maynagashev/go-metrics/internal/agent/grpc/interceptors.go:76.3,81.10 4 1
github.com/maynagashev/go-metrics/internal/agent/grpc/interceptors.go:81.10,83.4 1 1
github.com/maynagashev/go-metrics/internal/agent/grpc/interceptors.go:83.9,85.4 1 0
github.com/maynagashev/go-metrics/internal/agent/grpc/interceptors.go:86.3,90.53 3 1
