mode: set
github.com/maynagashev/go-metrics/cmd/migrate/main.go:13.44,14.15 1 1
github.com/maynagashev/go-metrics/cmd/migrate/main.go:14.15,18.3 1 1
github.com/maynagashev/go-metrics/cmd/migrate/main.go:19.2,19.26 1 1
github.com/maynagashev/go-metrics/cmd/migrate/main.go:19.26,23.3 1 1
github.com/maynagashev/go-metrics/cmd/migrate/main.go:25.2,25.58 1 0
github.com/maynagashev/go-metrics/cmd/migrate/main.go:25.58,27.3 1 0
github.com/maynagashev/go-metrics/cmd/migrate/main.go:28.2,28.12 1 0
github.com/maynagashev/go-metrics/cmd/migrate/main.go:31.13,42.49 5 1
github.com/maynagashev/go-metrics/cmd/migrate/main.go:42.49,43.13 1 1
github.com/maynagashev/go-metrics/internal/server/storage/pgstorage/migration/migration.go:17.50,21.16 4 0
github.com/maynagashev/go-metrics/internal/server/storage/pgstorage/migration/migration.go:21.16,22.13 1 0
github.com/maynagashev/go-metrics/internal/server/storage/pgstorage/migration/migration.go:25.2,25.30 1 0
github.com/maynagashev/go-metrics/internal/server/storage/pgstorage/migration/migration.go:25.30,26.42 1 0
github.com/maynagashev/go-metrics/internal/server/storage/pgstorage/migration/migration.go:26.42,29.4 2 0
github.com/maynagashev/go-metrics/internal/server/storage/pgstorage/migration/migration.go:30.3,30.13 1 0
github.com/maynagashev/go-metrics/internal/server/storage/pgstorage/migration/migration.go:33.2,34.12 2 0
github.com/maynagashev/go-metrics/internal/contracts/metrics/metrics.go:25.85,32.2 1 1
github.com/maynagashev/go-metrics/internal/contracts/metrics/metrics.go:34.49,36.2 1 1
github.com/maynagashev/go-metrics/internal/contracts/metrics/metrics.go:38.49,40.2 1 1
github.com/maynagashev/go-metrics/internal/contracts/metrics/metrics.go:42.34,43.14 1 1
github.com/maynagashev/go-metrics/internal/contracts/metrics/metrics.go:43.14,45.3 1 0
github.com/maynagashev/go-metrics/internal/contracts/metrics/metrics.go:46.2,46.20 1 1
github.com/maynagashev/go-metrics/internal/contracts/metrics/metrics.go:46.20,48.3 1 1
github.com/maynagashev/go-metrics/internal/contracts/metrics/metrics.go:49.2,49.20 1 1
github.com/maynagashev/go-metrics/internal/contracts/metrics/metrics.go:49.20,51.3 1 1
github.com/maynagashev/go-metrics/internal/contracts/metrics/metrics.go:54.2,54.67 1 1
github.com/maynagashev/go-metrics/internal/contracts/metrics/metrics.go:57.39,58.14 1 1
github.com/maynagashev/go-metrics/internal/contracts/metrics/metrics.go:58.14,60.3 1 1
github.com/maynagashev/go-metrics/internal/contracts/metrics/metrics.go:61.2,61.17 1 1
github.com/maynagashev/go-metrics/internal/contracts/metrics/metrics.go:62.19,63.41 1 1
github.com/maynagashev/go-metrics/internal/contracts/metrics/metrics.go:64.17,65.52 1 1
github.com/maynagashev/go-metrics/internal/contracts/metrics/metrics.go:67.2,67.11 1 1
github.com/maynagashev/go-metrics/internal/contracts/metrics/metrics.go:70.34,72.16 2 1
github.com/maynagashev/go-metrics/internal/contracts/metrics/metrics.go:72.16,74.3 1 0
github.com/maynagashev/go-metrics/internal/contracts/metrics/metrics.go:75.2,75.16 1 1
github.com/maynagashev/go-metrics/internal/server/handlers/json/index/index.go:13.50,14.54 1 1
github.com/maynagashev/go-metrics/internal/server/handlers/json/index/index.go:14.54,20.17 4 1
github.com/maynagashev/go-metrics/internal/server/handlers/json/index/index.go:20.17,23.4 2 0
github.com/maynagashev/go-metrics/internal/server/handlers/json/index/index.go:24.3,25.17 2 1
github.com/maynagashev/go-metrics/internal/server/handlers/json/index/index.go:25.17,28.4 2 0
github.com/maynagashev/go-metrics/cmd/server/main.go:63.21,67.2 3 1
github.com/maynagashev/go-metrics/cmd/server/main.go:69.13,71.15 2 0
github.com/maynagashev/go-metrics/cmd/server/main.go:71.15,74.60 1 0
github.com/maynagashev/go-metrics/cmd/server/main.go:74.60,76.4 1 0
github.com/maynagashev/go-metrics/cmd/server/main.go:79.2,82.16 3 0
github.com/maynagashev/go-metrics/cmd/server/main.go:82.16,83.13 1 0
github.com/maynagashev/go-metrics/cmd/server/main.go:86.2,91.23 4 0
github.com/maynagashev/go-metrics/cmd/server/main.go:91.23,93.20 2 0
github.com/maynagashev/go-metrics/cmd/server/main.go:95.2,95.15 1 0
github.com/maynagashev/go-metrics/cmd/server/main.go:95.15,97.22 2 0
github.com/maynagashev/go-metrics/cmd/server/main.go:97.22,99.4 1 0
github.com/maynagashev/go-metrics/cmd/server/main.go:102.2,106.29 3 0
github.com/maynagashev/go-metrics/cmd/server/main.go:109.80,111.29 1 1
github.com/maynagashev/go-metrics/cmd/server/main.go:111.29,113.17 2 0
github.com/maynagashev/go-metrics/cmd/server/main.go:113.17,115.4 1 0
github.com/maynagashev/go-metrics/cmd/server/main.go:116.3,116.17 1 0
github.com/maynagashev/go-metrics/cmd/server/main.go:119.2,119.34 1 1
github.com/maynagashev/go-metrics/cmd/server/main.go:122.31,131.16 4 1
github.com/maynagashev/go-metrics/cmd/server/main.go:131.16,133.13 1 0
github.com/maynagashev/go-metrics/cmd/server/main.go:135.2,135.15 1 1
github.com/maynagashev/go-metrics/internal/server/storage/pgstorage/migration/migration.go:17.50,21.16 4 0
github.com/maynagashev/go-metrics/internal/server/storage/pgstorage/migration/migration.go:21.16,22.13 1 0
github.com/maynagashev/go-metrics/internal/server/storage/pgstorage/migration/migration.go:25.2,25.30 1 0
github.com/maynagashev/go-metrics/internal/server/storage/pgstorage/migration/migration.go:25.30,26.42 1 0
github.com/maynagashev/go-metrics/internal/server/storage/pgstorage/migration/migration.go:26.42,29.4 2 0
github.com/maynagashev/go-metrics/internal/server/storage/pgstorage/migration/migration.go:30.3,30.13 1 0
github.com/maynagashev/go-metrics/internal/server/storage/pgstorage/migration/migration.go:33.2,34.12 2 0
github.com/maynagashev/go-metrics/cmd/staticlint/staticlint.go:77.49,80.16 3 1
github.com/maynagashev/go-metrics/cmd/staticlint/staticlint.go:80.16,83.3 2 1
github.com/maynagashev/go-metrics/cmd/staticlint/staticlint.go:86.2,86.50 1 1
github.com/maynagashev/go-metrics/cmd/staticlint/staticlint.go:86.50,89.3 2 1
github.com/maynagashev/go-metrics/cmd/staticlint/staticlint.go:91.2,91.18 1 1
github.com/maynagashev/go-metrics/cmd/staticlint/staticlint.go:111.24,116.35 3 1
github.com/maynagashev/go-metrics/cmd/staticlint/staticlint.go:116.35,119.3 2 1
github.com/maynagashev/go-metrics/cmd/staticlint/staticlint.go:119.8,119.41 1 0
github.com/maynagashev/go-metrics/cmd/staticlint/staticlint.go:119.41,122.3 2 0
github.com/maynagashev/go-metrics/cmd/staticlint/staticlint.go:125.2,125.11 1 1
github.com/maynagashev/go-metrics/cmd/staticlint/staticlint.go:125.11,128.35 2 1
github.com/maynagashev/go-metrics/cmd/staticlint/staticlint.go:128.35,130.4 1 1
github.com/maynagashev/go-metrics/cmd/staticlint/staticlint.go:133.3,133.38 1 1
github.com/maynagashev/go-metrics/cmd/staticlint/staticlint.go:133.38,134.29 1 0
github.com/maynagashev/go-metrics/cmd/staticlint/staticlint.go:134.29,136.5 1 0
github.com/maynagashev/go-metrics/cmd/staticlint/staticlint.go:138.3,142.4 1 1
github.com/maynagashev/go-metrics/cmd/staticlint/staticlint.go:143.8,147.3 2 1
github.com/maynagashev/go-metrics/cmd/staticlint/staticlint.go:149.2,149.17 1 1
github.com/maynagashev/go-metrics/cmd/staticlint/staticlint.go:154.56,156.42 2 1
github.com/maynagashev/go-metrics/cmd/staticlint/staticlint.go:156.42,158.3 1 1
github.com/maynagashev/go-metrics/cmd/staticlint/staticlint.go:159.2,159.15 1 1
github.com/maynagashev/go-metrics/cmd/staticlint/staticlint.go:164.55,166.41 2 1
github.com/maynagashev/go-metrics/cmd/staticlint/staticlint.go:166.41,168.3 1 1
github.com/maynagashev/go-metrics/cmd/staticlint/staticlint.go:169.2,169.15 1 1
github.com/maynagashev/go-metrics/cmd/staticlint/staticlint.go:174.57,176.37 2 0
github.com/maynagashev/go-metrics/cmd/staticlint/staticlint.go:176.37,179.75 2 0
github.com/maynagashev/go-metrics/cmd/staticlint/staticlint.go:179.75,181.4 1 0
github.com/maynagashev/go-metrics/cmd/staticlint/staticlint.go:182.3,182.62 1 0
github.com/maynagashev/go-metrics/cmd/staticlint/staticlint.go:187.13,227.2 10 0
github.com/maynagashev/go-metrics/internal/server/handlers/json/value/json_value.go:19.72,20.54 1 1
github.com/maynagashev/go-metrics/internal/server/handlers/json/value/json_value.go:20.54,25.17 4 1
github.com/maynagashev/go-metrics/internal/server/handlers/json/value/json_value.go:25.17,27.4 1 1
github.com/maynagashev/go-metrics/internal/server/handlers/json/value/json_value.go:30.3,31.10 2 1
github.com/maynagashev/go-metrics/internal/server/handlers/json/value/json_value.go:31.10,34.4 2 1
github.com/maynagashev/go-metrics/internal/server/handlers/json/value/json_value.go:37.3,38.17 2 1
github.com/maynagashev/go-metrics/internal/server/handlers/json/value/json_value.go:38.17,41.4 2 0
github.com/maynagashev/go-metrics/internal/server/handlers/json/value/json_value.go:44.3,44.36 1 1
github.com/maynagashev/go-metrics/internal/server/handlers/json/value/json_value.go:44.36,47.4 2 1
github.com/maynagashev/go-metrics/internal/server/handlers/json/value/json_value.go:49.3,50.17 2 1
github.com/maynagashev/go-metrics/internal/server/handlers/json/value/json_value.go:50.17,53.4 2 0
github.com/maynagashev/go-metrics/internal/server/handlers/json/value/json_value.go:58.70,63.16 4 1
github.com/maynagashev/go-metrics/internal/server/handlers/json/value/json_value.go:63.16,65.3 1 0
github.com/maynagashev/go-metrics/internal/server/handlers/json/value/json_value.go:67.2,68.16 2 1
github.com/maynagashev/go-metrics/internal/server/handlers/json/value/json_value.go:68.16,70.3 1 1
github.com/maynagashev/go-metrics/internal/server/handlers/json/value/json_value.go:72.2,72.15 1 1
github.com/maynagashev/go-metrics/internal/server/handlers/json/update/json_update.go:35.86,36.54 1 1
github.com/maynagashev/go-metrics/internal/server/handlers/json/update/json_update.go:36.54,38.17 2 1
github.com/maynagashev/go-metrics/internal/server/handlers/json/update/json_update.go:38.17,42.4 3 1
github.com/maynagashev/go-metrics/internal/server/handlers/json/update/json_update.go:43.3,48.17 4 1
github.com/maynagashev/go-metrics/internal/server/handlers/json/update/json_update.go:48.17,51.4 2 0
github.com/maynagashev/go-metrics/internal/server/handlers/json/update/json_update.go:53.3,57.9 3 1
github.com/maynagashev/go-metrics/internal/server/handlers/json/update/json_update.go:57.9,59.4 1 1
github.com/maynagashev/go-metrics/internal/server/handlers/json/update/json_update.go:59.9,61.4 1 0
github.com/maynagashev/go-metrics/internal/server/handlers/json/update/json_update.go:64.3,67.29 2 1
github.com/maynagashev/go-metrics/internal/server/handlers/json/update/json_update.go:72.96,77.16 4 1
github.com/maynagashev/go-metrics/internal/server/handlers/json/update/json_update.go:77.16,79.3 1 0
github.com/maynagashev/go-metrics/internal/server/handlers/json/update/json_update.go:81.2,85.35 3 1
github.com/maynagashev/go-metrics/internal/server/handlers/json/update/json_update.go:85.35,89.18 3 1
github.com/maynagashev/go-metrics/internal/server/handlers/json/update/json_update.go:89.18,93.4 2 1
github.com/maynagashev/go-metrics/internal/server/handlers/json/update/json_update.go:96.2,97.16 2 1
github.com/maynagashev/go-metrics/internal/server/handlers/json/update/json_update.go:97.16,99.3 1 1
github.com/maynagashev/go-metrics/internal/server/handlers/json/update/json_update.go:101.2,101.15 1 1
github.com/maynagashev/go-metrics/internal/server/handlers/json/updates/json_updates.go:24.94,25.54 1 1
github.com/maynagashev/go-metrics/internal/server/handlers/json/updates/json_updates.go:25.54,31.17 4 1
github.com/maynagashev/go-metrics/internal/server/handlers/json/updates/json_updates.go:31.17,35.4 3 1
github.com/maynagashev/go-metrics/internal/server/handlers/json/updates/json_updates.go:38.3,40.17 3 1
github.com/maynagashev/go-metrics/internal/server/handlers/json/updates/json_updates.go:40.17,44.4 3 1
github.com/maynagashev/go-metrics/internal/server/handlers/json/updates/json_updates.go:47.3,48.17 2 1
github.com/maynagashev/go-metrics/internal/server/handlers/json/updates/json_updates.go:48.17,51.4 2 0
github.com/maynagashev/go-metrics/internal/server/handlers/json/updates/json_updates.go:54.3,60.49 3 1
github.com/maynagashev/go-metrics/internal/server/handlers/json/updates/json_updates.go:65.89,68.16 3 1
github.com/maynagashev/go-metrics/internal/server/handlers/json/updates/json_updates.go:68.16,70.3 1 0
github.com/maynagashev/go-metrics/internal/server/handlers/json/updates/json_updates.go:72.2,75.35 2 1
github.com/maynagashev/go-metrics/internal/server/handlers/json/updates/json_updates.go:75.35,90.18 4 1
github.com/maynagashev/go-metrics/internal/server/handlers/json/updates/json_updates.go:90.18,92.4 1 1
github.com/maynagashev/go-metrics/internal/server/handlers/json/updates/json_updates.go:95.2,95.26 1 1
github.com/maynagashev/go-metrics/internal/server/handlers/plain/index/index.go:15.50,16.54 1 1
github.com/maynagashev/go-metrics/internal/server/handlers/plain/index/index.go:16.54,22.29 4 1
github.com/maynagashev/go-metrics/internal/server/handlers/plain/index/index.go:22.29,23.24 1 1
github.com/maynagashev/go-metrics/internal/server/handlers/plain/index/index.go:24.27,26.74 2 1
github.com/maynagashev/go-metrics/internal/server/handlers/plain/index/index.go:27.29,28.85 1 1
github.com/maynagashev/go-metrics/internal/server/handlers/plain/index/index.go:29.12,30.66 1 1
github.com/maynagashev/go-metrics/internal/server/handlers/plain/index/index.go:34.3,34.32 1 1
github.com/maynagashev/go-metrics/internal/server/handlers/plain/index/index.go:34.32,36.18 2 1
github.com/maynagashev/go-metrics/internal/server/handlers/plain/index/index.go:36.18,38.5 1 0
github.com/maynagashev/go-metrics/internal/server/handlers/json/ping/ping.go:28.47,29.54 1 1
github.com/maynagashev/go-metrics/internal/server/handlers/json/ping/ping.go:29.54,36.3 3 1
github.com/maynagashev/go-metrics/internal/server/handlers/json/ping/ping.go:40.64,42.33 1 1
github.com/maynagashev/go-metrics/internal/server/handlers/json/ping/ping.go:42.33,43.55 1 1
github.com/maynagashev/go-metrics/internal/server/handlers/json/ping/ping.go:43.55,45.4 1 1
github.com/maynagashev/go-metrics/internal/server/handlers/json/ping/ping.go:49.2,51.16 2 1
github.com/maynagashev/go-metrics/internal/server/handlers/json/ping/ping.go:51.16,52.55 1 1
github.com/maynagashev/go-metrics/internal/server/handlers/json/ping/ping.go:52.55,54.4 1 1
github.com/maynagashev/go-metrics/internal/server/handlers/json/ping/ping.go:58.2,58.19 1 0
github.com/maynagashev/go-metrics/internal/server/storage/pgstorage/migration/migration.go:17.50,21.16 4 0
github.com/maynagashev/go-metrics/internal/server/storage/pgstorage/migration/migration.go:21.16,22.13 1 0
github.com/maynagashev/go-metrics/internal/server/storage/pgstorage/migration/migration.go:25.2,25.30 1 0
github.com/maynagashev/go-metrics/internal/server/storage/pgstorage/migration/migration.go:25.30,26.42 1 0
github.com/maynagashev/go-metrics/internal/server/storage/pgstorage/migration/migration.go:26.42,29.4 2 0
github.com/maynagashev/go-metrics/internal/server/storage/pgstorage/migration/migration.go:30.3,30.13 1 0
github.com/maynagashev/go-metrics/internal/server/storage/pgstorage/migration/migration.go:33.2,34.12 2 0
github.com/maynagashev/go-metrics/example/setup.go:22.30,31.16 4 1
github.com/maynagashev/go-metrics/example/setup.go:31.16,33.3 1 0
github.com/maynagashev/go-metrics/example/setup.go:35.2,42.16 3 1
github.com/maynagashev/go-metrics/example/setup.go:42.16,44.3 1 0
github.com/maynagashev/go-metrics/example/setup.go:46.2,47.16 2 1
github.com/maynagashev/go-metrics/example/setup.go:47.16,49.3 1 0
github.com/maynagashev/go-metrics/example/setup.go:50.2,54.12 3 1
github.com/maynagashev/go-metrics/internal/agent/agent.go:84.9,102.2 1 1
github.com/maynagashev/go-metrics/internal/agent/agent.go:105.48,107.2 1 1
github.com/maynagashev/go-metrics/internal/agent/agent.go:110.44,112.2 1 1
github.com/maynagashev/go-metrics/internal/agent/agent.go:115.42,133.29 4 1
github.com/maynagashev/go-metrics/internal/agent/agent.go:133.29,136.3 2 0
github.com/maynagashev/go-metrics/internal/agent/agent.go:139.2,147.14 6 1
github.com/maynagashev/go-metrics/internal/agent/agent.go:151.28,165.22 8 1
github.com/maynagashev/go-metrics/internal/agent/agent.go:165.22,170.17 3 1
github.com/maynagashev/go-metrics/internal/agent/agent.go:170.17,174.11 2 1
github.com/maynagashev/go-metrics/internal/agent/agent.go:175.46,176.50 1 0
github.com/maynagashev/go-metrics/internal/agent/agent.go:177.12,178.69 1 1
github.com/maynagashev/go-metrics/internal/agent/agent.go:180.9,182.4 1 0
github.com/maynagashev/go-metrics/internal/agent/agent.go:183.8,185.3 1 0
github.com/maynagashev/go-metrics/internal/agent/agent.go:188.2,194.58 5 1
github.com/maynagashev/go-metrics/internal/agent/agent.go:198.47,206.6 4 1
github.com/maynagashev/go-metrics/internal/agent/agent.go:206.6,207.10 1 1
github.com/maynagashev/go-metrics/internal/agent/agent.go:208.25,231.17 12 0
github.com/maynagashev/go-metrics/internal/agent/agent.go:232.21,234.10 2 1
github.com/maynagashev/go-metrics/internal/agent/agent.go:235.19,237.10 2 0
github.com/maynagashev/go-metrics/internal/agent/agent.go:243.49,251.6 4 1
github.com/maynagashev/go-metrics/internal/agent/agent.go:251.6,252.10 1 1
github.com/maynagashev/go-metrics/internal/agent/agent.go:253.27,260.24 5 0
github.com/maynagashev/go-metrics/internal/agent/agent.go:260.24,265.5 2 0
github.com/maynagashev/go-metrics/internal/agent/agent.go:265.10,267.5 1 0
github.com/maynagashev/go-metrics/internal/agent/agent.go:269.4,271.50 2 0
github.com/maynagashev/go-metrics/internal/agent/agent.go:272.21,274.10 2 0
github.com/maynagashev/go-metrics/internal/agent/agent.go:275.19,277.10 2 1
github.com/maynagashev/go-metrics/internal/agent/agent.go:283.48,297.9 8 1
github.com/maynagashev/go-metrics/internal/agent/agent.go:298.18,307.4 1 1
github.com/maynagashev/go-metrics/internal/agent/agent.go:308.10,312.28 1 1
github.com/maynagashev/go-metrics/internal/agent/agent.go:315.2,315.36 1 1
github.com/maynagashev/go-metrics/internal/agent/agent.go:315.36,317.3 1 1
github.com/maynagashev/go-metrics/internal/agent/agent.go:318.2,318.38 1 1
github.com/maynagashev/go-metrics/internal/agent/agent.go:318.38,320.3 1 1
github.com/maynagashev/go-metrics/internal/agent/agent.go:324.2,334.14 6 1
github.com/maynagashev/go-metrics/internal/agent/collect.go:21.32,25.2 3 1
github.com/maynagashev/go-metrics/internal/agent/collect.go:27.41,29.9 1 1
github.com/maynagashev/go-metrics/internal/agent/collect.go:30.18,32.9 2 0
github.com/maynagashev/go-metrics/internal/agent/collect.go:33.10,33.10 0 1
github.com/maynagashev/go-metrics/internal/agent/collect.go:37.2,72.38 31 1
github.com/maynagashev/go-metrics/internal/agent/collect.go:76.44,78.9 1 1
github.com/maynagashev/go-metrics/internal/agent/collect.go:79.18,81.9 2 0
github.com/maynagashev/go-metrics/internal/agent/collect.go:82.10,82.10 0 1
github.com/maynagashev/go-metrics/internal/agent/collect.go:86.2,89.16 3 1
github.com/maynagashev/go-metrics/internal/agent/collect.go:89.16,92.3 2 0
github.com/maynagashev/go-metrics/internal/agent/collect.go:93.2,102.16 5 1
github.com/maynagashev/go-metrics/internal/agent/collect.go:102.16,105.3 2 0
github.com/maynagashev/go-metrics/internal/agent/collect.go:107.2,108.28 2 1
github.com/maynagashev/go-metrics/internal/agent/collect.go:108.28,111.3 2 1
github.com/maynagashev/go-metrics/internal/agent/collect.go:113.2,113.71 1 1
github.com/maynagashev/go-metrics/internal/agent/send.go:21.74,24.39 1 1
github.com/maynagashev/go-metrics/internal/agent/send.go:24.39,26.12 1 1
github.com/maynagashev/go-metrics/internal/agent/send.go:26.12,34.4 3 0
github.com/maynagashev/go-metrics/internal/agent/send.go:36.3,38.17 2 1
github.com/maynagashev/go-metrics/internal/agent/send.go:38.17,40.4 1 0
github.com/maynagashev/go-metrics/internal/agent/send.go:43.3,52.35 2 1
github.com/maynagashev/go-metrics/internal/agent/send.go:52.35,55.4 2 1
github.com/maynagashev/go-metrics/internal/agent/send.go:58.2,58.78 1 0
github.com/maynagashev/go-metrics/internal/agent/send.go:62.54,67.29 3 1
github.com/maynagashev/go-metrics/internal/agent/send.go:67.29,70.23 2 1
github.com/maynagashev/go-metrics/internal/agent/send.go:70.23,72.4 1 1
github.com/maynagashev/go-metrics/internal/agent/send.go:76.2,77.28 2 1
github.com/maynagashev/go-metrics/internal/agent/send.go:77.28,80.3 2 1
github.com/maynagashev/go-metrics/internal/agent/send.go:83.2,83.14 1 1
github.com/maynagashev/go-metrics/internal/agent/send.go:87.90,107.16 8 1
github.com/maynagashev/go-metrics/internal/agent/send.go:107.16,109.3 1 0
github.com/maynagashev/go-metrics/internal/agent/send.go:112.2,112.33 1 1
github.com/maynagashev/go-metrics/internal/agent/send.go:112.33,115.3 2 1
github.com/maynagashev/go-metrics/internal/agent/send.go:118.2,118.29 1 1
github.com/maynagashev/go-metrics/internal/agent/send.go:118.29,121.24 3 0
github.com/maynagashev/go-metrics/internal/agent/send.go:121.24,123.4 1 0
github.com/maynagashev/go-metrics/internal/agent/send.go:124.3,125.45 2 0
github.com/maynagashev/go-metrics/internal/agent/send.go:130.2,130.26 1 1
github.com/maynagashev/go-metrics/internal/agent/send.go:130.26,133.17 3 1
github.com/maynagashev/go-metrics/internal/agent/send.go:133.17,135.4 1 0
github.com/maynagashev/go-metrics/internal/agent/send.go:138.2,141.16 3 1
github.com/maynagashev/go-metrics/internal/agent/send.go:141.16,143.3 1 0
github.com/maynagashev/go-metrics/internal/agent/send.go:146.2,146.39 1 1
github.com/maynagashev/go-metrics/internal/agent/send.go:146.39,148.3 1 1
github.com/maynagashev/go-metrics/internal/agent/send.go:150.2,150.12 1 1
github.com/maynagashev/go-metrics/internal/agent/send.go:157.43,161.2 2 1
github.com/maynagashev/go-metrics/internal/agent/send.go:164.74,166.37 1 1
github.com/maynagashev/go-metrics/internal/agent/send.go:166.37,168.3 1 1
github.com/maynagashev/go-metrics/internal/agent/send.go:169.2,169.51 1 0
github.com/maynagashev/go-metrics/internal/agent/workerpool.go:22.32,23.15 1 0
github.com/maynagashev/go-metrics/internal/agent/workerpool.go:23.15,26.3 2 0
github.com/maynagashev/go-metrics/internal/agent/workerpool.go:28.2,30.6 2 0
github.com/maynagashev/go-metrics/internal/agent/workerpool.go:30.6,31.10 1 0
github.com/maynagashev/go-metrics/internal/agent/workerpool.go:32.33,33.11 1 0
github.com/maynagashev/go-metrics/internal/agent/workerpool.go:33.11,36.5 2 0
github.com/maynagashev/go-metrics/internal/agent/workerpool.go:37.4,45.11 3 0
github.com/maynagashev/go-metrics/internal/agent/workerpool.go:46.55,46.55 0 0
github.com/maynagashev/go-metrics/internal/agent/workerpool.go:48.20,54.11 2 0
github.com/maynagashev/go-metrics/internal/agent/workerpool.go:56.19,58.10 2 0
github.com/maynagashev/go-metrics/internal/agent/workerpool.go:64.29,65.15 1 1
github.com/maynagashev/go-metrics/internal/agent/workerpool.go:65.15,68.3 2 1
github.com/maynagashev/go-metrics/internal/agent/workerpool.go:70.2,71.6 2 1
github.com/maynagashev/go-metrics/internal/agent/workerpool.go:71.6,72.10 1 1
github.com/maynagashev/go-metrics/internal/agent/workerpool.go:73.38,74.11 1 0
github.com/maynagashev/go-metrics/internal/agent/workerpool.go:74.11,77.5 2 0
github.com/maynagashev/go-metrics/internal/agent/workerpool.go:78.4,78.27 1 0
github.com/maynagashev/go-metrics/internal/agent/workerpool.go:78.27,81.5 2 0
github.com/maynagashev/go-metrics/internal/agent/workerpool.go:81.10,83.5 1 0
github.com/maynagashev/go-metrics/internal/agent/workerpool.go:84.19,86.10 2 1
github.com/maynagashev/go-metrics/internal/server/handlers/plain/update/plain_update.go:19.67,20.54 1 1
github.com/maynagashev/go-metrics/internal/server/handlers/plain/update/plain_update.go:20.54,28.37 4 1
github.com/maynagashev/go-metrics/internal/server/handlers/plain/update/plain_update.go:28.37,31.4 2 1
github.com/maynagashev/go-metrics/internal/server/handlers/plain/update/plain_update.go:33.3,38.21 5 1
github.com/maynagashev/go-metrics/internal/server/handlers/plain/update/plain_update.go:39.28,41.18 2 1
github.com/maynagashev/go-metrics/internal/server/handlers/plain/update/plain_update.go:41.18,48.5 2 0
github.com/maynagashev/go-metrics/internal/server/handlers/plain/update/plain_update.go:49.4,49.48 1 1
github.com/maynagashev/go-metrics/internal/server/handlers/plain/update/plain_update.go:50.26,52.18 2 1
github.com/maynagashev/go-metrics/internal/server/handlers/plain/update/plain_update.go:52.18,59.5 2 0
github.com/maynagashev/go-metrics/internal/server/handlers/plain/update/plain_update.go:60.4,60.48 1 1
github.com/maynagashev/go-metrics/internal/server/handlers/plain/update/plain_update.go:61.11,63.10 2 1
github.com/maynagashev/go-metrics/internal/server/handlers/plain/update/plain_update.go:67.3,68.17 2 1
github.com/maynagashev/go-metrics/internal/server/handlers/plain/update/plain_update.go:68.17,70.4 1 0
github.com/maynagashev/go-metrics/internal/server/handlers/plain/update/plain_update.go:72.3,75.9 3 1
github.com/maynagashev/go-metrics/internal/server/handlers/plain/update/plain_update.go:75.9,78.4 1 1
github.com/maynagashev/go-metrics/internal/server/handlers/plain/update/plain_update.go:78.9,80.4 1 0
github.com/maynagashev/go-metrics/internal/server/handlers/plain/update/plain_update.go:83.3,90.17 4 1
github.com/maynagashev/go-metrics/internal/server/handlers/plain/update/plain_update.go:90.17,93.4 2 0
github.com/maynagashev/go-metrics/cmd/agent/config_json.go:27.59,28.20 1 1
github.com/maynagashev/go-metrics/cmd/agent/config_json.go:28.20,30.3 1 1
github.com/maynagashev/go-metrics/cmd/agent/config_json.go:32.2,33.16 2 1
github.com/maynagashev/go-metrics/cmd/agent/config_json.go:33.16,35.3 1 1
github.com/maynagashev/go-metrics/cmd/agent/config_json.go:37.2,39.20 3 1
github.com/maynagashev/go-metrics/cmd/agent/config_json.go:39.20,41.3 1 1
github.com/maynagashev/go-metrics/cmd/agent/config_json.go:43.2,43.21 1 1
github.com/maynagashev/go-metrics/cmd/agent/config_json.go:48.66,49.23 1 1
github.com/maynagashev/go-metrics/cmd/agent/config_json.go:49.23,51.3 1 1
github.com/maynagashev/go-metrics/cmd/agent/config_json.go:57.2,57.77 1 1
github.com/maynagashev/go-metrics/cmd/agent/config_json.go:57.77,59.3 1 1
github.com/maynagashev/go-metrics/cmd/agent/config_json.go:62.2,62.93 1 1
github.com/maynagashev/go-metrics/cmd/agent/config_json.go:62.93,64.17 2 1
github.com/maynagashev/go-metrics/cmd/agent/config_json.go:64.17,66.4 1 1
github.com/maynagashev/go-metrics/cmd/agent/config_json.go:67.3,67.51 1 1
github.com/maynagashev/go-metrics/cmd/agent/config_json.go:71.2,71.87 1 1
github.com/maynagashev/go-metrics/cmd/agent/config_json.go:71.87,73.17 2 1
github.com/maynagashev/go-metrics/cmd/agent/config_json.go:73.17,75.4 1 0
github.com/maynagashev/go-metrics/cmd/agent/config_json.go:76.3,76.49 1 1
github.com/maynagashev/go-metrics/cmd/agent/config_json.go:80.2,80.57 1 1
github.com/maynagashev/go-metrics/cmd/agent/config_json.go:80.57,82.3 1 1
github.com/maynagashev/go-metrics/cmd/agent/config_json.go:85.2,85.69 1 1
github.com/maynagashev/go-metrics/cmd/agent/config_json.go:85.69,87.3 1 1
github.com/maynagashev/go-metrics/cmd/agent/config_json.go:90.2,90.50 1 1
github.com/maynagashev/go-metrics/cmd/agent/config_json.go:90.50,92.3 1 1
github.com/maynagashev/go-metrics/cmd/agent/config_json.go:95.2,95.71 1 1
github.com/maynagashev/go-metrics/cmd/agent/config_json.go:95.71,97.3 1 1
github.com/maynagashev/go-metrics/cmd/agent/config_json.go:99.2,99.12 1 1
github.com/maynagashev/go-metrics/cmd/agent/flags.go:37.29,56.2 7 1
github.com/maynagashev/go-metrics/cmd/agent/flags.go:59.45,97.2 10 1
github.com/maynagashev/go-metrics/cmd/agent/flags.go:100.46,103.64 1 1
github.com/maynagashev/go-metrics/cmd/agent/flags.go:103.64,105.3 1 1
github.com/maynagashev/go-metrics/cmd/agent/flags.go:106.2,106.80 1 1
github.com/maynagashev/go-metrics/cmd/agent/flags.go:106.80,108.17 2 1
github.com/maynagashev/go-metrics/cmd/agent/flags.go:108.17,109.67 1 1
github.com/maynagashev/go-metrics/cmd/agent/flags.go:111.3,111.34 1 1
github.com/maynagashev/go-metrics/cmd/agent/flags.go:113.2,113.74 1 1
github.com/maynagashev/go-metrics/cmd/agent/flags.go:113.74,115.17 2 1
github.com/maynagashev/go-metrics/cmd/agent/flags.go:115.17,116.65 1 1
github.com/maynagashev/go-metrics/cmd/agent/flags.go:118.3,118.32 1 1
github.com/maynagashev/go-metrics/cmd/agent/flags.go:120.2,120.50 1 1
github.com/maynagashev/go-metrics/cmd/agent/flags.go:120.50,122.3 1 1
github.com/maynagashev/go-metrics/cmd/agent/flags.go:123.2,123.56 1 1
github.com/maynagashev/go-metrics/cmd/agent/flags.go:123.56,125.3 1 0
github.com/maynagashev/go-metrics/cmd/agent/flags.go:126.2,126.56 1 1
github.com/maynagashev/go-metrics/cmd/agent/flags.go:126.56,128.17 2 1
github.com/maynagashev/go-metrics/cmd/agent/flags.go:128.17,129.62 1 1
github.com/maynagashev/go-metrics/cmd/agent/flags.go:131.3,131.22 1 1
github.com/maynagashev/go-metrics/cmd/agent/flags.go:135.2,135.53 1 1
github.com/maynagashev/go-metrics/cmd/agent/flags.go:135.53,137.3 1 0
github.com/maynagashev/go-metrics/cmd/agent/flags.go:141.36,144.22 2 1
github.com/maynagashev/go-metrics/cmd/agent/flags.go:144.22,146.54 1 1
github.com/maynagashev/go-metrics/cmd/agent/flags.go:146.54,148.4 1 1
github.com/maynagashev/go-metrics/cmd/agent/flags.go:149.3,149.65 1 0
github.com/maynagashev/go-metrics/cmd/agent/flags.go:153.2,154.21 2 0
github.com/maynagashev/go-metrics/cmd/agent/flags.go:154.21,155.60 1 0
github.com/maynagashev/go-metrics/cmd/agent/flags.go:160.34,161.25 1 1
github.com/maynagashev/go-metrics/cmd/agent/flags.go:161.25,162.46 1 1
github.com/maynagashev/go-metrics/cmd/agent/flags.go:166.2,166.47 1 1
github.com/maynagashev/go-metrics/cmd/agent/flags.go:166.47,168.3 1 1
github.com/maynagashev/go-metrics/cmd/agent/flags.go:169.2,169.45 1 1
github.com/maynagashev/go-metrics/cmd/agent/flags.go:169.45,171.3 1 1
github.com/maynagashev/go-metrics/cmd/agent/main.go:31.21,35.2 3 1
github.com/maynagashev/go-metrics/cmd/agent/main.go:37.13,48.27 7 1
github.com/maynagashev/go-metrics/cmd/agent/main.go:48.27,51.17 3 0
github.com/maynagashev/go-metrics/cmd/agent/main.go:51.17,54.4 2 0
github.com/maynagashev/go-metrics/cmd/agent/main.go:55.3,55.73 1 0
github.com/maynagashev/go-metrics/cmd/agent/main.go:58.2,81.12 9 1
github.com/maynagashev/go-metrics/cmd/agent/main.go:81.12,85.3 3 1
github.com/maynagashev/go-metrics/cmd/agent/main.go:88.2,88.12 1 1
github.com/maynagashev/go-metrics/cmd/agent/main.go:91.19,103.2 4 1
github.com/maynagashev/go-metrics/cmd/agent/pprof.go:15.29,16.23 1 1
github.com/maynagashev/go-metrics/cmd/agent/pprof.go:16.23,19.3 2 1
github.com/maynagashev/go-metrics/cmd/agent/pprof.go:22.35,23.21 1 1
github.com/maynagashev/go-metrics/cmd/agent/pprof.go:23.21,24.13 1 1
github.com/maynagashev/go-metrics/cmd/agent/pprof.go:24.13,33.78 2 1
github.com/maynagashev/go-metrics/cmd/agent/pprof.go:33.78,35.5 1 1
github.com/maynagashev/go-metrics/internal/server/app/app.go:31.31,35.2 1 1
github.com/maynagashev/go-metrics/internal/server/app/app.go:40.63,56.12 4 0
github.com/maynagashev/go-metrics/internal/server/app/app.go:56.12,59.3 2 0
github.com/maynagashev/go-metrics/internal/server/app/app.go:62.2,66.9 3 0
github.com/maynagashev/go-metrics/internal/server/app/app.go:67.29,68.44 1 0
github.com/maynagashev/go-metrics/internal/server/app/app.go:69.25,77.50 4 0
github.com/maynagashev/go-metrics/internal/server/app/app.go:77.50,79.55 2 0
github.com/maynagashev/go-metrics/internal/server/app/app.go:79.55,81.5 1 0
github.com/maynagashev/go-metrics/internal/server/app/app.go:82.9,84.4 1 0
github.com/maynagashev/go-metrics/internal/server/app/app.go:87.3,87.10 1 0
github.com/maynagashev/go-metrics/internal/server/app/app.go:88.21,89.42 1 0
github.com/maynagashev/go-metrics/internal/server/app/app.go:90.40,91.48 1 0
github.com/maynagashev/go-metrics/internal/server/app/app.go:97.41,99.2 1 1
github.com/maynagashev/go-metrics/internal/server/app/config.go:41.38,57.27 2 1
github.com/maynagashev/go-metrics/internal/server/app/config.go:57.27,60.17 3 0
github.com/maynagashev/go-metrics/internal/server/app/config.go:60.17,63.4 2 0
github.com/maynagashev/go-metrics/internal/server/app/config.go:64.3,64.74 1 0
github.com/maynagashev/go-metrics/internal/server/app/config.go:67.2,67.12 1 1
github.com/maynagashev/go-metrics/internal/server/app/config.go:71.42,73.2 1 1
github.com/maynagashev/go-metrics/internal/server/app/config.go:76.44,78.2 1 1
github.com/maynagashev/go-metrics/internal/server/app/config.go:81.42,83.2 1 1
github.com/maynagashev/go-metrics/internal/server/app/config.go:86.39,88.2 1 1
github.com/maynagashev/go-metrics/internal/server/app/config.go:91.43,93.2 1 1
github.com/maynagashev/go-metrics/internal/server/app/config.go:96.45,98.2 1 1
github.com/maynagashev/go-metrics/internal/server/app/config.go:101.51,103.2 1 1
github.com/maynagashev/go-metrics/internal/server/app/config.go:106.47,108.2 1 1
github.com/maynagashev/go-metrics/internal/server/app/config_json.go:21.33,23.2 1 1
github.com/maynagashev/go-metrics/internal/server/app/config_json.go:26.33,28.2 1 1
github.com/maynagashev/go-metrics/internal/server/app/config_json.go:31.38,33.2 1 1
github.com/maynagashev/go-metrics/internal/server/app/config_json.go:48.59,49.20 1 1
github.com/maynagashev/go-metrics/internal/server/app/config_json.go:49.20,51.3 1 1
github.com/maynagashev/go-metrics/internal/server/app/config_json.go:53.2,54.16 2 1
github.com/maynagashev/go-metrics/internal/server/app/config_json.go:54.16,56.3 1 1
github.com/maynagashev/go-metrics/internal/server/app/config_json.go:58.2,60.20 3 1
github.com/maynagashev/go-metrics/internal/server/app/config_json.go:60.20,62.3 1 1
github.com/maynagashev/go-metrics/internal/server/app/config_json.go:64.2,64.21 1 1
github.com/maynagashev/go-metrics/internal/server/app/config_json.go:69.66,70.23 1 1
github.com/maynagashev/go-metrics/internal/server/app/config_json.go:70.23,72.3 1 1
github.com/maynagashev/go-metrics/internal/server/app/config_json.go:78.2,78.72 1 1
github.com/maynagashev/go-metrics/internal/server/app/config_json.go:78.72,80.3 1 1
github.com/maynagashev/go-metrics/internal/server/app/config_json.go:83.2,83.90 1 1
github.com/maynagashev/go-metrics/internal/server/app/config_json.go:83.90,85.25 2 1
github.com/maynagashev/go-metrics/internal/server/app/config_json.go:85.25,87.4 1 1
github.com/maynagashev/go-metrics/internal/server/app/config_json.go:88.3,88.55 1 1
github.com/maynagashev/go-metrics/internal/server/app/config_json.go:92.2,92.90 1 1
github.com/maynagashev/go-metrics/internal/server/app/config_json.go:92.90,94.3 1 1
github.com/maynagashev/go-metrics/internal/server/app/config_json.go:97.2,97.49 1 1
github.com/maynagashev/go-metrics/internal/server/app/config_json.go:97.49,99.3 1 1
github.com/maynagashev/go-metrics/internal/server/app/config_json.go:102.2,102.62 1 1
github.com/maynagashev/go-metrics/internal/server/app/config_json.go:102.62,104.3 1 1
github.com/maynagashev/go-metrics/internal/server/app/config_json.go:107.2,107.57 1 1
github.com/maynagashev/go-metrics/internal/server/app/config_json.go:107.57,109.3 1 1
github.com/maynagashev/go-metrics/internal/server/app/config_json.go:112.2,112.57 1 1
github.com/maynagashev/go-metrics/internal/server/app/config_json.go:112.57,114.3 1 1
github.com/maynagashev/go-metrics/internal/server/app/config_json.go:116.2,116.12 1 1
github.com/maynagashev/go-metrics/internal/server/app/flags.go:40.35,50.58 4 1
github.com/maynagashev/go-metrics/internal/server/app/flags.go:50.58,52.3 1 0
github.com/maynagashev/go-metrics/internal/server/app/flags.go:55.2,55.55 1 1
github.com/maynagashev/go-metrics/internal/server/app/flags.go:55.55,57.3 1 0
github.com/maynagashev/go-metrics/internal/server/app/flags.go:59.2,59.20 1 1
github.com/maynagashev/go-metrics/internal/server/app/flags.go:63.45,120.2 11 1
github.com/maynagashev/go-metrics/internal/server/app/flags.go:123.52,127.58 1 1
github.com/maynagashev/go-metrics/internal/server/app/flags.go:127.58,129.3 1 0
github.com/maynagashev/go-metrics/internal/server/app/flags.go:130.2,130.77 1 1
github.com/maynagashev/go-metrics/internal/server/app/flags.go:130.77,132.17 2 0
github.com/maynagashev/go-metrics/internal/server/app/flags.go:132.17,134.4 1 0
github.com/maynagashev/go-metrics/internal/server/app/flags.go:135.3,135.45 1 0
github.com/maynagashev/go-metrics/internal/server/app/flags.go:139.2,139.69 1 1
github.com/maynagashev/go-metrics/internal/server/app/flags.go:139.69,141.3 1 0
github.com/maynagashev/go-metrics/internal/server/app/flags.go:143.2,143.51 1 1
github.com/maynagashev/go-metrics/internal/server/app/flags.go:143.51,145.17 2 0
github.com/maynagashev/go-metrics/internal/server/app/flags.go:145.17,147.4 1 0
github.com/maynagashev/go-metrics/internal/server/app/flags.go:148.3,148.33 1 0
github.com/maynagashev/go-metrics/internal/server/app/flags.go:152.2,152.60 1 1
github.com/maynagashev/go-metrics/internal/server/app/flags.go:152.60,154.3 1 0
github.com/maynagashev/go-metrics/internal/server/app/flags.go:157.2,157.50 1 1
github.com/maynagashev/go-metrics/internal/server/app/flags.go:157.50,159.3 1 0
github.com/maynagashev/go-metrics/internal/server/app/flags.go:162.2,162.56 1 1
github.com/maynagashev/go-metrics/internal/server/app/flags.go:162.56,164.3 1 0
github.com/maynagashev/go-metrics/internal/server/app/flags.go:167.2,167.53 1 1
github.com/maynagashev/go-metrics/internal/server/app/flags.go:167.53,169.3 1 0
github.com/maynagashev/go-metrics/internal/server/app/flags.go:171.2,171.12 1 1
github.com/maynagashev/go-metrics/internal/server/app/flags.go:175.49,178.20 2 1
github.com/maynagashev/go-metrics/internal/server/app/flags.go:178.20,180.52 1 1
github.com/maynagashev/go-metrics/internal/server/app/flags.go:180.52,182.4 1 1
github.com/maynagashev/go-metrics/internal/server/app/flags.go:183.3,183.17 1 0
github.com/maynagashev/go-metrics/internal/server/app/flags.go:187.2,187.43 1 0
github.com/maynagashev/go-metrics/internal/server/handlers/plain/value/plain_value.go:15.55,16.54 1 1
github.com/maynagashev/go-metrics/internal/server/handlers/plain/value/plain_value.go:16.54,23.10 5 1
github.com/maynagashev/go-metrics/internal/server/handlers/plain/value/plain_value.go:23.10,30.4 2 1
github.com/maynagashev/go-metrics/internal/server/handlers/plain/value/plain_value.go:32.3,33.17 2 1
github.com/maynagashev/go-metrics/internal/server/handlers/plain/value/plain_value.go:33.17,35.4 1 0
github.com/maynagashev/go-metrics/cmd/keygen/main.go:31.13,40.16 4 1
github.com/maynagashev/go-metrics/cmd/keygen/main.go:40.16,44.3 3 0
github.com/maynagashev/go-metrics/cmd/keygen/main.go:47.2,48.19 2 1
github.com/maynagashev/go-metrics/cmd/keygen/main.go:48.19,52.3 3 0
github.com/maynagashev/go-metrics/cmd/keygen/main.go:54.2,58.161 2 1
github.com/maynagashev/go-metrics/cmd/keygen/main.go:62.21,67.2 1 1
github.com/maynagashev/go-metrics/cmd/keygen/main.go:70.60,71.17 1 1
github.com/maynagashev/go-metrics/cmd/keygen/main.go:71.17,73.3 1 1
github.com/maynagashev/go-metrics/cmd/keygen/main.go:74.2,74.14 1 1
github.com/maynagashev/go-metrics/cmd/keygen/main.go:78.48,93.33 6 1
github.com/maynagashev/go-metrics/cmd/keygen/main.go:93.33,98.3 1 1
github.com/maynagashev/go-metrics/cmd/keygen/main.go:100.2,100.64 1 1
github.com/maynagashev/go-metrics/cmd/keygen/main.go:104.76,107.2 2 1
github.com/maynagashev/go-metrics/cmd/keygen/main.go:110.19,122.2 4 1
github.com/maynagashev/go-metrics/internal/server/middleware/decompress/decompress.go:12.64,14.46 1 1
github.com/maynagashev/go-metrics/internal/server/middleware/decompress/decompress.go:14.46,18.54 2 1
github.com/maynagashev/go-metrics/internal/server/middleware/decompress/decompress.go:18.54,20.50 1 1
github.com/maynagashev/go-metrics/internal/server/middleware/decompress/decompress.go:20.50,24.19 3 1
github.com/maynagashev/go-metrics/internal/server/middleware/decompress/decompress.go:24.19,32.6 3 1
github.com/maynagashev/go-metrics/internal/server/middleware/decompress/decompress.go:34.5,34.18 1 1
github.com/maynagashev/go-metrics/internal/server/middleware/decompress/decompress.go:34.18,36.20 2 1
github.com/maynagashev/go-metrics/internal/server/middleware/decompress/decompress.go:36.20,44.7 3 0
github.com/maynagashev/go-metrics/internal/server/middleware/decompress/decompress.go:48.5,48.16 1 1
github.com/maynagashev/go-metrics/internal/server/middleware/decompress/decompress.go:50.4,50.24 1 1
github.com/maynagashev/go-metrics/internal/server/middleware/decompress/decompress.go:52.3,52.30 1 1
github.com/maynagashev/go-metrics/internal/server/middleware/decompresspool/decompresspool.go:22.64,26.28 1 1
github.com/maynagashev/go-metrics/internal/server/middleware/decompresspool/decompresspool.go:26.28,28.5 1 1
github.com/maynagashev/go-metrics/internal/server/middleware/decompresspool/decompresspool.go:31.28,33.5 1 1
github.com/maynagashev/go-metrics/internal/server/middleware/decompresspool/decompresspool.go:37.2,37.18 1 1
github.com/maynagashev/go-metrics/internal/server/middleware/decompresspool/decompresspool.go:41.62,44.71 2 1
github.com/maynagashev/go-metrics/internal/server/middleware/decompresspool/decompresspool.go:44.71,45.49 1 1
github.com/maynagashev/go-metrics/internal/server/middleware/decompresspool/decompresspool.go:45.49,48.4 2 1
github.com/maynagashev/go-metrics/internal/server/middleware/decompresspool/decompresspool.go:50.3,54.10 3 1
github.com/maynagashev/go-metrics/internal/server/middleware/decompresspool/decompresspool.go:54.10,58.4 3 0
github.com/maynagashev/go-metrics/internal/server/middleware/decompresspool/decompresspool.go:61.3,61.46 1 1
github.com/maynagashev/go-metrics/internal/server/middleware/decompresspool/decompresspool.go:61.46,66.4 4 1
github.com/maynagashev/go-metrics/internal/server/middleware/decompresspool/decompresspool.go:69.3,70.10 2 1
github.com/maynagashev/go-metrics/internal/server/middleware/decompresspool/decompresspool.go:70.10,75.4 4 0
github.com/maynagashev/go-metrics/internal/server/middleware/decompresspool/decompresspool.go:78.3,86.23 6 1
github.com/maynagashev/go-metrics/internal/server/middleware/decompresspool/decompresspool.go:98.41,100.42 1 0
github.com/maynagashev/go-metrics/internal/server/middleware/decompresspool/decompresspool.go:100.42,103.3 2 0
github.com/maynagashev/go-metrics/internal/server/middleware/decompresspool/decompresspool.go:106.2,106.48 1 0
github.com/maynagashev/go-metrics/internal/server/middleware/decompresspool/decompresspool.go:106.48,109.3 2 0
github.com/maynagashev/go-metrics/internal/server/middleware/decompresspool/decompresspool.go:112.2,123.12 7 0
github.com/maynagashev/go-metrics/internal/server/middleware/logger/logger.go:16.64,17.46 1 1
github.com/maynagashev/go-metrics/internal/server/middleware/logger/logger.go:17.46,20.54 2 1
github.com/maynagashev/go-metrics/internal/server/middleware/logger/logger.go:20.54,39.17 6 1
github.com/maynagashev/go-metrics/internal/server/middleware/logger/logger.go:39.17,47.5 1 1
github.com/maynagashev/go-metrics/internal/server/middleware/logger/logger.go:49.4,49.25 1 1
github.com/maynagashev/go-metrics/internal/server/middleware/logger/logger.go:53.3,53.30 1 1
github.com/maynagashev/go-metrics/internal/server/middleware/logger/logger.go:57.63,59.16 2 1
github.com/maynagashev/go-metrics/internal/server/middleware/logger/logger.go:59.16,62.3 2 0
github.com/maynagashev/go-metrics/internal/server/middleware/logger/logger.go:63.2,63.15 1 1
github.com/maynagashev/go-metrics/internal/server/middleware/logger/logger.go:63.15,64.50 1 1
github.com/maynagashev/go-metrics/internal/server/middleware/logger/logger.go:64.50,66.4 1 0
github.com/maynagashev/go-metrics/internal/server/middleware/logger/logger.go:70.2,71.16 2 1
github.com/maynagashev/go-metrics/internal/server/storage/storage.go:17.32,19.2 1 1
github.com/maynagashev/go-metrics/internal/server/storage/storage.go:20.34,22.2 1 1
github.com/maynagashev/go-metrics/internal/server/storage/memory/memory.go:31.80,41.28 3 1
github.com/maynagashev/go-metrics/internal/server/storage/memory/memory.go:41.28,43.17 2 1
github.com/maynagashev/go-metrics/internal/server/storage/memory/memory.go:43.17,45.4 1 1
github.com/maynagashev/go-metrics/internal/server/storage/memory/memory.go:49.2,49.33 1 1
github.com/maynagashev/go-metrics/internal/server/storage/memory/memory.go:49.33,50.31 1 0
github.com/maynagashev/go-metrics/internal/server/storage/memory/memory.go:51.23,52.27 1 0
github.com/maynagashev/go-metrics/internal/server/storage/memory/memory.go:53.25,54.29 1 0
github.com/maynagashev/go-metrics/internal/server/storage/memory/memory.go:59.2,59.48 1 1
github.com/maynagashev/go-metrics/internal/server/storage/memory/memory.go:59.48,61.13 2 0
github.com/maynagashev/go-metrics/internal/server/storage/memory/memory.go:61.13,62.8 1 0
github.com/maynagashev/go-metrics/internal/server/storage/memory/memory.go:62.8,72.19 4 0
github.com/maynagashev/go-metrics/internal/server/storage/memory/memory.go:72.19,74.6 1 0
github.com/maynagashev/go-metrics/internal/server/storage/memory/memory.go:79.2,79.19 1 1
github.com/maynagashev/go-metrics/internal/server/storage/memory/memory.go:82.37,83.54 1 1
github.com/maynagashev/go-metrics/internal/server/storage/memory/memory.go:83.54,85.3 1 0
github.com/maynagashev/go-metrics/internal/server/storage/memory/memory.go:86.2,86.12 1 1
github.com/maynagashev/go-metrics/internal/server/storage/memory/memory.go:90.81,92.2 1 1
github.com/maynagashev/go-metrics/internal/server/storage/memory/memory.go:95.88,97.2 1 1
github.com/maynagashev/go-metrics/internal/server/storage/memory/memory.go:100.84,101.22 1 1
github.com/maynagashev/go-metrics/internal/server/storage/memory/memory.go:102.25,103.26 1 1
github.com/maynagashev/go-metrics/internal/server/storage/memory/memory.go:103.26,105.4 1 0
github.com/maynagashev/go-metrics/internal/server/storage/memory/memory.go:106.3,106.60 1 1
github.com/maynagashev/go-metrics/internal/server/storage/memory/memory.go:107.27,108.26 1 1
github.com/maynagashev/go-metrics/internal/server/storage/memory/memory.go:108.26,110.4 1 0
github.com/maynagashev/go-metrics/internal/server/storage/memory/memory.go:111.3,111.67 1 1
github.com/maynagashev/go-metrics/internal/server/storage/memory/memory.go:112.10,113.65 1 1
github.com/maynagashev/go-metrics/internal/server/storage/memory/memory.go:117.2,117.53 1 1
github.com/maynagashev/go-metrics/internal/server/storage/memory/memory.go:117.53,119.17 2 1
github.com/maynagashev/go-metrics/internal/server/storage/memory/memory.go:119.17,124.4 1 0
github.com/maynagashev/go-metrics/internal/server/storage/memory/memory.go:126.2,126.12 1 1
github.com/maynagashev/go-metrics/internal/server/storage/memory/memory.go:129.88,130.29 1 1
github.com/maynagashev/go-metrics/internal/server/storage/memory/memory.go:130.29,132.17 2 1
github.com/maynagashev/go-metrics/internal/server/storage/memory/memory.go:132.17,134.4 1 0
github.com/maynagashev/go-metrics/internal/server/storage/memory/memory.go:136.2,136.12 1 1
github.com/maynagashev/go-metrics/internal/server/storage/memory/memory.go:139.50,141.2 1 1
github.com/maynagashev/go-metrics/internal/server/storage/memory/memory.go:143.54,145.2 1 1
github.com/maynagashev/go-metrics/internal/server/storage/memory/memory.go:147.86,150.2 2 1
github.com/maynagashev/go-metrics/internal/server/storage/memory/memory.go:152.90,155.2 2 1
github.com/maynagashev/go-metrics/internal/server/storage/memory/memory.go:157.52,159.2 1 1
github.com/maynagashev/go-metrics/internal/server/storage/memory/memory.go:165.26,166.15 1 1
github.com/maynagashev/go-metrics/internal/server/storage/memory/memory.go:167.27,173.8 2 1
github.com/maynagashev/go-metrics/internal/server/storage/memory/memory.go:174.25,180.8 2 1
github.com/maynagashev/go-metrics/internal/server/storage/memory/memory.go:182.2,182.32 1 0
github.com/maynagashev/go-metrics/internal/server/storage/memory/memory.go:186.72,188.40 2 1
github.com/maynagashev/go-metrics/internal/server/storage/memory/memory.go:188.40,193.3 1 1
github.com/maynagashev/go-metrics/internal/server/storage/memory/memory.go:194.2,194.42 1 1
github.com/maynagashev/go-metrics/internal/server/storage/memory/memory.go:194.42,199.3 1 1
github.com/maynagashev/go-metrics/internal/server/storage/memory/memory.go:201.2,201.14 1 1
github.com/maynagashev/go-metrics/internal/server/storage/memory/memory.go:205.50,215.35 5 1
github.com/maynagashev/go-metrics/internal/server/storage/memory/memory.go:215.35,218.17 2 1
github.com/maynagashev/go-metrics/internal/server/storage/memory/memory.go:218.17,219.9 1 1
github.com/maynagashev/go-metrics/internal/server/storage/memory/memory.go:221.3,222.53 2 0
github.com/maynagashev/go-metrics/internal/server/storage/memory/memory.go:225.2,225.16 1 1
github.com/maynagashev/go-metrics/internal/server/storage/memory/memory.go:225.16,227.3 1 0
github.com/maynagashev/go-metrics/internal/server/storage/memory/memory.go:230.2,230.15 1 1
github.com/maynagashev/go-metrics/internal/server/storage/memory/memory.go:230.15,232.17 2 1
github.com/maynagashev/go-metrics/internal/server/storage/memory/memory.go:232.17,234.4 1 0
github.com/maynagashev/go-metrics/internal/server/storage/memory/memory.go:238.2,241.16 4 1
github.com/maynagashev/go-metrics/internal/server/storage/memory/memory.go:241.16,243.3 1 0
github.com/maynagashev/go-metrics/internal/server/storage/memory/memory.go:245.2,245.12 1 1
github.com/maynagashev/go-metrics/internal/server/storage/memory/memory.go:249.54,255.16 4 1
github.com/maynagashev/go-metrics/internal/server/storage/memory/memory.go:255.16,257.3 1 0
github.com/maynagashev/go-metrics/internal/server/storage/memory/memory.go:258.2,258.15 1 1
github.com/maynagashev/go-metrics/internal/server/storage/memory/memory.go:258.15,260.17 2 1
github.com/maynagashev/go-metrics/internal/server/storage/memory/memory.go:260.17,262.4 1 0
github.com/maynagashev/go-metrics/internal/server/storage/memory/memory.go:266.2,269.16 4 1
github.com/maynagashev/go-metrics/internal/server/storage/memory/memory.go:269.16,271.3 1 1
github.com/maynagashev/go-metrics/internal/server/storage/memory/memory.go:274.2,274.24 1 1
github.com/maynagashev/go-metrics/internal/server/storage/memory/memory.go:274.24,276.17 2 1
github.com/maynagashev/go-metrics/internal/server/storage/memory/memory.go:276.17,278.4 1 0
github.com/maynagashev/go-metrics/internal/server/storage/memory/memory.go:282.2,287.12 2 1
github.com/maynagashev/go-metrics/internal/server/router/router.go:26.86,58.24 17 1
github.com/maynagashev/go-metrics/internal/server/router/router.go:58.24,60.46 2 1
github.com/maynagashev/go-metrics/internal/server/router/router.go:60.46,74.4 11 1
github.com/maynagashev/go-metrics/internal/server/router/router.go:77.2,77.10 1 1
github.com/maynagashev/go-metrics/internal/server/storage/pgstorage/migration/migration.go:17.50,21.16 4 0
github.com/maynagashev/go-metrics/internal/server/storage/pgstorage/migration/migration.go:21.16,22.13 1 0
github.com/maynagashev/go-metrics/internal/server/storage/pgstorage/migration/migration.go:25.2,25.30 1 0
github.com/maynagashev/go-metrics/internal/server/storage/pgstorage/migration/migration.go:25.30,26.42 1 0
github.com/maynagashev/go-metrics/internal/server/storage/pgstorage/migration/migration.go:26.42,29.4 2 0
github.com/maynagashev/go-metrics/internal/server/storage/pgstorage/migration/migration.go:30.3,30.13 1 0
github.com/maynagashev/go-metrics/internal/server/storage/pgstorage/migration/migration.go:33.2,34.12 2 0
github.com/maynagashev/go-metrics/pkg/middleware/crypto/crypto.go:29.37,31.2 1 0
github.com/maynagashev/go-metrics/pkg/middleware/crypto/crypto.go:34.79,42.2 2 1
github.com/maynagashev/go-metrics/pkg/middleware/crypto/crypto.go:45.62,46.71 1 1
github.com/maynagashev/go-metrics/pkg/middleware/crypto/crypto.go:46.71,48.20 1 1
github.com/maynagashev/go-metrics/pkg/middleware/crypto/crypto.go:48.20,51.4 2 0
github.com/maynagashev/go-metrics/pkg/middleware/crypto/crypto.go:54.3,55.17 2 1
github.com/maynagashev/go-metrics/pkg/middleware/crypto/crypto.go:55.17,59.4 3 0
github.com/maynagashev/go-metrics/pkg/middleware/crypto/crypto.go:60.3,64.10 3 1
github.com/maynagashev/go-metrics/pkg/middleware/crypto/crypto.go:64.10,66.4 1 1
github.com/maynagashev/go-metrics/pkg/middleware/crypto/crypto.go:69.3,77.41 5 1
github.com/maynagashev/go-metrics/pkg/middleware/crypto/crypto.go:77.41,82.4 1 1
github.com/maynagashev/go-metrics/pkg/middleware/crypto/crypto.go:84.3,84.23 1 1
github.com/maynagashev/go-metrics/pkg/middleware/crypto/crypto.go:93.18,96.9 2 1
github.com/maynagashev/go-metrics/pkg/middleware/crypto/crypto.go:96.9,98.3 1 0
github.com/maynagashev/go-metrics/pkg/middleware/crypto/crypto.go:101.2,101.72 1 1
github.com/maynagashev/go-metrics/pkg/middleware/crypto/crypto.go:101.72,103.3 1 1
github.com/maynagashev/go-metrics/pkg/middleware/crypto/crypto.go:105.2,105.28 1 1
github.com/maynagashev/go-metrics/pkg/middleware/crypto/crypto.go:113.18,114.49 1 1
github.com/maynagashev/go-metrics/pkg/middleware/crypto/crypto.go:114.49,116.3 1 1
github.com/maynagashev/go-metrics/pkg/middleware/crypto/crypto.go:118.2,118.37 1 0
github.com/maynagashev/go-metrics/pkg/middleware/crypto/crypto.go:118.37,122.3 3 0
github.com/maynagashev/go-metrics/pkg/middleware/crypto/crypto.go:124.2,126.16 3 0
github.com/maynagashev/go-metrics/pkg/middleware/crypto/crypto.go:126.16,130.3 3 0
github.com/maynagashev/go-metrics/pkg/middleware/crypto/crypto.go:132.2,132.24 1 0
github.com/maynagashev/go-metrics/pkg/middleware/crypto/crypto.go:140.8,141.41 1 1
github.com/maynagashev/go-metrics/pkg/middleware/crypto/crypto.go:141.41,143.3 1 0
github.com/maynagashev/go-metrics/pkg/middleware/crypto/crypto.go:145.2,146.27 2 1
github.com/maynagashev/go-metrics/pkg/middleware/crypto/crypto.go:146.27,148.3 1 1
github.com/maynagashev/go-metrics/pkg/middleware/crypto/crypto.go:150.2,157.17 3 1
github.com/maynagashev/go-metrics/pkg/middleware/crypto/crypto.go:157.17,161.3 3 1
github.com/maynagashev/go-metrics/pkg/middleware/crypto/crypto.go:163.2,163.13 1 1
github.com/maynagashev/go-metrics/pkg/middleware/crypto/crypto.go:173.61,182.2 3 1
github.com/maynagashev/go-metrics/pkg/middleware/gzip/compress.go:13.44,18.16 3 1
github.com/maynagashev/go-metrics/pkg/middleware/gzip/compress.go:18.16,20.3 1 0
github.com/maynagashev/go-metrics/pkg/middleware/gzip/compress.go:23.2,24.16 2 1
github.com/maynagashev/go-metrics/pkg/middleware/gzip/compress.go:24.16,26.3 1 0
github.com/maynagashev/go-metrics/pkg/middleware/gzip/compress.go:31.2,32.16 2 1
github.com/maynagashev/go-metrics/pkg/middleware/gzip/compress.go:32.16,34.3 1 0
github.com/maynagashev/go-metrics/pkg/middleware/gzip/compress.go:36.2,36.23 1 1
github.com/maynagashev/go-metrics/pkg/response/response.go:22.44,28.2 2 1
github.com/maynagashev/go-metrics/pkg/response/response.go:30.62,36.2 2 1
github.com/maynagashev/go-metrics/pkg/response/response.go:39.74,45.16 4 1
github.com/maynagashev/go-metrics/pkg/response/response.go:45.16,48.3 2 0
github.com/maynagashev/go-metrics/pkg/response/response.go:51.2,52.16 2 1
github.com/maynagashev/go-metrics/pkg/response/response.go:52.16,55.3 2 1
github.com/maynagashev/go-metrics/pkg/sign/sign.go:16.56,18.41 2 1
github.com/maynagashev/go-metrics/pkg/sign/sign.go:18.41,22.3 1 0
github.com/maynagashev/go-metrics/pkg/sign/sign.go:23.2,23.39 1 1
github.com/maynagashev/go-metrics/pkg/sign/sign.go:27.84,31.23 1 1
github.com/maynagashev/go-metrics/pkg/sign/sign.go:31.23,33.3 1 1
github.com/maynagashev/go-metrics/pkg/sign/sign.go:35.2,37.51 2 1
github.com/maynagashev/go-metrics/pkg/sign/sign.go:37.51,39.3 1 1
github.com/maynagashev/go-metrics/pkg/sign/sign.go:41.2,41.17 1 1
github.com/maynagashev/go-metrics/internal/server/storage/pgstorage/migration/migration.go:17.50,21.16 4 0
github.com/maynagashev/go-metrics/internal/server/storage/pgstorage/migration/migration.go:21.16,22.13 1 0
github.com/maynagashev/go-metrics/internal/server/storage/pgstorage/migration/migration.go:25.2,25.30 1 0
github.com/maynagashev/go-metrics/internal/server/storage/pgstorage/migration/migration.go:25.30,26.42 1 0
github.com/maynagashev/go-metrics/internal/server/storage/pgstorage/migration/migration.go:26.42,29.4 2 0
github.com/maynagashev/go-metrics/internal/server/storage/pgstorage/migration/migration.go:30.3,30.13 1 0
github.com/maynagashev/go-metrics/internal/server/storage/pgstorage/migration/migration.go:33.2,34.12 2 0
github.com/maynagashev/go-metrics/mocks/Repository.go:19.37,22.19 2 1
github.com/maynagashev/go-metrics/mocks/Repository.go:22.19,23.47 1 0
github.com/maynagashev/go-metrics/mocks/Repository.go:26.2,27.45 2 1
github.com/maynagashev/go-metrics/mocks/Repository.go:27.45,29.3 1 0
github.com/maynagashev/go-metrics/mocks/Repository.go:29.8,31.3 1 1
github.com/maynagashev/go-metrics/mocks/Repository.go:33.2,33.11 1 1
github.com/maynagashev/go-metrics/mocks/Repository.go:37.35,40.19 2 1
github.com/maynagashev/go-metrics/mocks/Repository.go:40.19,41.47 1 0
github.com/maynagashev/go-metrics/mocks/Repository.go:44.2,45.43 2 1
github.com/maynagashev/go-metrics/mocks/Repository.go:45.43,47.3 1 0
github.com/maynagashev/go-metrics/mocks/Repository.go:47.8,49.3 1 1
github.com/maynagashev/go-metrics/mocks/Repository.go:51.2,51.11 1 1
github.com/maynagashev/go-metrics/mocks/Repository.go:55.71,58.19 2 1
github.com/maynagashev/go-metrics/mocks/Repository.go:58.19,59.52 1 0
github.com/maynagashev/go-metrics/mocks/Repository.go:62.2,64.69 3 1
github.com/maynagashev/go-metrics/mocks/Repository.go:64.69,66.3 1 0
github.com/maynagashev/go-metrics/mocks/Repository.go:67.2,67.61 1 1
github.com/maynagashev/go-metrics/mocks/Repository.go:67.61,69.3 1 0
github.com/maynagashev/go-metrics/mocks/Repository.go:69.8,71.3 1 1
github.com/maynagashev/go-metrics/mocks/Repository.go:73.2,73.50 1 1
github.com/maynagashev/go-metrics/mocks/Repository.go:73.50,75.3 1 0
github.com/maynagashev/go-metrics/mocks/Repository.go:75.8,77.3 1 1
github.com/maynagashev/go-metrics/mocks/Repository.go:79.2,79.15 1 1
github.com/maynagashev/go-metrics/mocks/Repository.go:83.67,86.19 2 1
github.com/maynagashev/go-metrics/mocks/Repository.go:86.19,87.50 1 0
github.com/maynagashev/go-metrics/mocks/Repository.go:90.2,92.67 3 1
github.com/maynagashev/go-metrics/mocks/Repository.go:92.67,94.3 1 0
github.com/maynagashev/go-metrics/mocks/Repository.go:95.2,95.59 1 1
github.com/maynagashev/go-metrics/mocks/Repository.go:95.59,97.3 1 0
github.com/maynagashev/go-metrics/mocks/Repository.go:97.8,99.3 1 1
github.com/maynagashev/go-metrics/mocks/Repository.go:101.2,101.50 1 1
github.com/maynagashev/go-metrics/mocks/Repository.go:101.50,103.3 1 0
github.com/maynagashev/go-metrics/mocks/Repository.go:103.8,105.3 1 1
github.com/maynagashev/go-metrics/mocks/Repository.go:107.2,107.15 1 1
github.com/maynagashev/go-metrics/mocks/Repository.go:111.95,114.19 2 1
github.com/maynagashev/go-metrics/mocks/Repository.go:114.19,115.51 1 0
github.com/maynagashev/go-metrics/mocks/Repository.go:118.2,120.88 3 1
github.com/maynagashev/go-metrics/mocks/Repository.go:120.88,122.3 1 0
github.com/maynagashev/go-metrics/mocks/Repository.go:123.2,123.80 1 1
github.com/maynagashev/go-metrics/mocks/Repository.go:123.80,125.3 1 0
github.com/maynagashev/go-metrics/mocks/Repository.go:125.8,127.3 1 1
github.com/maynagashev/go-metrics/mocks/Repository.go:129.2,129.70 1 1
github.com/maynagashev/go-metrics/mocks/Repository.go:129.70,131.3 1 0
github.com/maynagashev/go-metrics/mocks/Repository.go:131.8,133.3 1 1
github.com/maynagashev/go-metrics/mocks/Repository.go:135.2,135.15 1 1
github.com/maynagashev/go-metrics/mocks/Repository.go:139.53,142.19 2 1
github.com/maynagashev/go-metrics/mocks/Repository.go:142.19,143.52 1 0
github.com/maynagashev/go-metrics/mocks/Repository.go:146.2,147.56 2 1
github.com/maynagashev/go-metrics/mocks/Repository.go:147.56,149.3 1 0
github.com/maynagashev/go-metrics/mocks/Repository.go:149.8,150.24 1 1
github.com/maynagashev/go-metrics/mocks/Repository.go:150.24,152.4 1 1
github.com/maynagashev/go-metrics/mocks/Repository.go:155.2,155.11 1 1
github.com/maynagashev/go-metrics/mocks/Repository.go:159.65,162.19 2 1
github.com/maynagashev/go-metrics/mocks/Repository.go:162.19,163.54 1 0
github.com/maynagashev/go-metrics/mocks/Repository.go:166.2,167.59 2 1
github.com/maynagashev/go-metrics/mocks/Repository.go:167.59,169.3 1 0
github.com/maynagashev/go-metrics/mocks/Repository.go:169.8,171.3 1 1
github.com/maynagashev/go-metrics/mocks/Repository.go:173.2,173.11 1 1
github.com/maynagashev/go-metrics/mocks/Repository.go:177.65,180.19 2 1
github.com/maynagashev/go-metrics/mocks/Repository.go:180.19,181.55 1 0
github.com/maynagashev/go-metrics/mocks/Repository.go:184.2,185.61 2 1
github.com/maynagashev/go-metrics/mocks/Repository.go:185.61,187.3 1 0
github.com/maynagashev/go-metrics/mocks/Repository.go:187.8,189.3 1 1
github.com/maynagashev/go-metrics/mocks/Repository.go:191.2,191.11 1 1
github.com/maynagashev/go-metrics/mocks/Repository.go:199.16,203.19 3 1
github.com/maynagashev/go-metrics/mocks/Repository.go:203.19,203.49 1 1
github.com/maynagashev/go-metrics/mocks/Repository.go:205.2,205.13 1 1
github.com/maynagashev/go-metrics/mocks/Storage.go:18.69,21.19 2 1
github.com/maynagashev/go-metrics/mocks/Storage.go:21.19,22.52 1 0
github.com/maynagashev/go-metrics/mocks/Storage.go:25.2,26.71 2 1
github.com/maynagashev/go-metrics/mocks/Storage.go:26.71,28.3 1 0
github.com/maynagashev/go-metrics/mocks/Storage.go:28.8,29.24 1 1
github.com/maynagashev/go-metrics/mocks/Storage.go:29.24,31.4 1 1
github.com/maynagashev/go-metrics/mocks/Storage.go:34.2,34.11 1 1
github.com/maynagashev/go-metrics/mocks/Storage.go:42.13,46.19 3 1
github.com/maynagashev/go-metrics/mocks/Storage.go:46.19,46.49 1 1
github.com/maynagashev/go-metrics/mocks/Storage.go:48.2,48.13 1 1
github.com/maynagashev/go-metrics/internal/server/storage/pgstorage/pgstorage.go:45.88,49.16 3 0
github.com/maynagashev/go-metrics/internal/server/storage/pgstorage/pgstorage.go:49.16,52.3 2 0
github.com/maynagashev/go-metrics/internal/server/storage/pgstorage/pgstorage.go:54.2,61.104 2 0
github.com/maynagashev/go-metrics/internal/server/storage/pgstorage/pgstorage.go:61.104,63.3 1 0
github.com/maynagashev/go-metrics/internal/server/storage/pgstorage/pgstorage.go:64.2,64.15 1 0
github.com/maynagashev/go-metrics/internal/server/storage/pgstorage/pgstorage.go:67.35,68.19 1 1
github.com/maynagashev/go-metrics/internal/server/storage/pgstorage/pgstorage.go:68.19,70.3 1 0
github.com/maynagashev/go-metrics/internal/server/storage/pgstorage/pgstorage.go:71.2,71.12 1 1
github.com/maynagashev/go-metrics/internal/server/storage/pgstorage/pgstorage.go:74.52,77.16 3 1
github.com/maynagashev/go-metrics/internal/server/storage/pgstorage/pgstorage.go:77.16,79.3 1 1
github.com/maynagashev/go-metrics/internal/server/storage/pgstorage/pgstorage.go:80.2,80.14 1 1
github.com/maynagashev/go-metrics/internal/server/storage/pgstorage/pgstorage.go:83.70,86.16 3 0
github.com/maynagashev/go-metrics/internal/server/storage/pgstorage/pgstorage.go:86.16,89.3 2 0
github.com/maynagashev/go-metrics/internal/server/storage/pgstorage/pgstorage.go:90.2,92.18 2 0
github.com/maynagashev/go-metrics/internal/server/storage/pgstorage/pgstorage.go:92.18,95.17 3 0
github.com/maynagashev/go-metrics/internal/server/storage/pgstorage/pgstorage.go:95.17,98.4 2 0
github.com/maynagashev/go-metrics/internal/server/storage/pgstorage/pgstorage.go:99.3,99.32 1 0
github.com/maynagashev/go-metrics/internal/server/storage/pgstorage/pgstorage.go:102.2,102.14 1 0
github.com/maynagashev/go-metrics/internal/server/storage/pgstorage/pgstorage.go:110.26,115.35 4 1
github.com/maynagashev/go-metrics/internal/server/storage/pgstorage/pgstorage.go:115.35,119.17 3 1
github.com/maynagashev/go-metrics/internal/server/storage/pgstorage/pgstorage.go:119.17,121.4 1 1
github.com/maynagashev/go-metrics/internal/server/storage/pgstorage/pgstorage.go:124.3,125.29 2 1
github.com/maynagashev/go-metrics/internal/server/storage/pgstorage/pgstorage.go:125.29,126.31 1 0
github.com/maynagashev/go-metrics/internal/server/storage/pgstorage/pgstorage.go:126.31,129.13 3 0
github.com/maynagashev/go-metrics/internal/server/storage/pgstorage/pgstorage.go:134.3,134.8 1 1
github.com/maynagashev/go-metrics/internal/server/storage/pgstorage/pgstorage.go:138.2,138.16 1 1
github.com/maynagashev/go-metrics/internal/server/storage/pgstorage/pgstorage.go:138.16,140.3 1 1
github.com/maynagashev/go-metrics/internal/server/storage/pgstorage/pgstorage.go:141.2,141.32 1 1
github.com/maynagashev/go-metrics/internal/server/storage/pgstorage/pgstorage.go:145.90,147.9 2 0
github.com/maynagashev/go-metrics/internal/server/storage/pgstorage/pgstorage.go:147.9,149.3 1 0
github.com/maynagashev/go-metrics/internal/server/storage/pgstorage/pgstorage.go:150.2,150.40 1 0
github.com/maynagashev/go-metrics/internal/server/storage/pgstorage/pgstorage.go:154.86,156.9 2 0
github.com/maynagashev/go-metrics/internal/server/storage/pgstorage/pgstorage.go:156.9,158.3 1 0
github.com/maynagashev/go-metrics/internal/server/storage/pgstorage/pgstorage.go:159.2,159.38 1 0
github.com/maynagashev/go-metrics/internal/server/storage/pgstorage/pgstorage.go:162.84,167.8 3 1
github.com/maynagashev/go-metrics/internal/server/storage/pgstorage/pgstorage.go:167.8,169.3 1 1
github.com/maynagashev/go-metrics/internal/server/storage/pgstorage/pgstorage.go:169.8,171.3 1 1
github.com/maynagashev/go-metrics/internal/server/storage/pgstorage/pgstorage.go:174.2,175.16 2 1
github.com/maynagashev/go-metrics/internal/server/storage/pgstorage/pgstorage.go:175.16,178.3 2 1
github.com/maynagashev/go-metrics/internal/server/storage/pgstorage/pgstorage.go:179.2,179.12 1 1
github.com/maynagashev/go-metrics/internal/server/storage/pgstorage/pgstorage.go:183.86,192.16 4 0
github.com/maynagashev/go-metrics/internal/server/storage/pgstorage/pgstorage.go:192.16,194.3 1 0
github.com/maynagashev/go-metrics/internal/server/storage/pgstorage/pgstorage.go:197.2,197.15 1 0
github.com/maynagashev/go-metrics/internal/server/storage/pgstorage/pgstorage.go:197.15,198.17 1 0
github.com/maynagashev/go-metrics/internal/server/storage/pgstorage/pgstorage.go:198.17,199.82 1 0
github.com/maynagashev/go-metrics/internal/server/storage/pgstorage/pgstorage.go:199.82,201.5 1 0
github.com/maynagashev/go-metrics/internal/server/storage/pgstorage/pgstorage.go:205.2,206.29 2 0
github.com/maynagashev/go-metrics/internal/server/storage/pgstorage/pgstorage.go:206.29,208.3 1 0
github.com/maynagashev/go-metrics/internal/server/storage/pgstorage/pgstorage.go:211.2,213.45 3 0
github.com/maynagashev/go-metrics/internal/server/storage/pgstorage/pgstorage.go:213.45,216.3 2 0
github.com/maynagashev/go-metrics/internal/server/storage/pgstorage/pgstorage.go:218.2,218.16 1 0
github.com/maynagashev/go-metrics/internal/server/storage/pgstorage/pgstorage.go:218.16,221.3 2 0
github.com/maynagashev/go-metrics/internal/server/storage/pgstorage/pgstorage.go:224.2,224.38 1 0
github.com/maynagashev/go-metrics/internal/server/storage/pgstorage/pgstorage.go:224.38,227.3 2 0
github.com/maynagashev/go-metrics/internal/server/storage/pgstorage/pgstorage.go:229.2,229.12 1 0
github.com/maynagashev/go-metrics/internal/server/storage/pgstorage/pgstorage.go:233.49,234.18 1 1
github.com/maynagashev/go-metrics/internal/server/storage/pgstorage/pgstorage.go:238.22,239.14 1 1
github.com/maynagashev/go-metrics/internal/server/storage/pgstorage/pgstorage.go:240.10,241.15 1 1
github.com/maynagashev/go-metrics/internal/server/storage/pgstorage/migration/migration.go:17.50,21.16 4 0
github.com/maynagashev/go-metrics/internal/server/storage/pgstorage/migration/migration.go:21.16,22.13 1 0
github.com/maynagashev/go-metrics/internal/server/storage/pgstorage/migration/migration.go:25.2,25.30 1 0
github.com/maynagashev/go-metrics/internal/server/storage/pgstorage/migration/migration.go:25.30,26.42 1 0
github.com/maynagashev/go-metrics/internal/server/storage/pgstorage/migration/migration.go:26.42,29.4 2 0
github.com/maynagashev/go-metrics/internal/server/storage/pgstorage/migration/migration.go:30.3,30.13 1 0
github.com/maynagashev/go-metrics/internal/server/storage/pgstorage/migration/migration.go:33.2,34.12 2 0
github.com/maynagashev/go-metrics/pkg/random/float.go:12.38,15.16 2 1
github.com/maynagashev/go-metrics/pkg/random/float.go:15.16,17.3 1 0
github.com/maynagashev/go-metrics/pkg/random/float.go:20.2,22.20 2 1
github.com/maynagashev/go-metrics/cmd/staticlint/passes/noexit/analyzer.go:60.39,67.2 1 1
github.com/maynagashev/go-metrics/cmd/staticlint/passes/noexit/analyzer.go:76.52,79.9 2 1
github.com/maynagashev/go-metrics/cmd/staticlint/passes/noexit/analyzer.go:79.9,81.3 1 0
github.com/maynagashev/go-metrics/cmd/staticlint/passes/noexit/analyzer.go:83.2,84.9 2 1
github.com/maynagashev/go-metrics/cmd/staticlint/passes/noexit/analyzer.go:84.9,86.3 1 0
github.com/maynagashev/go-metrics/cmd/staticlint/passes/noexit/analyzer.go:89.2,94.40 2 1
github.com/maynagashev/go-metrics/cmd/staticlint/passes/noexit/analyzer.go:94.40,96.3 1 0
github.com/maynagashev/go-metrics/cmd/staticlint/passes/noexit/analyzer.go:99.2,99.48 1 1
github.com/maynagashev/go-metrics/cmd/staticlint/passes/noexit/analyzer.go:99.48,101.18 2 1
github.com/maynagashev/go-metrics/cmd/staticlint/passes/noexit/analyzer.go:101.18,103.4 1 0
github.com/maynagashev/go-metrics/cmd/staticlint/passes/noexit/analyzer.go:106.3,106.36 1 1
github.com/maynagashev/go-metrics/cmd/staticlint/passes/noexit/analyzer.go:106.36,108.4 1 1
github.com/maynagashev/go-metrics/cmd/staticlint/passes/noexit/analyzer.go:111.3,111.35 1 1
github.com/maynagashev/go-metrics/cmd/staticlint/passes/noexit/analyzer.go:111.35,113.4 1 1
github.com/maynagashev/go-metrics/cmd/staticlint/passes/noexit/analyzer.go:116.2,116.17 1 1
github.com/maynagashev/go-metrics/cmd/staticlint/passes/noexit/analyzer.go:128.60,131.31 2 1
github.com/maynagashev/go-metrics/cmd/staticlint/passes/noexit/analyzer.go:131.31,132.40 1 1
github.com/maynagashev/go-metrics/cmd/staticlint/passes/noexit/analyzer.go:132.40,133.39 1 1
github.com/maynagashev/go-metrics/cmd/staticlint/passes/noexit/analyzer.go:133.39,134.31 1 1
github.com/maynagashev/go-metrics/cmd/staticlint/passes/noexit/analyzer.go:134.31,136.58 1 1
github.com/maynagashev/go-metrics/cmd/staticlint/passes/noexit/analyzer.go:136.58,139.7 2 1
github.com/maynagashev/go-metrics/cmd/staticlint/passes/noexit/analyzer.go:142.4,142.15 1 1
github.com/maynagashev/go-metrics/cmd/staticlint/passes/noexit/analyzer.go:144.3,144.27 1 1
github.com/maynagashev/go-metrics/cmd/staticlint/passes/noexit/analyzer.go:144.27,145.9 1 1
github.com/maynagashev/go-metrics/cmd/staticlint/passes/noexit/analyzer.go:149.2,149.66 1 1
github.com/maynagashev/go-metrics/cmd/staticlint/passes/noexit/analyzer.go:161.65,164.9 2 1
github.com/maynagashev/go-metrics/cmd/staticlint/passes/noexit/analyzer.go:164.9,166.3 1 0
github.com/maynagashev/go-metrics/cmd/staticlint/passes/noexit/analyzer.go:169.2,170.9 2 1
github.com/maynagashev/go-metrics/cmd/staticlint/passes/noexit/analyzer.go:170.9,172.3 1 0
github.com/maynagashev/go-metrics/cmd/staticlint/passes/noexit/analyzer.go:175.2,176.38 2 1
github.com/maynagashev/go-metrics/cmd/staticlint/passes/noexit/analyzer.go:176.38,178.3 1 1
github.com/maynagashev/go-metrics/cmd/staticlint/passes/noexit/analyzer.go:181.2,181.31 1 1
github.com/maynagashev/go-metrics/cmd/staticlint/passes/errcheck/analyzer.go:65.38,67.16 2 1
github.com/maynagashev/go-metrics/cmd/staticlint/passes/errcheck/analyzer.go:67.16,68.44 1 0
github.com/maynagashev/go-metrics/cmd/staticlint/passes/errcheck/analyzer.go:70.2,71.16 2 1
github.com/maynagashev/go-metrics/cmd/staticlint/passes/errcheck/analyzer.go:71.16,72.29 1 0
github.com/maynagashev/go-metrics/cmd/staticlint/passes/errcheck/analyzer.go:74.2,75.23 2 1
github.com/maynagashev/go-metrics/cmd/staticlint/passes/errcheck/analyzer.go:75.23,76.40 1 0
github.com/maynagashev/go-metrics/cmd/staticlint/passes/errcheck/analyzer.go:78.2,79.9 2 1
github.com/maynagashev/go-metrics/cmd/staticlint/passes/errcheck/analyzer.go:79.9,80.42 1 0
github.com/maynagashev/go-metrics/cmd/staticlint/passes/errcheck/analyzer.go:82.2,82.14 1 1
github.com/maynagashev/go-metrics/cmd/staticlint/passes/errcheck/analyzer.go:87.39,93.2 1 1
github.com/maynagashev/go-metrics/cmd/staticlint/passes/errcheck/analyzer.go:101.37,103.2 1 1
github.com/maynagashev/go-metrics/cmd/staticlint/passes/errcheck/analyzer.go:114.44,120.2 1 1
github.com/maynagashev/go-metrics/cmd/staticlint/passes/errcheck/analyzer.go:128.66,130.9 2 1
github.com/maynagashev/go-metrics/cmd/staticlint/passes/errcheck/analyzer.go:130.9,132.3 1 1
github.com/maynagashev/go-metrics/cmd/staticlint/passes/errcheck/analyzer.go:134.2,135.9 2 1
github.com/maynagashev/go-metrics/cmd/staticlint/passes/errcheck/analyzer.go:135.9,137.3 1 0
github.com/maynagashev/go-metrics/cmd/staticlint/passes/errcheck/analyzer.go:140.2,144.39 3 1
github.com/maynagashev/go-metrics/cmd/staticlint/passes/errcheck/analyzer.go:144.39,145.42 1 1
github.com/maynagashev/go-metrics/cmd/staticlint/passes/errcheck/analyzer.go:145.42,147.4 1 1
github.com/maynagashev/go-metrics/cmd/staticlint/passes/errcheck/analyzer.go:150.2,150.14 1 0
github.com/maynagashev/go-metrics/cmd/staticlint/passes/errcheck/analyzer.go:158.59,160.9 2 1
github.com/maynagashev/go-metrics/cmd/staticlint/passes/errcheck/analyzer.go:160.9,162.3 1 0
github.com/maynagashev/go-metrics/cmd/staticlint/passes/errcheck/analyzer.go:163.2,163.68 1 1
github.com/maynagashev/go-metrics/cmd/staticlint/passes/errcheck/analyzer.go:163.68,166.3 2 1
github.com/maynagashev/go-metrics/cmd/staticlint/passes/errcheck/analyzer.go:174.64,176.9 2 1
github.com/maynagashev/go-metrics/cmd/staticlint/passes/errcheck/analyzer.go:176.9,178.3 1 0
github.com/maynagashev/go-metrics/cmd/staticlint/passes/errcheck/analyzer.go:179.2,179.36 1 1
github.com/maynagashev/go-metrics/cmd/staticlint/passes/errcheck/analyzer.go:179.36,181.3 1 1
github.com/maynagashev/go-metrics/cmd/staticlint/passes/errcheck/analyzer.go:182.2,183.23 2 1
github.com/maynagashev/go-metrics/cmd/staticlint/passes/errcheck/analyzer.go:183.23,184.84 1 1
github.com/maynagashev/go-metrics/cmd/staticlint/passes/errcheck/analyzer.go:184.84,187.4 2 1
github.com/maynagashev/go-metrics/cmd/staticlint/passes/errcheck/analyzer.go:196.64,197.23 1 1
github.com/maynagashev/go-metrics/cmd/staticlint/passes/errcheck/analyzer.go:197.23,199.15 2 1
github.com/maynagashev/go-metrics/cmd/staticlint/passes/errcheck/analyzer.go:199.15,200.12 1 0
github.com/maynagashev/go-metrics/cmd/staticlint/passes/errcheck/analyzer.go:202.3,203.14 2 1
github.com/maynagashev/go-metrics/cmd/staticlint/passes/errcheck/analyzer.go:203.14,204.12 1 1
github.com/maynagashev/go-metrics/cmd/staticlint/passes/errcheck/analyzer.go:206.3,206.37 1 1
github.com/maynagashev/go-metrics/cmd/staticlint/passes/errcheck/analyzer.go:206.37,207.12 1 0
github.com/maynagashev/go-metrics/cmd/staticlint/passes/errcheck/analyzer.go:209.3,209.52 1 1
github.com/maynagashev/go-metrics/cmd/staticlint/passes/errcheck/analyzer.go:209.52,212.4 2 0
github.com/maynagashev/go-metrics/cmd/staticlint/passes/errcheck/analyzer.go:223.58,224.26 1 1
github.com/maynagashev/go-metrics/cmd/staticlint/passes/errcheck/analyzer.go:225.21,226.23 1 1
github.com/maynagashev/go-metrics/cmd/staticlint/passes/errcheck/analyzer.go:227.23,228.22 1 1
github.com/maynagashev/go-metrics/cmd/staticlint/passes/errcheck/analyzer.go:228.22,230.4 1 1
github.com/maynagashev/go-metrics/cmd/staticlint/passes/errcheck/analyzer.go:230.9,232.4 1 1
github.com/maynagashev/go-metrics/cmd/staticlint/passes/errcheck/analyzer.go:234.2,234.13 1 1
github.com/maynagashev/go-metrics/cmd/staticlint/passes/errcheck/analyzer.go:244.52,250.34 2 1
github.com/maynagashev/go-metrics/cmd/staticlint/passes/errcheck/analyzer.go:250.34,253.3 1 1
github.com/maynagashev/go-metrics/cmd/staticlint/passes/errcheck/analyzer.go:256.2,256.17 1 1
github.com/maynagashev/go-metrics/cmd/staticlint/passes/errcheck/analyzer.go:266.67,269.21 2 1
github.com/maynagashev/go-metrics/cmd/staticlint/passes/errcheck/analyzer.go:269.21,271.3 1 0
github.com/maynagashev/go-metrics/cmd/staticlint/passes/errcheck/analyzer.go:274.2,274.30 1 1
github.com/maynagashev/go-metrics/cmd/staticlint/passes/errcheck/analyzer.go:275.20,279.20 3 1
github.com/maynagashev/go-metrics/cmd/staticlint/passes/errcheck/analyzer.go:279.20,281.4 1 1
github.com/maynagashev/go-metrics/cmd/staticlint/passes/errcheck/analyzer.go:282.3,282.13 1 1
github.com/maynagashev/go-metrics/cmd/staticlint/passes/errcheck/analyzer.go:283.10,285.39 1 1
github.com/maynagashev/go-metrics/cmd/staticlint/passes/errcheck/analyzer.go:295.66,298.20 2 1
github.com/maynagashev/go-metrics/cmd/staticlint/passes/errcheck/analyzer.go:298.20,300.3 1 0
github.com/maynagashev/go-metrics/cmd/staticlint/passes/errcheck/analyzer.go:303.2,303.32 1 1
github.com/maynagashev/go-metrics/cmd/staticlint/passes/errcheck/analyzer.go:303.32,304.12 1 1
github.com/maynagashev/go-metrics/cmd/staticlint/passes/errcheck/analyzer.go:304.12,306.4 1 1
github.com/maynagashev/go-metrics/cmd/staticlint/passes/errcheck/analyzer.go:308.2,308.14 1 0
github.com/maynagashev/go-metrics/pkg/crypto/crypto.go:43.57,45.16 2 1
github.com/maynagashev/go-metrics/pkg/crypto/crypto.go:45.16,47.3 1 0
github.com/maynagashev/go-metrics/pkg/crypto/crypto.go:49.2,50.18 2 1
github.com/maynagashev/go-metrics/pkg/crypto/crypto.go:50.18,52.3 1 0
github.com/maynagashev/go-metrics/pkg/crypto/crypto.go:55.2,55.20 1 1
github.com/maynagashev/go-metrics/pkg/crypto/crypto.go:56.21,58.21 2 1
github.com/maynagashev/go-metrics/pkg/crypto/crypto.go:58.21,60.4 1 0
github.com/maynagashev/go-metrics/pkg/crypto/crypto.go:62.3,63.10 2 1
github.com/maynagashev/go-metrics/pkg/crypto/crypto.go:63.10,65.4 1 0
github.com/maynagashev/go-metrics/pkg/crypto/crypto.go:67.3,67.21 1 1
github.com/maynagashev/go-metrics/pkg/crypto/crypto.go:69.20,71.20 2 0
github.com/maynagashev/go-metrics/pkg/crypto/crypto.go:71.20,73.4 1 0
github.com/maynagashev/go-metrics/pkg/crypto/crypto.go:75.3,76.10 2 0
github.com/maynagashev/go-metrics/pkg/crypto/crypto.go:76.10,78.4 1 0
github.com/maynagashev/go-metrics/pkg/crypto/crypto.go:80.3,80.21 1 0
github.com/maynagashev/go-metrics/pkg/crypto/crypto.go:82.10,83.95 1 0
github.com/maynagashev/go-metrics/pkg/crypto/crypto.go:88.59,90.16 2 1
github.com/maynagashev/go-metrics/pkg/crypto/crypto.go:90.16,92.3 1 0
github.com/maynagashev/go-metrics/pkg/crypto/crypto.go:94.2,95.18 2 1
github.com/maynagashev/go-metrics/pkg/crypto/crypto.go:95.18,97.3 1 0
github.com/maynagashev/go-metrics/pkg/crypto/crypto.go:100.2,100.20 1 1
github.com/maynagashev/go-metrics/pkg/crypto/crypto.go:101.25,103.48 1 1
github.com/maynagashev/go-metrics/pkg/crypto/crypto.go:105.21,108.21 2 0
github.com/maynagashev/go-metrics/pkg/crypto/crypto.go:108.21,110.4 1 0
github.com/maynagashev/go-metrics/pkg/crypto/crypto.go:112.3,113.10 2 0
github.com/maynagashev/go-metrics/pkg/crypto/crypto.go:113.10,115.4 1 0
github.com/maynagashev/go-metrics/pkg/crypto/crypto.go:117.3,117.22 1 0
github.com/maynagashev/go-metrics/pkg/crypto/crypto.go:119.10,120.95 1 0
github.com/maynagashev/go-metrics/pkg/crypto/crypto.go:127.69,129.2 1 1
github.com/maynagashev/go-metrics/pkg/crypto/crypto.go:132.77,134.2 1 1
github.com/maynagashev/go-metrics/pkg/crypto/crypto.go:137.78,144.47 3 1
github.com/maynagashev/go-metrics/pkg/crypto/crypto.go:144.47,146.22 2 1
github.com/maynagashev/go-metrics/pkg/crypto/crypto.go:146.22,148.4 1 1
github.com/maynagashev/go-metrics/pkg/crypto/crypto.go:149.3,149.39 1 1
github.com/maynagashev/go-metrics/pkg/crypto/crypto.go:153.2,154.31 2 1
github.com/maynagashev/go-metrics/pkg/crypto/crypto.go:154.31,156.17 2 1
github.com/maynagashev/go-metrics/pkg/crypto/crypto.go:156.17,158.4 1 0
github.com/maynagashev/go-metrics/pkg/crypto/crypto.go:159.3,159.60 1 1
github.com/maynagashev/go-metrics/pkg/crypto/crypto.go:163.2,166.44 2 1
github.com/maynagashev/go-metrics/pkg/crypto/crypto.go:166.44,171.3 1 0
github.com/maynagashev/go-metrics/pkg/crypto/crypto.go:175.2,176.75 2 1
github.com/maynagashev/go-metrics/pkg/crypto/crypto.go:176.75,178.3 1 0
github.com/maynagashev/go-metrics/pkg/crypto/crypto.go:181.2,181.40 1 1
github.com/maynagashev/go-metrics/pkg/crypto/crypto.go:181.40,183.35 1 1
github.com/maynagashev/go-metrics/pkg/crypto/crypto.go:183.35,185.4 1 0
github.com/maynagashev/go-metrics/pkg/crypto/crypto.go:189.3,190.76 2 1
github.com/maynagashev/go-metrics/pkg/crypto/crypto.go:190.76,192.4 1 0
github.com/maynagashev/go-metrics/pkg/crypto/crypto.go:195.3,195.48 1 1
github.com/maynagashev/go-metrics/pkg/crypto/crypto.go:195.48,197.4 1 0
github.com/maynagashev/go-metrics/pkg/crypto/crypto.go:200.2,200.28 1 1
github.com/maynagashev/go-metrics/pkg/crypto/crypto.go:204.80,209.74 3 1
github.com/maynagashev/go-metrics/pkg/crypto/crypto.go:209.74,211.3 1 0
github.com/maynagashev/go-metrics/pkg/crypto/crypto.go:214.2,215.27 2 1
github.com/maynagashev/go-metrics/pkg/crypto/crypto.go:215.27,218.75 2 1
github.com/maynagashev/go-metrics/pkg/crypto/crypto.go:218.75,220.4 1 0
github.com/maynagashev/go-metrics/pkg/crypto/crypto.go:223.3,224.47 2 1
github.com/maynagashev/go-metrics/pkg/crypto/crypto.go:224.47,226.4 1 0
github.com/maynagashev/go-metrics/pkg/crypto/crypto.go:229.3,230.17 2 1
github.com/maynagashev/go-metrics/pkg/crypto/crypto.go:230.17,232.4 1 0
github.com/maynagashev/go-metrics/pkg/crypto/crypto.go:235.3,235.67 1 1
github.com/maynagashev/go-metrics/pkg/crypto/crypto.go:235.67,237.4 1 0
github.com/maynagashev/go-metrics/pkg/crypto/crypto.go:240.2,240.28 1 1
github.com/maynagashev/go-metrics/pkg/crypto/crypto.go:245.76,266.16 3 1
github.com/maynagashev/go-metrics/pkg/crypto/crypto.go:266.16,268.3 1 0
github.com/maynagashev/go-metrics/pkg/crypto/crypto.go:271.2,278.16 2 1
github.com/maynagashev/go-metrics/pkg/crypto/crypto.go:278.16,280.3 1 0
github.com/maynagashev/go-metrics/pkg/crypto/crypto.go:283.2,284.16 2 1
github.com/maynagashev/go-metrics/pkg/crypto/crypto.go:284.16,286.3 1 0
github.com/maynagashev/go-metrics/pkg/crypto/crypto.go:287.2,294.78 3 1
github.com/maynagashev/go-metrics/pkg/crypto/crypto.go:294.78,296.3 1 0
github.com/maynagashev/go-metrics/pkg/crypto/crypto.go:299.2,300.16 2 1
github.com/maynagashev/go-metrics/pkg/crypto/crypto.go:300.16,302.3 1 0
github.com/maynagashev/go-metrics/pkg/crypto/crypto.go:303.2,311.76 3 1
github.com/maynagashev/go-metrics/pkg/crypto/crypto.go:311.76,313.3 1 0
github.com/maynagashev/go-metrics/pkg/crypto/crypto.go:315.2,315.12 1 1
