mode: set
github.com/maynagashev/go-metrics/internal/contracts/metrics/metrics.go:25.85,32.2 1 0
github.com/maynagashev/go-metrics/internal/contracts/metrics/metrics.go:34.49,36.2 1 0
github.com/maynagashev/go-metrics/internal/contracts/metrics/metrics.go:38.49,40.2 1 0
github.com/maynagashev/go-metrics/internal/contracts/metrics/metrics.go:42.34,43.14 1 0
github.com/maynagashev/go-metrics/internal/contracts/metrics/metrics.go:43.14,45.3 1 0
github.com/maynagashev/go-metrics/internal/contracts/metrics/metrics.go:46.2,46.20 1 0
github.com/maynagashev/go-metrics/internal/contracts/metrics/metrics.go:46.20,48.3 1 0
github.com/maynagashev/go-metrics/internal/contracts/metrics/metrics.go:49.2,49.20 1 0
github.com/maynagashev/go-metrics/internal/contracts/metrics/metrics.go:49.20,51.3 1 0
github.com/maynagashev/go-metrics/internal/contracts/metrics/metrics.go:54.2,54.67 1 0
github.com/maynagashev/go-metrics/internal/contracts/metrics/metrics.go:57.39,58.14 1 0
github.com/maynagashev/go-metrics/internal/contracts/metrics/metrics.go:58.14,60.3 1 0
github.com/maynagashev/go-metrics/internal/contracts/metrics/metrics.go:61.2,61.17 1 0
github.com/maynagashev/go-metrics/internal/contracts/metrics/metrics.go:62.19,63.41 1 0
github.com/maynagashev/go-metrics/internal/contracts/metrics/metrics.go:64.17,65.52 1 0
github.com/maynagashev/go-metrics/internal/contracts/metrics/metrics.go:67.2,67.11 1 0
github.com/maynagashev/go-metrics/internal/contracts/metrics/metrics.go:70.34,72.16 2 0
github.com/maynagashev/go-metrics/internal/contracts/metrics/metrics.go:72.16,74.3 1 0
github.com/maynagashev/go-metrics/internal/contracts/metrics/metrics.go:75.2,75.16 1 0
github.com/maynagashev/go-metrics/cmd/server/main.go:49.13,51.16 2 0
github.com/maynagashev/go-metrics/cmd/server/main.go:51.16,52.13 1 0
github.com/maynagashev/go-metrics/cmd/server/main.go:55.2,56.15 2 0
github.com/maynagashev/go-metrics/cmd/server/main.go:56.15,58.3 1 0
github.com/maynagashev/go-metrics/cmd/server/main.go:60.2,65.16 4 0
github.com/maynagashev/go-metrics/cmd/server/main.go:65.16,67.13 2 0
github.com/maynagashev/go-metrics/cmd/server/main.go:69.2,69.15 1 0
github.com/maynagashev/go-metrics/cmd/server/main.go:69.15,71.17 2 0
github.com/maynagashev/go-metrics/cmd/server/main.go:71.17,73.4 1 0
github.com/maynagashev/go-metrics/cmd/server/main.go:76.2,80.29 3 0
github.com/maynagashev/go-metrics/cmd/server/main.go:83.80,85.29 1 0
github.com/maynagashev/go-metrics/cmd/server/main.go:85.29,87.17 2 0
github.com/maynagashev/go-metrics/cmd/server/main.go:87.17,89.4 1 0
github.com/maynagashev/go-metrics/cmd/server/main.go:90.3,90.17 1 0
github.com/maynagashev/go-metrics/cmd/server/main.go:93.2,93.34 1 0
github.com/maynagashev/go-metrics/cmd/server/main.go:96.31,105.16 4 0
github.com/maynagashev/go-metrics/cmd/server/main.go:105.16,107.13 1 0
github.com/maynagashev/go-metrics/cmd/server/main.go:109.2,109.15 1 0
github.com/maynagashev/go-metrics/internal/server/handlers/json/index/index.go:13.50,14.54 1 0
github.com/maynagashev/go-metrics/internal/server/handlers/json/index/index.go:14.54,20.17 4 0
github.com/maynagashev/go-metrics/internal/server/handlers/json/index/index.go:20.17,23.4 2 0
github.com/maynagashev/go-metrics/internal/server/handlers/json/index/index.go:24.3,25.17 2 0
github.com/maynagashev/go-metrics/internal/server/handlers/json/index/index.go:25.17,28.4 2 0
github.com/maynagashev/go-metrics/cmd/staticlint/staticlint.go:25.13,35.16 3 0
github.com/maynagashev/go-metrics/cmd/staticlint/staticlint.go:35.16,37.51 2 0
github.com/maynagashev/go-metrics/cmd/staticlint/staticlint.go:37.51,40.38 2 0
github.com/maynagashev/go-metrics/cmd/staticlint/staticlint.go:40.38,42.5 1 0
github.com/maynagashev/go-metrics/cmd/staticlint/staticlint.go:43.4,43.44 1 0
github.com/maynagashev/go-metrics/cmd/staticlint/staticlint.go:43.44,44.32 1 0
github.com/maynagashev/go-metrics/cmd/staticlint/staticlint.go:44.32,46.6 1 0
github.com/maynagashev/go-metrics/cmd/staticlint/staticlint.go:51.2,53.3 1 0
github.com/maynagashev/go-metrics/internal/server/app/app.go:25.31,29.2 1 0
github.com/maynagashev/go-metrics/internal/server/app/app.go:33.63,46.16 4 0
github.com/maynagashev/go-metrics/internal/server/app/app.go:46.16,48.3 1 0
github.com/maynagashev/go-metrics/internal/server/app/app.go:52.41,54.2 1 0
github.com/maynagashev/go-metrics/internal/server/app/config.go:29.38,42.2 1 0
github.com/maynagashev/go-metrics/internal/server/app/config.go:45.42,47.2 1 0
github.com/maynagashev/go-metrics/internal/server/app/config.go:50.44,52.2 1 0
github.com/maynagashev/go-metrics/internal/server/app/config.go:55.42,57.2 1 0
github.com/maynagashev/go-metrics/internal/server/app/config.go:60.39,62.2 1 0
github.com/maynagashev/go-metrics/internal/server/app/config.go:65.43,67.2 1 0
github.com/maynagashev/go-metrics/internal/server/app/config.go:70.45,72.2 1 0
github.com/maynagashev/go-metrics/internal/server/app/config.go:75.51,77.2 1 0
github.com/maynagashev/go-metrics/internal/server/app/flags.go:37.35,94.58 12 0
github.com/maynagashev/go-metrics/internal/server/app/flags.go:94.58,96.3 1 0
github.com/maynagashev/go-metrics/internal/server/app/flags.go:97.2,97.77 1 0
github.com/maynagashev/go-metrics/internal/server/app/flags.go:97.77,99.17 2 0
github.com/maynagashev/go-metrics/internal/server/app/flags.go:99.17,101.4 1 0
github.com/maynagashev/go-metrics/internal/server/app/flags.go:105.2,105.69 1 0
github.com/maynagashev/go-metrics/internal/server/app/flags.go:105.69,107.3 1 0
github.com/maynagashev/go-metrics/internal/server/app/flags.go:109.2,109.51 1 0
github.com/maynagashev/go-metrics/internal/server/app/flags.go:109.51,111.17 2 0
github.com/maynagashev/go-metrics/internal/server/app/flags.go:111.17,113.4 1 0
github.com/maynagashev/go-metrics/internal/server/app/flags.go:117.2,117.60 1 0
github.com/maynagashev/go-metrics/internal/server/app/flags.go:117.60,119.3 1 0
github.com/maynagashev/go-metrics/internal/server/app/flags.go:122.2,122.50 1 0
github.com/maynagashev/go-metrics/internal/server/app/flags.go:122.50,124.3 1 0
github.com/maynagashev/go-metrics/internal/server/app/flags.go:126.2,126.20 1 0
github.com/maynagashev/go-metrics/cmd/migrate/main.go:13.44,14.15 1 1
github.com/maynagashev/go-metrics/cmd/migrate/main.go:14.15,18.3 1 1
github.com/maynagashev/go-metrics/cmd/migrate/main.go:19.2,19.26 1 1
github.com/maynagashev/go-metrics/cmd/migrate/main.go:19.26,23.3 1 1
github.com/maynagashev/go-metrics/cmd/migrate/main.go:25.2,25.58 1 0
github.com/maynagashev/go-metrics/cmd/migrate/main.go:25.58,27.3 1 0
github.com/maynagashev/go-metrics/cmd/migrate/main.go:28.2,28.12 1 0
github.com/maynagashev/go-metrics/cmd/migrate/main.go:31.13,42.49 5 1
github.com/maynagashev/go-metrics/cmd/migrate/main.go:42.49,43.13 1 1
github.com/maynagashev/go-metrics/internal/server/storage/pgstorage/migration/migration.go:17.50,21.16 4 0
github.com/maynagashev/go-metrics/internal/server/storage/pgstorage/migration/migration.go:21.16,22.13 1 0
github.com/maynagashev/go-metrics/internal/server/storage/pgstorage/migration/migration.go:25.2,25.30 1 0
github.com/maynagashev/go-metrics/internal/server/storage/pgstorage/migration/migration.go:25.30,26.42 1 0
github.com/maynagashev/go-metrics/internal/server/storage/pgstorage/migration/migration.go:26.42,29.4 2 0
github.com/maynagashev/go-metrics/internal/server/storage/pgstorage/migration/migration.go:30.3,30.13 1 0
github.com/maynagashev/go-metrics/internal/server/storage/pgstorage/migration/migration.go:33.2,34.12 2 0
github.com/maynagashev/go-metrics/internal/contracts/metrics/metrics.go:25.85,32.2 1 0
github.com/maynagashev/go-metrics/internal/contracts/metrics/metrics.go:34.49,36.2 1 0
github.com/maynagashev/go-metrics/internal/contracts/metrics/metrics.go:38.49,40.2 1 0
github.com/maynagashev/go-metrics/internal/contracts/metrics/metrics.go:42.34,43.14 1 0
github.com/maynagashev/go-metrics/internal/contracts/metrics/metrics.go:43.14,45.3 1 0
github.com/maynagashev/go-metrics/internal/contracts/metrics/metrics.go:46.2,46.20 1 0
github.com/maynagashev/go-metrics/internal/contracts/metrics/metrics.go:46.20,48.3 1 0
github.com/maynagashev/go-metrics/internal/contracts/metrics/metrics.go:49.2,49.20 1 0
github.com/maynagashev/go-metrics/internal/contracts/metrics/metrics.go:49.20,51.3 1 0
github.com/maynagashev/go-metrics/internal/contracts/metrics/metrics.go:54.2,54.67 1 0
github.com/maynagashev/go-metrics/internal/contracts/metrics/metrics.go:57.39,58.14 1 0
github.com/maynagashev/go-metrics/internal/contracts/metrics/metrics.go:58.14,60.3 1 0
github.com/maynagashev/go-metrics/internal/contracts/metrics/metrics.go:61.2,61.17 1 0
github.com/maynagashev/go-metrics/internal/contracts/metrics/metrics.go:62.19,63.41 1 0
github.com/maynagashev/go-metrics/internal/contracts/metrics/metrics.go:64.17,65.52 1 0
github.com/maynagashev/go-metrics/internal/contracts/metrics/metrics.go:67.2,67.11 1 0
github.com/maynagashev/go-metrics/internal/contracts/metrics/metrics.go:70.34,72.16 2 0
github.com/maynagashev/go-metrics/internal/contracts/metrics/metrics.go:72.16,74.3 1 0
github.com/maynagashev/go-metrics/internal/contracts/metrics/metrics.go:75.2,75.16 1 0
github.com/maynagashev/go-metrics/internal/server/app/app.go:25.31,29.2 1 0
github.com/maynagashev/go-metrics/internal/server/app/app.go:33.63,46.16 4 0
github.com/maynagashev/go-metrics/internal/server/app/app.go:46.16,48.3 1 0
github.com/maynagashev/go-metrics/internal/server/app/app.go:52.41,54.2 1 0
github.com/maynagashev/go-metrics/internal/server/app/config.go:29.38,42.2 1 0
github.com/maynagashev/go-metrics/internal/server/app/config.go:45.42,47.2 1 0
github.com/maynagashev/go-metrics/internal/server/app/config.go:50.44,52.2 1 0
github.com/maynagashev/go-metrics/internal/server/app/config.go:55.42,57.2 1 0
github.com/maynagashev/go-metrics/internal/server/app/config.go:60.39,62.2 1 0
github.com/maynagashev/go-metrics/internal/server/app/config.go:65.43,67.2 1 0
github.com/maynagashev/go-metrics/internal/server/app/config.go:70.45,72.2 1 0
github.com/maynagashev/go-metrics/internal/server/app/config.go:75.51,77.2 1 0
github.com/maynagashev/go-metrics/internal/server/app/flags.go:37.35,94.58 12 0
github.com/maynagashev/go-metrics/internal/server/app/flags.go:94.58,96.3 1 0
github.com/maynagashev/go-metrics/internal/server/app/flags.go:97.2,97.77 1 0
github.com/maynagashev/go-metrics/internal/server/app/flags.go:97.77,99.17 2 0
github.com/maynagashev/go-metrics/internal/server/app/flags.go:99.17,101.4 1 0
github.com/maynagashev/go-metrics/internal/server/app/flags.go:105.2,105.69 1 0
github.com/maynagashev/go-metrics/internal/server/app/flags.go:105.69,107.3 1 0
github.com/maynagashev/go-metrics/internal/server/app/flags.go:109.2,109.51 1 0
github.com/maynagashev/go-metrics/internal/server/app/flags.go:109.51,111.17 2 0
github.com/maynagashev/go-metrics/internal/server/app/flags.go:111.17,113.4 1 0
github.com/maynagashev/go-metrics/internal/server/app/flags.go:117.2,117.60 1 0
github.com/maynagashev/go-metrics/internal/server/app/flags.go:117.60,119.3 1 0
github.com/maynagashev/go-metrics/internal/server/app/flags.go:122.2,122.50 1 0
github.com/maynagashev/go-metrics/internal/server/app/flags.go:122.50,124.3 1 0
github.com/maynagashev/go-metrics/internal/server/app/flags.go:126.2,126.20 1 0
github.com/maynagashev/go-metrics/internal/server/middleware/decompress/decompress.go:12.64,14.46 1 0
github.com/maynagashev/go-metrics/internal/server/middleware/decompress/decompress.go:14.46,18.54 2 0
github.com/maynagashev/go-metrics/internal/server/middleware/decompress/decompress.go:18.54,20.50 1 0
github.com/maynagashev/go-metrics/internal/server/middleware/decompress/decompress.go:20.50,24.19 3 0
github.com/maynagashev/go-metrics/internal/server/middleware/decompress/decompress.go:24.19,32.6 3 0
github.com/maynagashev/go-metrics/internal/server/middleware/decompress/decompress.go:34.5,34.18 1 0
github.com/maynagashev/go-metrics/internal/server/middleware/decompress/decompress.go:34.18,36.20 2 0
github.com/maynagashev/go-metrics/internal/server/middleware/decompress/decompress.go:36.20,44.7 3 0
github.com/maynagashev/go-metrics/internal/server/middleware/decompress/decompress.go:48.5,48.16 1 0
github.com/maynagashev/go-metrics/internal/server/middleware/decompress/decompress.go:50.4,50.24 1 0
github.com/maynagashev/go-metrics/internal/server/middleware/decompress/decompress.go:52.3,52.30 1 0
github.com/maynagashev/go-metrics/internal/server/middleware/decompresspool/decompresspool.go:22.64,26.28 1 0
github.com/maynagashev/go-metrics/internal/server/middleware/decompresspool/decompresspool.go:26.28,28.5 1 0
github.com/maynagashev/go-metrics/internal/server/middleware/decompresspool/decompresspool.go:31.28,33.5 1 0
github.com/maynagashev/go-metrics/internal/server/middleware/decompresspool/decompresspool.go:37.2,37.18 1 0
github.com/maynagashev/go-metrics/internal/server/middleware/decompresspool/decompresspool.go:41.62,44.71 2 0
github.com/maynagashev/go-metrics/internal/server/middleware/decompresspool/decompresspool.go:44.71,45.49 1 0
github.com/maynagashev/go-metrics/internal/server/middleware/decompresspool/decompresspool.go:45.49,48.4 2 0
github.com/maynagashev/go-metrics/internal/server/middleware/decompresspool/decompresspool.go:50.3,54.10 3 0
github.com/maynagashev/go-metrics/internal/server/middleware/decompresspool/decompresspool.go:54.10,58.4 3 0
github.com/maynagashev/go-metrics/internal/server/middleware/decompresspool/decompresspool.go:61.3,61.46 1 0
github.com/maynagashev/go-metrics/internal/server/middleware/decompresspool/decompresspool.go:61.46,66.4 4 0
github.com/maynagashev/go-metrics/internal/server/middleware/decompresspool/decompresspool.go:69.3,70.10 2 0
github.com/maynagashev/go-metrics/internal/server/middleware/decompresspool/decompresspool.go:70.10,75.4 4 0
github.com/maynagashev/go-metrics/internal/server/middleware/decompresspool/decompresspool.go:78.3,86.23 6 0
github.com/maynagashev/go-metrics/internal/server/middleware/decompresspool/decompresspool.go:98.41,100.42 1 0
github.com/maynagashev/go-metrics/internal/server/middleware/decompresspool/decompresspool.go:100.42,103.3 2 0
github.com/maynagashev/go-metrics/internal/server/middleware/decompresspool/decompresspool.go:106.2,106.48 1 0
github.com/maynagashev/go-metrics/internal/server/middleware/decompresspool/decompresspool.go:106.48,109.3 2 0
github.com/maynagashev/go-metrics/internal/server/middleware/decompresspool/decompresspool.go:112.2,123.12 7 0
github.com/maynagashev/go-metrics/cmd/server/main.go:49.13,51.16 2 0
github.com/maynagashev/go-metrics/cmd/server/main.go:51.16,52.13 1 0
github.com/maynagashev/go-metrics/cmd/server/main.go:55.2,56.15 2 0
github.com/maynagashev/go-metrics/cmd/server/main.go:56.15,58.3 1 0
github.com/maynagashev/go-metrics/cmd/server/main.go:60.2,65.16 4 0
github.com/maynagashev/go-metrics/cmd/server/main.go:65.16,67.13 2 0
github.com/maynagashev/go-metrics/cmd/server/main.go:69.2,69.15 1 0
github.com/maynagashev/go-metrics/cmd/server/main.go:69.15,71.17 2 0
github.com/maynagashev/go-metrics/cmd/server/main.go:71.17,73.4 1 0
github.com/maynagashev/go-metrics/cmd/server/main.go:76.2,80.29 3 0
github.com/maynagashev/go-metrics/cmd/server/main.go:83.80,85.29 1 0
github.com/maynagashev/go-metrics/cmd/server/main.go:85.29,87.17 2 0
github.com/maynagashev/go-metrics/cmd/server/main.go:87.17,89.4 1 0
github.com/maynagashev/go-metrics/cmd/server/main.go:90.3,90.17 1 0
github.com/maynagashev/go-metrics/cmd/server/main.go:93.2,93.34 1 0
github.com/maynagashev/go-metrics/cmd/server/main.go:96.31,105.16 4 0
github.com/maynagashev/go-metrics/cmd/server/main.go:105.16,107.13 1 0
github.com/maynagashev/go-metrics/cmd/server/main.go:109.2,109.15 1 0
github.com/maynagashev/go-metrics/internal/server/app/app.go:23.31,27.2 1 0
github.com/maynagashev/go-metrics/internal/server/app/app.go:31.63,44.16 4 0
github.com/maynagashev/go-metrics/internal/server/app/app.go:44.16,46.3 1 0
github.com/maynagashev/go-metrics/internal/server/app/app.go:50.41,52.2 1 0
github.com/maynagashev/go-metrics/internal/server/app/config.go:29.38,42.2 1 0
github.com/maynagashev/go-metrics/internal/server/app/config.go:45.42,47.2 1 0
github.com/maynagashev/go-metrics/internal/server/app/config.go:50.44,52.2 1 0
github.com/maynagashev/go-metrics/internal/server/app/config.go:55.42,57.2 1 0
github.com/maynagashev/go-metrics/internal/server/app/config.go:60.39,62.2 1 0
github.com/maynagashev/go-metrics/internal/server/app/config.go:65.43,67.2 1 0
github.com/maynagashev/go-metrics/internal/server/app/config.go:70.45,72.2 1 0
github.com/maynagashev/go-metrics/internal/server/app/config.go:75.51,77.2 1 0
github.com/maynagashev/go-metrics/internal/server/app/flags.go:37.35,94.58 12 0
github.com/maynagashev/go-metrics/internal/server/app/flags.go:94.58,96.3 1 0
github.com/maynagashev/go-metrics/internal/server/app/flags.go:97.2,97.77 1 0
github.com/maynagashev/go-metrics/internal/server/app/flags.go:97.77,99.17 2 0
github.com/maynagashev/go-metrics/internal/server/app/flags.go:99.17,101.4 1 0
github.com/maynagashev/go-metrics/internal/server/app/flags.go:105.2,105.69 1 0
github.com/maynagashev/go-metrics/internal/server/app/flags.go:105.69,107.3 1 0
github.com/maynagashev/go-metrics/internal/server/app/flags.go:109.2,109.51 1 0
github.com/maynagashev/go-metrics/internal/server/app/flags.go:109.51,111.17 2 0
github.com/maynagashev/go-metrics/internal/server/app/flags.go:111.17,113.4 1 0
github.com/maynagashev/go-metrics/internal/server/app/flags.go:117.2,117.60 1 0
github.com/maynagashev/go-metrics/internal/server/app/flags.go:117.60,119.3 1 0
github.com/maynagashev/go-metrics/internal/server/app/flags.go:122.2,122.50 1 0
github.com/maynagashev/go-metrics/internal/server/app/flags.go:122.50,124.3 1 0
github.com/maynagashev/go-metrics/internal/server/app/flags.go:126.2,126.20 1 0
github.com/maynagashev/go-metrics/internal/server/handlers/json/index/index.go:11.50,12.54 1 0
github.com/maynagashev/go-metrics/internal/server/handlers/json/index/index.go:12.54,18.17 4 0
github.com/maynagashev/go-metrics/internal/server/handlers/json/index/index.go:18.17,21.4 2 0
github.com/maynagashev/go-metrics/internal/server/handlers/json/index/index.go:22.3,23.17 2 0
github.com/maynagashev/go-metrics/internal/server/handlers/json/index/index.go:23.17,26.4 2 0
github.com/maynagashev/go-metrics/internal/contracts/metrics/metrics.go:23.85,30.2 1 0
github.com/maynagashev/go-metrics/internal/contracts/metrics/metrics.go:32.49,34.2 1 0
github.com/maynagashev/go-metrics/internal/contracts/metrics/metrics.go:36.49,38.2 1 0
github.com/maynagashev/go-metrics/internal/contracts/metrics/metrics.go:40.34,41.14 1 0
github.com/maynagashev/go-metrics/internal/contracts/metrics/metrics.go:41.14,43.3 1 0
github.com/maynagashev/go-metrics/internal/contracts/metrics/metrics.go:44.2,44.20 1 0
github.com/maynagashev/go-metrics/internal/contracts/metrics/metrics.go:44.20,46.3 1 0
github.com/maynagashev/go-metrics/internal/contracts/metrics/metrics.go:47.2,47.20 1 0
github.com/maynagashev/go-metrics/internal/contracts/metrics/metrics.go:47.20,49.3 1 0
github.com/maynagashev/go-metrics/internal/contracts/metrics/metrics.go:52.2,52.67 1 0
github.com/maynagashev/go-metrics/internal/contracts/metrics/metrics.go:55.39,56.14 1 0
github.com/maynagashev/go-metrics/internal/contracts/metrics/metrics.go:56.14,58.3 1 0
github.com/maynagashev/go-metrics/internal/contracts/metrics/metrics.go:59.2,59.17 1 0
github.com/maynagashev/go-metrics/internal/contracts/metrics/metrics.go:60.19,61.41 1 0
github.com/maynagashev/go-metrics/internal/contracts/metrics/metrics.go:62.17,63.52 1 0
github.com/maynagashev/go-metrics/internal/contracts/metrics/metrics.go:65.2,65.11 1 0
github.com/maynagashev/go-metrics/internal/contracts/metrics/metrics.go:68.34,70.16 2 0
github.com/maynagashev/go-metrics/internal/contracts/metrics/metrics.go:70.16,72.3 1 0
github.com/maynagashev/go-metrics/internal/contracts/metrics/metrics.go:73.2,73.16 1 0
github.com/maynagashev/go-metrics/internal/agent/agent.go:73.9,89.2 1 1
github.com/maynagashev/go-metrics/internal/agent/agent.go:92.48,94.2 1 0
github.com/maynagashev/go-metrics/internal/agent/agent.go:97.23,114.29 4 0
github.com/maynagashev/go-metrics/internal/agent/agent.go:114.29,117.3 2 0
github.com/maynagashev/go-metrics/internal/agent/agent.go:120.2,123.13 3 0
github.com/maynagashev/go-metrics/internal/agent/agent.go:127.28,130.27 3 0
github.com/maynagashev/go-metrics/internal/agent/agent.go:130.27,145.3 8 0
github.com/maynagashev/go-metrics/internal/agent/agent.go:149.30,152.29 3 0
github.com/maynagashev/go-metrics/internal/agent/agent.go:152.29,154.3 1 0
github.com/maynagashev/go-metrics/internal/agent/agent.go:158.48,164.36 4 1
github.com/maynagashev/go-metrics/internal/agent/agent.go:164.36,166.3 1 1
github.com/maynagashev/go-metrics/internal/agent/agent.go:167.2,167.38 1 1
github.com/maynagashev/go-metrics/internal/agent/agent.go:167.38,169.3 1 0
github.com/maynagashev/go-metrics/internal/agent/agent.go:173.2,177.14 4 1
github.com/maynagashev/go-metrics/internal/agent/collect.go:13.32,16.2 2 1
github.com/maynagashev/go-metrics/internal/agent/collect.go:18.41,49.2 29 1
github.com/maynagashev/go-metrics/internal/agent/collect.go:52.44,58.28 5 0
github.com/maynagashev/go-metrics/internal/agent/collect.go:58.28,60.3 1 0
github.com/maynagashev/go-metrics/internal/agent/send.go:22.74,25.39 1 0
github.com/maynagashev/go-metrics/internal/agent/send.go:25.39,27.12 1 0
github.com/maynagashev/go-metrics/internal/agent/send.go:27.12,35.4 3 0
github.com/maynagashev/go-metrics/internal/agent/send.go:37.3,39.17 2 0
github.com/maynagashev/go-metrics/internal/agent/send.go:39.17,41.4 1 0
github.com/maynagashev/go-metrics/internal/agent/send.go:44.3,53.33 2 0
github.com/maynagashev/go-metrics/internal/agent/send.go:53.33,56.4 2 0
github.com/maynagashev/go-metrics/internal/agent/send.go:59.2,59.78 1 0
github.com/maynagashev/go-metrics/internal/agent/send.go:62.43,67.29 3 0
github.com/maynagashev/go-metrics/internal/agent/send.go:67.29,70.23 2 0
github.com/maynagashev/go-metrics/internal/agent/send.go:70.23,72.4 1 0
github.com/maynagashev/go-metrics/internal/agent/send.go:76.2,77.28 2 0
github.com/maynagashev/go-metrics/internal/agent/send.go:77.28,80.3 2 0
github.com/maynagashev/go-metrics/internal/agent/send.go:83.2,83.14 1 0
github.com/maynagashev/go-metrics/internal/agent/send.go:88.90,108.16 8 0
github.com/maynagashev/go-metrics/internal/agent/send.go:108.16,110.3 1 0
github.com/maynagashev/go-metrics/internal/agent/send.go:113.2,113.33 1 0
github.com/maynagashev/go-metrics/internal/agent/send.go:113.33,116.3 2 0
github.com/maynagashev/go-metrics/internal/agent/send.go:120.2,120.26 1 0
github.com/maynagashev/go-metrics/internal/agent/send.go:120.26,123.17 3 0
github.com/maynagashev/go-metrics/internal/agent/send.go:123.17,125.4 1 0
github.com/maynagashev/go-metrics/internal/agent/send.go:128.2,131.16 3 0
github.com/maynagashev/go-metrics/internal/agent/send.go:131.16,133.3 1 0
github.com/maynagashev/go-metrics/internal/agent/send.go:136.2,136.39 1 0
github.com/maynagashev/go-metrics/internal/agent/send.go:136.39,138.3 1 0
github.com/maynagashev/go-metrics/internal/agent/send.go:140.2,140.12 1 0
github.com/maynagashev/go-metrics/internal/agent/workerpool.go:22.32,26.31 3 0
github.com/maynagashev/go-metrics/internal/agent/workerpool.go:26.31,36.3 3 0
github.com/maynagashev/go-metrics/internal/agent/workerpool.go:40.29,42.36 2 0
github.com/maynagashev/go-metrics/internal/agent/workerpool.go:42.36,43.26 1 0
github.com/maynagashev/go-metrics/internal/agent/workerpool.go:43.26,46.4 2 0
github.com/maynagashev/go-metrics/internal/agent/workerpool.go:46.9,48.4 1 0
github.com/maynagashev/go-metrics/internal/contracts/metrics/metrics.go:25.85,32.2 1 1
github.com/maynagashev/go-metrics/internal/contracts/metrics/metrics.go:34.49,36.2 1 0
github.com/maynagashev/go-metrics/internal/contracts/metrics/metrics.go:38.49,40.2 1 1
github.com/maynagashev/go-metrics/internal/contracts/metrics/metrics.go:42.34,43.14 1 0
github.com/maynagashev/go-metrics/internal/contracts/metrics/metrics.go:43.14,45.3 1 0
github.com/maynagashev/go-metrics/internal/contracts/metrics/metrics.go:46.2,46.20 1 0
github.com/maynagashev/go-metrics/internal/contracts/metrics/metrics.go:46.20,48.3 1 0
github.com/maynagashev/go-metrics/internal/contracts/metrics/metrics.go:49.2,49.20 1 0
github.com/maynagashev/go-metrics/internal/contracts/metrics/metrics.go:49.20,51.3 1 0
github.com/maynagashev/go-metrics/internal/contracts/metrics/metrics.go:54.2,54.67 1 0
github.com/maynagashev/go-metrics/internal/contracts/metrics/metrics.go:57.39,58.14 1 0
github.com/maynagashev/go-metrics/internal/contracts/metrics/metrics.go:58.14,60.3 1 0
github.com/maynagashev/go-metrics/internal/contracts/metrics/metrics.go:61.2,61.17 1 0
github.com/maynagashev/go-metrics/internal/contracts/metrics/metrics.go:62.19,63.41 1 0
github.com/maynagashev/go-metrics/internal/contracts/metrics/metrics.go:64.17,65.52 1 0
github.com/maynagashev/go-metrics/internal/contracts/metrics/metrics.go:67.2,67.11 1 0
github.com/maynagashev/go-metrics/internal/contracts/metrics/metrics.go:70.34,72.16 2 0
github.com/maynagashev/go-metrics/internal/contracts/metrics/metrics.go:72.16,74.3 1 0
github.com/maynagashev/go-metrics/internal/contracts/metrics/metrics.go:75.2,75.16 1 0
github.com/maynagashev/go-metrics/pkg/middleware/gzip/compress.go:13.44,18.16 3 0
github.com/maynagashev/go-metrics/pkg/middleware/gzip/compress.go:18.16,20.3 1 0
github.com/maynagashev/go-metrics/pkg/middleware/gzip/compress.go:23.2,24.16 2 0
github.com/maynagashev/go-metrics/pkg/middleware/gzip/compress.go:24.16,26.3 1 0
github.com/maynagashev/go-metrics/pkg/middleware/gzip/compress.go:31.2,32.16 2 0
github.com/maynagashev/go-metrics/pkg/middleware/gzip/compress.go:32.16,34.3 1 0
github.com/maynagashev/go-metrics/pkg/middleware/gzip/compress.go:36.2,36.23 1 0
github.com/maynagashev/go-metrics/pkg/random/float.go:12.38,15.16 2 0
github.com/maynagashev/go-metrics/pkg/random/float.go:15.16,17.3 1 0
github.com/maynagashev/go-metrics/pkg/random/float.go:20.2,22.20 2 0
github.com/maynagashev/go-metrics/pkg/sign/sign.go:15.56,19.2 3 0
github.com/maynagashev/go-metrics/pkg/sign/sign.go:22.84,26.23 1 0
github.com/maynagashev/go-metrics/pkg/sign/sign.go:26.23,28.3 1 0
github.com/maynagashev/go-metrics/pkg/sign/sign.go:30.2,32.51 2 0
github.com/maynagashev/go-metrics/pkg/sign/sign.go:32.51,34.3 1 0
github.com/maynagashev/go-metrics/pkg/sign/sign.go:36.2,36.17 1 0
github.com/maynagashev/go-metrics/internal/server/handlers/plain/index/index.go:15.50,16.54 1 0
github.com/maynagashev/go-metrics/internal/server/handlers/plain/index/index.go:16.54,22.29 4 0
github.com/maynagashev/go-metrics/internal/server/handlers/plain/index/index.go:22.29,23.24 1 0
github.com/maynagashev/go-metrics/internal/server/handlers/plain/index/index.go:24.27,26.74 2 0
github.com/maynagashev/go-metrics/internal/server/handlers/plain/index/index.go:27.29,28.85 1 0
github.com/maynagashev/go-metrics/internal/server/handlers/plain/index/index.go:29.12,30.66 1 0
github.com/maynagashev/go-metrics/internal/server/handlers/plain/index/index.go:34.3,34.32 1 0
github.com/maynagashev/go-metrics/internal/server/handlers/plain/index/index.go:34.32,36.18 2 0
github.com/maynagashev/go-metrics/internal/server/handlers/plain/index/index.go:36.18,38.5 1 0
github.com/maynagashev/go-metrics/internal/server/handlers/json/updates/json_updates.go:24.94,25.54 1 0
github.com/maynagashev/go-metrics/internal/server/handlers/json/updates/json_updates.go:25.54,31.17 4 0
github.com/maynagashev/go-metrics/internal/server/handlers/json/updates/json_updates.go:31.17,35.4 3 0
github.com/maynagashev/go-metrics/internal/server/handlers/json/updates/json_updates.go:38.3,40.17 3 0
github.com/maynagashev/go-metrics/internal/server/handlers/json/updates/json_updates.go:40.17,44.4 3 0
github.com/maynagashev/go-metrics/internal/server/handlers/json/updates/json_updates.go:47.3,48.17 2 0
github.com/maynagashev/go-metrics/internal/server/handlers/json/updates/json_updates.go:48.17,51.4 2 0
github.com/maynagashev/go-metrics/internal/server/handlers/json/updates/json_updates.go:54.3,60.49 3 0
github.com/maynagashev/go-metrics/internal/server/handlers/json/updates/json_updates.go:65.89,68.16 3 0
github.com/maynagashev/go-metrics/internal/server/handlers/json/updates/json_updates.go:68.16,70.3 1 0
github.com/maynagashev/go-metrics/internal/server/handlers/json/updates/json_updates.go:72.2,75.35 2 0
github.com/maynagashev/go-metrics/internal/server/handlers/json/updates/json_updates.go:75.35,90.18 4 0
github.com/maynagashev/go-metrics/internal/server/handlers/json/updates/json_updates.go:90.18,92.4 1 0
github.com/maynagashev/go-metrics/internal/server/handlers/json/updates/json_updates.go:95.2,95.26 1 0
github.com/maynagashev/go-metrics/internal/contracts/metrics/metrics.go:25.85,32.2 1 1
github.com/maynagashev/go-metrics/internal/contracts/metrics/metrics.go:34.49,36.2 1 1
github.com/maynagashev/go-metrics/internal/contracts/metrics/metrics.go:38.49,40.2 1 1
github.com/maynagashev/go-metrics/internal/contracts/metrics/metrics.go:42.34,43.14 1 1
github.com/maynagashev/go-metrics/internal/contracts/metrics/metrics.go:43.14,45.3 1 0
github.com/maynagashev/go-metrics/internal/contracts/metrics/metrics.go:46.2,46.20 1 1
github.com/maynagashev/go-metrics/internal/contracts/metrics/metrics.go:46.20,48.3 1 1
github.com/maynagashev/go-metrics/internal/contracts/metrics/metrics.go:49.2,49.20 1 1
github.com/maynagashev/go-metrics/internal/contracts/metrics/metrics.go:49.20,51.3 1 1
github.com/maynagashev/go-metrics/internal/contracts/metrics/metrics.go:54.2,54.67 1 0
github.com/maynagashev/go-metrics/internal/contracts/metrics/metrics.go:57.39,58.14 1 0
github.com/maynagashev/go-metrics/internal/contracts/metrics/metrics.go:58.14,60.3 1 0
github.com/maynagashev/go-metrics/internal/contracts/metrics/metrics.go:61.2,61.17 1 0
github.com/maynagashev/go-metrics/internal/contracts/metrics/metrics.go:62.19,63.41 1 0
github.com/maynagashev/go-metrics/internal/contracts/metrics/metrics.go:64.17,65.52 1 0
github.com/maynagashev/go-metrics/internal/contracts/metrics/metrics.go:67.2,67.11 1 0
github.com/maynagashev/go-metrics/internal/contracts/metrics/metrics.go:70.34,72.16 2 0
github.com/maynagashev/go-metrics/internal/contracts/metrics/metrics.go:72.16,74.3 1 0
github.com/maynagashev/go-metrics/internal/contracts/metrics/metrics.go:75.2,75.16 1 0
github.com/maynagashev/go-metrics/internal/server/app/app.go:25.31,29.2 1 0
github.com/maynagashev/go-metrics/internal/server/app/app.go:33.63,46.16 4 0
github.com/maynagashev/go-metrics/internal/server/app/app.go:46.16,48.3 1 0
github.com/maynagashev/go-metrics/internal/server/app/app.go:52.41,54.2 1 0
github.com/maynagashev/go-metrics/internal/server/app/config.go:29.38,42.2 1 0
github.com/maynagashev/go-metrics/internal/server/app/config.go:45.42,47.2 1 1
github.com/maynagashev/go-metrics/internal/server/app/config.go:50.44,52.2 1 1
github.com/maynagashev/go-metrics/internal/server/app/config.go:55.42,57.2 1 0
github.com/maynagashev/go-metrics/internal/server/app/config.go:60.39,62.2 1 0
github.com/maynagashev/go-metrics/internal/server/app/config.go:65.43,67.2 1 0
github.com/maynagashev/go-metrics/internal/server/app/config.go:70.45,72.2 1 0
github.com/maynagashev/go-metrics/internal/server/app/config.go:75.51,77.2 1 0
github.com/maynagashev/go-metrics/internal/server/app/flags.go:37.35,94.58 12 0
github.com/maynagashev/go-metrics/internal/server/app/flags.go:94.58,96.3 1 0
github.com/maynagashev/go-metrics/internal/server/app/flags.go:97.2,97.77 1 0
github.com/maynagashev/go-metrics/internal/server/app/flags.go:97.77,99.17 2 0
github.com/maynagashev/go-metrics/internal/server/app/flags.go:99.17,101.4 1 0
github.com/maynagashev/go-metrics/internal/server/app/flags.go:105.2,105.69 1 0
github.com/maynagashev/go-metrics/internal/server/app/flags.go:105.69,107.3 1 0
github.com/maynagashev/go-metrics/internal/server/app/flags.go:109.2,109.51 1 0
github.com/maynagashev/go-metrics/internal/server/app/flags.go:109.51,111.17 2 0
github.com/maynagashev/go-metrics/internal/server/app/flags.go:111.17,113.4 1 0
github.com/maynagashev/go-metrics/internal/server/app/flags.go:117.2,117.60 1 0
github.com/maynagashev/go-metrics/internal/server/app/flags.go:117.60,119.3 1 0
github.com/maynagashev/go-metrics/internal/server/app/flags.go:122.2,122.50 1 0
github.com/maynagashev/go-metrics/internal/server/app/flags.go:122.50,124.3 1 0
github.com/maynagashev/go-metrics/internal/server/app/flags.go:126.2,126.20 1 0
github.com/maynagashev/go-metrics/internal/server/handlers/json/update/json_update.go:35.86,36.54 1 0
github.com/maynagashev/go-metrics/internal/server/handlers/json/update/json_update.go:36.54,38.17 2 0
github.com/maynagashev/go-metrics/internal/server/handlers/json/update/json_update.go:38.17,42.4 3 0
github.com/maynagashev/go-metrics/internal/server/handlers/json/update/json_update.go:43.3,48.17 4 0
github.com/maynagashev/go-metrics/internal/server/handlers/json/update/json_update.go:48.17,51.4 2 0
github.com/maynagashev/go-metrics/internal/server/handlers/json/update/json_update.go:53.3,57.9 3 0
github.com/maynagashev/go-metrics/internal/server/handlers/json/update/json_update.go:57.9,59.4 1 0
github.com/maynagashev/go-metrics/internal/server/handlers/json/update/json_update.go:59.9,61.4 1 0
github.com/maynagashev/go-metrics/internal/server/handlers/json/update/json_update.go:64.3,67.29 2 0
github.com/maynagashev/go-metrics/internal/server/handlers/json/update/json_update.go:72.96,77.16 4 0
github.com/maynagashev/go-metrics/internal/server/handlers/json/update/json_update.go:77.16,79.3 1 0
github.com/maynagashev/go-metrics/internal/server/handlers/json/update/json_update.go:81.2,85.35 3 0
github.com/maynagashev/go-metrics/internal/server/handlers/json/update/json_update.go:85.35,89.18 3 0
github.com/maynagashev/go-metrics/internal/server/handlers/json/update/json_update.go:89.18,93.4 2 0
github.com/maynagashev/go-metrics/internal/server/handlers/json/update/json_update.go:96.2,97.16 2 0
github.com/maynagashev/go-metrics/internal/server/handlers/json/update/json_update.go:97.16,99.3 1 0
github.com/maynagashev/go-metrics/internal/server/handlers/json/update/json_update.go:101.2,101.15 1 0
github.com/maynagashev/go-metrics/pkg/response/response.go:22.44,28.2 2 0
github.com/maynagashev/go-metrics/pkg/response/response.go:30.62,36.2 2 0
github.com/maynagashev/go-metrics/pkg/response/response.go:39.74,45.16 4 0
github.com/maynagashev/go-metrics/pkg/response/response.go:45.16,48.3 2 0
github.com/maynagashev/go-metrics/pkg/response/response.go:51.2,52.16 2 0
github.com/maynagashev/go-metrics/pkg/response/response.go:52.16,55.3 2 0
github.com/maynagashev/go-metrics/pkg/sign/sign.go:15.56,19.2 3 0
github.com/maynagashev/go-metrics/pkg/sign/sign.go:22.84,26.23 1 0
github.com/maynagashev/go-metrics/pkg/sign/sign.go:26.23,28.3 1 0
github.com/maynagashev/go-metrics/pkg/sign/sign.go:30.2,32.51 2 0
github.com/maynagashev/go-metrics/pkg/sign/sign.go:32.51,34.3 1 0
github.com/maynagashev/go-metrics/pkg/sign/sign.go:36.2,36.17 1 0
github.com/maynagashev/go-metrics/internal/contracts/metrics/metrics.go:25.85,32.2 1 0
github.com/maynagashev/go-metrics/internal/contracts/metrics/metrics.go:34.49,36.2 1 0
github.com/maynagashev/go-metrics/internal/contracts/metrics/metrics.go:38.49,40.2 1 0
github.com/maynagashev/go-metrics/internal/contracts/metrics/metrics.go:42.34,43.14 1 0
github.com/maynagashev/go-metrics/internal/contracts/metrics/metrics.go:43.14,45.3 1 0
github.com/maynagashev/go-metrics/internal/contracts/metrics/metrics.go:46.2,46.20 1 0
github.com/maynagashev/go-metrics/internal/contracts/metrics/metrics.go:46.20,48.3 1 0
github.com/maynagashev/go-metrics/internal/contracts/metrics/metrics.go:49.2,49.20 1 0
github.com/maynagashev/go-metrics/internal/contracts/metrics/metrics.go:49.20,51.3 1 0
github.com/maynagashev/go-metrics/internal/contracts/metrics/metrics.go:54.2,54.67 1 0
github.com/maynagashev/go-metrics/internal/contracts/metrics/metrics.go:57.39,58.14 1 0
github.com/maynagashev/go-metrics/internal/contracts/metrics/metrics.go:58.14,60.3 1 0
github.com/maynagashev/go-metrics/internal/contracts/metrics/metrics.go:61.2,61.17 1 0
github.com/maynagashev/go-metrics/internal/contracts/metrics/metrics.go:62.19,63.41 1 0
github.com/maynagashev/go-metrics/internal/contracts/metrics/metrics.go:64.17,65.52 1 0
github.com/maynagashev/go-metrics/internal/contracts/metrics/metrics.go:67.2,67.11 1 0
github.com/maynagashev/go-metrics/internal/contracts/metrics/metrics.go:70.34,72.16 2 0
github.com/maynagashev/go-metrics/internal/contracts/metrics/metrics.go:72.16,74.3 1 0
github.com/maynagashev/go-metrics/internal/contracts/metrics/metrics.go:75.2,75.16 1 0
github.com/maynagashev/go-metrics/internal/server/app/app.go:25.31,29.2 1 0
github.com/maynagashev/go-metrics/internal/server/app/app.go:33.63,46.16 4 0
github.com/maynagashev/go-metrics/internal/server/app/app.go:46.16,48.3 1 0
github.com/maynagashev/go-metrics/internal/server/app/app.go:52.41,54.2 1 0
github.com/maynagashev/go-metrics/internal/server/app/config.go:29.38,42.2 1 0
github.com/maynagashev/go-metrics/internal/server/app/config.go:45.42,47.2 1 0
github.com/maynagashev/go-metrics/internal/server/app/config.go:50.44,52.2 1 0
github.com/maynagashev/go-metrics/internal/server/app/config.go:55.42,57.2 1 0
github.com/maynagashev/go-metrics/internal/server/app/config.go:60.39,62.2 1 0
github.com/maynagashev/go-metrics/internal/server/app/config.go:65.43,67.2 1 0
github.com/maynagashev/go-metrics/internal/server/app/config.go:70.45,72.2 1 0
github.com/maynagashev/go-metrics/internal/server/app/config.go:75.51,77.2 1 0
github.com/maynagashev/go-metrics/internal/server/app/flags.go:37.35,94.58 12 0
github.com/maynagashev/go-metrics/internal/server/app/flags.go:94.58,96.3 1 0
github.com/maynagashev/go-metrics/internal/server/app/flags.go:97.2,97.77 1 0
github.com/maynagashev/go-metrics/internal/server/app/flags.go:97.77,99.17 2 0
github.com/maynagashev/go-metrics/internal/server/app/flags.go:99.17,101.4 1 0
github.com/maynagashev/go-metrics/internal/server/app/flags.go:105.2,105.69 1 0
github.com/maynagashev/go-metrics/internal/server/app/flags.go:105.69,107.3 1 0
github.com/maynagashev/go-metrics/internal/server/app/flags.go:109.2,109.51 1 0
github.com/maynagashev/go-metrics/internal/server/app/flags.go:109.51,111.17 2 0
github.com/maynagashev/go-metrics/internal/server/app/flags.go:111.17,113.4 1 0
github.com/maynagashev/go-metrics/internal/server/app/flags.go:117.2,117.60 1 0
github.com/maynagashev/go-metrics/internal/server/app/flags.go:117.60,119.3 1 0
github.com/maynagashev/go-metrics/internal/server/app/flags.go:122.2,122.50 1 0
github.com/maynagashev/go-metrics/internal/server/app/flags.go:122.50,124.3 1 0
github.com/maynagashev/go-metrics/internal/server/app/flags.go:126.2,126.20 1 0
github.com/maynagashev/go-metrics/internal/server/handlers/json/value/json_value.go:19.72,20.54 1 0
github.com/maynagashev/go-metrics/internal/server/handlers/json/value/json_value.go:20.54,25.17 4 0
github.com/maynagashev/go-metrics/internal/server/handlers/json/value/json_value.go:25.17,27.4 1 0
github.com/maynagashev/go-metrics/internal/server/handlers/json/value/json_value.go:30.3,31.10 2 0
github.com/maynagashev/go-metrics/internal/server/handlers/json/value/json_value.go:31.10,34.4 2 0
github.com/maynagashev/go-metrics/internal/server/handlers/json/value/json_value.go:37.3,38.17 2 0
github.com/maynagashev/go-metrics/internal/server/handlers/json/value/json_value.go:38.17,41.4 2 0
github.com/maynagashev/go-metrics/internal/server/handlers/json/value/json_value.go:44.3,44.36 1 0
github.com/maynagashev/go-metrics/internal/server/handlers/json/value/json_value.go:44.36,47.4 2 0
github.com/maynagashev/go-metrics/internal/server/handlers/json/value/json_value.go:49.3,50.17 2 0
github.com/maynagashev/go-metrics/internal/server/handlers/json/value/json_value.go:50.17,53.4 2 0
github.com/maynagashev/go-metrics/internal/server/handlers/json/value/json_value.go:58.70,63.16 4 0
github.com/maynagashev/go-metrics/internal/server/handlers/json/value/json_value.go:63.16,65.3 1 0
github.com/maynagashev/go-metrics/internal/server/handlers/json/value/json_value.go:67.2,68.16 2 0
github.com/maynagashev/go-metrics/internal/server/handlers/json/value/json_value.go:68.16,70.3 1 0
github.com/maynagashev/go-metrics/internal/server/handlers/json/value/json_value.go:72.2,72.15 1 0
github.com/maynagashev/go-metrics/pkg/sign/sign.go:15.56,19.2 3 0
github.com/maynagashev/go-metrics/pkg/sign/sign.go:22.84,26.23 1 0
github.com/maynagashev/go-metrics/pkg/sign/sign.go:26.23,28.3 1 0
github.com/maynagashev/go-metrics/pkg/sign/sign.go:30.2,32.51 2 0
github.com/maynagashev/go-metrics/pkg/sign/sign.go:32.51,34.3 1 0
github.com/maynagashev/go-metrics/pkg/sign/sign.go:36.2,36.17 1 0
github.com/maynagashev/go-metrics/internal/contracts/metrics/metrics.go:25.85,32.2 1 1
github.com/maynagashev/go-metrics/internal/contracts/metrics/metrics.go:34.49,36.2 1 1
github.com/maynagashev/go-metrics/internal/contracts/metrics/metrics.go:38.49,40.2 1 0
github.com/maynagashev/go-metrics/internal/contracts/metrics/metrics.go:42.34,43.14 1 0
github.com/maynagashev/go-metrics/internal/contracts/metrics/metrics.go:43.14,45.3 1 0
github.com/maynagashev/go-metrics/internal/contracts/metrics/metrics.go:46.2,46.20 1 0
github.com/maynagashev/go-metrics/internal/contracts/metrics/metrics.go:46.20,48.3 1 0
github.com/maynagashev/go-metrics/internal/contracts/metrics/metrics.go:49.2,49.20 1 0
github.com/maynagashev/go-metrics/internal/contracts/metrics/metrics.go:49.20,51.3 1 0
github.com/maynagashev/go-metrics/internal/contracts/metrics/metrics.go:54.2,54.67 1 0
github.com/maynagashev/go-metrics/internal/contracts/metrics/metrics.go:57.39,58.14 1 0
github.com/maynagashev/go-metrics/internal/contracts/metrics/metrics.go:58.14,60.3 1 0
github.com/maynagashev/go-metrics/internal/contracts/metrics/metrics.go:61.2,61.17 1 0
github.com/maynagashev/go-metrics/internal/contracts/metrics/metrics.go:62.19,63.41 1 0
github.com/maynagashev/go-metrics/internal/contracts/metrics/metrics.go:64.17,65.52 1 0
github.com/maynagashev/go-metrics/internal/contracts/metrics/metrics.go:67.2,67.11 1 0
github.com/maynagashev/go-metrics/internal/contracts/metrics/metrics.go:70.34,72.16 2 0
github.com/maynagashev/go-metrics/internal/contracts/metrics/metrics.go:72.16,74.3 1 0
github.com/maynagashev/go-metrics/internal/contracts/metrics/metrics.go:75.2,75.16 1 0
github.com/maynagashev/go-metrics/internal/server/app/app.go:25.31,29.2 1 0
github.com/maynagashev/go-metrics/internal/server/app/app.go:33.63,46.16 4 0
github.com/maynagashev/go-metrics/internal/server/app/app.go:46.16,48.3 1 0
github.com/maynagashev/go-metrics/internal/server/app/app.go:52.41,54.2 1 0
github.com/maynagashev/go-metrics/internal/server/app/config.go:29.38,42.2 1 0
github.com/maynagashev/go-metrics/internal/server/app/config.go:45.42,47.2 1 0
github.com/maynagashev/go-metrics/internal/server/app/config.go:50.44,52.2 1 0
github.com/maynagashev/go-metrics/internal/server/app/config.go:55.42,57.2 1 0
github.com/maynagashev/go-metrics/internal/server/app/config.go:60.39,62.2 1 0
github.com/maynagashev/go-metrics/internal/server/app/config.go:65.43,67.2 1 0
github.com/maynagashev/go-metrics/internal/server/app/config.go:70.45,72.2 1 0
github.com/maynagashev/go-metrics/internal/server/app/config.go:75.51,77.2 1 0
github.com/maynagashev/go-metrics/internal/server/app/flags.go:37.35,94.58 12 0
github.com/maynagashev/go-metrics/internal/server/app/flags.go:94.58,96.3 1 0
github.com/maynagashev/go-metrics/internal/server/app/flags.go:97.2,97.77 1 0
github.com/maynagashev/go-metrics/internal/server/app/flags.go:97.77,99.17 2 0
github.com/maynagashev/go-metrics/internal/server/app/flags.go:99.17,101.4 1 0
github.com/maynagashev/go-metrics/internal/server/app/flags.go:105.2,105.69 1 0
github.com/maynagashev/go-metrics/internal/server/app/flags.go:105.69,107.3 1 0
github.com/maynagashev/go-metrics/internal/server/app/flags.go:109.2,109.51 1 0
github.com/maynagashev/go-metrics/internal/server/app/flags.go:109.51,111.17 2 0
github.com/maynagashev/go-metrics/internal/server/app/flags.go:111.17,113.4 1 0
github.com/maynagashev/go-metrics/internal/server/app/flags.go:117.2,117.60 1 0
github.com/maynagashev/go-metrics/internal/server/app/flags.go:117.60,119.3 1 0
github.com/maynagashev/go-metrics/internal/server/app/flags.go:122.2,122.50 1 0
github.com/maynagashev/go-metrics/internal/server/app/flags.go:122.50,124.3 1 0
github.com/maynagashev/go-metrics/internal/server/app/flags.go:126.2,126.20 1 0
github.com/maynagashev/go-metrics/internal/server/handlers/json/ping/ping.go:28.47,29.54 1 1
github.com/maynagashev/go-metrics/internal/server/handlers/json/ping/ping.go:29.54,36.3 3 1
github.com/maynagashev/go-metrics/internal/server/handlers/json/ping/ping.go:40.64,42.33 1 0
github.com/maynagashev/go-metrics/internal/server/handlers/json/ping/ping.go:42.33,43.55 1 0
github.com/maynagashev/go-metrics/internal/server/handlers/json/ping/ping.go:43.55,45.4 1 0
github.com/maynagashev/go-metrics/internal/server/handlers/json/ping/ping.go:49.2,51.16 2 0
github.com/maynagashev/go-metrics/internal/server/handlers/json/ping/ping.go:51.16,52.55 1 0
github.com/maynagashev/go-metrics/internal/server/handlers/json/ping/ping.go:52.55,54.4 1 0
github.com/maynagashev/go-metrics/internal/server/handlers/json/ping/ping.go:58.2,58.19 1 0
github.com/maynagashev/go-metrics/internal/server/storage/pgstorage/pgstorage.go:34.88,38.16 3 0
github.com/maynagashev/go-metrics/internal/server/storage/pgstorage/pgstorage.go:38.16,41.3 2 0
github.com/maynagashev/go-metrics/internal/server/storage/pgstorage/pgstorage.go:43.2,51.104 2 0
github.com/maynagashev/go-metrics/internal/server/storage/pgstorage/pgstorage.go:51.104,53.3 1 0
github.com/maynagashev/go-metrics/internal/server/storage/pgstorage/pgstorage.go:54.2,54.15 1 0
github.com/maynagashev/go-metrics/internal/server/storage/pgstorage/pgstorage.go:57.35,60.2 2 0
github.com/maynagashev/go-metrics/internal/server/storage/pgstorage/pgstorage.go:62.33,65.16 3 0
github.com/maynagashev/go-metrics/internal/server/storage/pgstorage/pgstorage.go:65.16,67.3 1 0
github.com/maynagashev/go-metrics/internal/server/storage/pgstorage/pgstorage.go:68.2,68.14 1 0
github.com/maynagashev/go-metrics/internal/server/storage/pgstorage/pgstorage.go:71.51,74.16 3 0
github.com/maynagashev/go-metrics/internal/server/storage/pgstorage/pgstorage.go:74.16,77.3 2 0
github.com/maynagashev/go-metrics/internal/server/storage/pgstorage/pgstorage.go:78.2,80.18 2 0
github.com/maynagashev/go-metrics/internal/server/storage/pgstorage/pgstorage.go:80.18,83.17 3 0
github.com/maynagashev/go-metrics/internal/server/storage/pgstorage/pgstorage.go:83.17,86.4 2 0
github.com/maynagashev/go-metrics/internal/server/storage/pgstorage/pgstorage.go:87.3,87.32 1 0
github.com/maynagashev/go-metrics/internal/server/storage/pgstorage/pgstorage.go:90.2,90.14 1 0
github.com/maynagashev/go-metrics/internal/server/storage/pgstorage/pgstorage.go:94.93,99.35 4 0
github.com/maynagashev/go-metrics/internal/server/storage/pgstorage/pgstorage.go:99.35,103.17 3 0
github.com/maynagashev/go-metrics/internal/server/storage/pgstorage/pgstorage.go:103.17,105.4 1 0
github.com/maynagashev/go-metrics/internal/server/storage/pgstorage/pgstorage.go:108.3,109.29 2 0
github.com/maynagashev/go-metrics/internal/server/storage/pgstorage/pgstorage.go:109.29,110.31 1 0
github.com/maynagashev/go-metrics/internal/server/storage/pgstorage/pgstorage.go:110.31,113.13 3 0
github.com/maynagashev/go-metrics/internal/server/storage/pgstorage/pgstorage.go:118.3,118.8 1 0
github.com/maynagashev/go-metrics/internal/server/storage/pgstorage/pgstorage.go:122.2,122.16 1 0
github.com/maynagashev/go-metrics/internal/server/storage/pgstorage/pgstorage.go:122.16,124.3 1 0
github.com/maynagashev/go-metrics/internal/server/storage/pgstorage/pgstorage.go:125.2,125.32 1 0
github.com/maynagashev/go-metrics/internal/server/storage/pgstorage/pgstorage.go:129.69,131.9 2 0
github.com/maynagashev/go-metrics/internal/server/storage/pgstorage/pgstorage.go:131.9,133.3 1 0
github.com/maynagashev/go-metrics/internal/server/storage/pgstorage/pgstorage.go:134.2,134.40 1 0
github.com/maynagashev/go-metrics/internal/server/storage/pgstorage/pgstorage.go:138.65,140.9 2 0
github.com/maynagashev/go-metrics/internal/server/storage/pgstorage/pgstorage.go:140.9,142.3 1 0
github.com/maynagashev/go-metrics/internal/server/storage/pgstorage/pgstorage.go:143.2,143.38 1 0
github.com/maynagashev/go-metrics/internal/server/storage/pgstorage/pgstorage.go:145.63,150.8 3 0
github.com/maynagashev/go-metrics/internal/server/storage/pgstorage/pgstorage.go:150.8,152.3 1 0
github.com/maynagashev/go-metrics/internal/server/storage/pgstorage/pgstorage.go:152.8,154.3 1 0
github.com/maynagashev/go-metrics/internal/server/storage/pgstorage/pgstorage.go:157.2,158.16 2 0
github.com/maynagashev/go-metrics/internal/server/storage/pgstorage/pgstorage.go:158.16,161.3 2 0
github.com/maynagashev/go-metrics/internal/server/storage/pgstorage/pgstorage.go:162.2,162.12 1 0
github.com/maynagashev/go-metrics/internal/server/storage/pgstorage/pgstorage.go:166.65,175.16 4 0
github.com/maynagashev/go-metrics/internal/server/storage/pgstorage/pgstorage.go:175.16,177.3 1 0
github.com/maynagashev/go-metrics/internal/server/storage/pgstorage/pgstorage.go:180.2,180.15 1 0
github.com/maynagashev/go-metrics/internal/server/storage/pgstorage/pgstorage.go:180.15,181.17 1 0
github.com/maynagashev/go-metrics/internal/server/storage/pgstorage/pgstorage.go:181.17,182.84 1 0
github.com/maynagashev/go-metrics/internal/server/storage/pgstorage/pgstorage.go:182.84,184.5 1 0
github.com/maynagashev/go-metrics/internal/server/storage/pgstorage/pgstorage.go:188.2,189.29 2 0
github.com/maynagashev/go-metrics/internal/server/storage/pgstorage/pgstorage.go:189.29,191.3 1 0
github.com/maynagashev/go-metrics/internal/server/storage/pgstorage/pgstorage.go:194.2,196.45 3 0
github.com/maynagashev/go-metrics/internal/server/storage/pgstorage/pgstorage.go:196.45,199.3 2 0
github.com/maynagashev/go-metrics/internal/server/storage/pgstorage/pgstorage.go:201.2,201.16 1 0
github.com/maynagashev/go-metrics/internal/server/storage/pgstorage/pgstorage.go:201.16,204.3 2 0
github.com/maynagashev/go-metrics/internal/server/storage/pgstorage/pgstorage.go:207.2,207.40 1 0
github.com/maynagashev/go-metrics/internal/server/storage/pgstorage/pgstorage.go:207.40,210.3 2 0
github.com/maynagashev/go-metrics/internal/server/storage/pgstorage/pgstorage.go:212.2,212.12 1 0
github.com/maynagashev/go-metrics/internal/server/storage/pgstorage/pgstorage.go:216.49,217.18 1 0
github.com/maynagashev/go-metrics/internal/server/storage/pgstorage/pgstorage.go:221.22,222.14 1 0
github.com/maynagashev/go-metrics/internal/server/storage/pgstorage/pgstorage.go:223.10,224.15 1 0
github.com/maynagashev/go-metrics/internal/server/storage/pgstorage/migration/migration.go:17.50,21.16 4 0
github.com/maynagashev/go-metrics/internal/server/storage/pgstorage/migration/migration.go:21.16,22.13 1 0
github.com/maynagashev/go-metrics/internal/server/storage/pgstorage/migration/migration.go:25.2,25.30 1 0
github.com/maynagashev/go-metrics/internal/server/storage/pgstorage/migration/migration.go:25.30,26.42 1 0
github.com/maynagashev/go-metrics/internal/server/storage/pgstorage/migration/migration.go:26.42,29.4 2 0
github.com/maynagashev/go-metrics/internal/server/storage/pgstorage/migration/migration.go:30.3,30.13 1 0
github.com/maynagashev/go-metrics/internal/server/storage/pgstorage/migration/migration.go:33.2,34.12 2 0
github.com/maynagashev/go-metrics/mocks/Repository.go:19.37,22.19 2 0
github.com/maynagashev/go-metrics/mocks/Repository.go:22.19,23.47 1 0
github.com/maynagashev/go-metrics/mocks/Repository.go:26.2,27.45 2 0
github.com/maynagashev/go-metrics/mocks/Repository.go:27.45,29.3 1 0
github.com/maynagashev/go-metrics/mocks/Repository.go:29.8,31.3 1 0
github.com/maynagashev/go-metrics/mocks/Repository.go:33.2,33.11 1 0
github.com/maynagashev/go-metrics/mocks/Repository.go:37.35,40.19 2 0
github.com/maynagashev/go-metrics/mocks/Repository.go:40.19,41.47 1 0
github.com/maynagashev/go-metrics/mocks/Repository.go:44.2,45.43 2 0
github.com/maynagashev/go-metrics/mocks/Repository.go:45.43,47.3 1 0
github.com/maynagashev/go-metrics/mocks/Repository.go:47.8,49.3 1 0
github.com/maynagashev/go-metrics/mocks/Repository.go:51.2,51.11 1 0
github.com/maynagashev/go-metrics/mocks/Repository.go:55.71,58.19 2 0
github.com/maynagashev/go-metrics/mocks/Repository.go:58.19,59.52 1 0
github.com/maynagashev/go-metrics/mocks/Repository.go:62.2,64.69 3 0
github.com/maynagashev/go-metrics/mocks/Repository.go:64.69,66.3 1 0
github.com/maynagashev/go-metrics/mocks/Repository.go:67.2,67.61 1 0
github.com/maynagashev/go-metrics/mocks/Repository.go:67.61,69.3 1 0
github.com/maynagashev/go-metrics/mocks/Repository.go:69.8,71.3 1 0
github.com/maynagashev/go-metrics/mocks/Repository.go:73.2,73.50 1 0
github.com/maynagashev/go-metrics/mocks/Repository.go:73.50,75.3 1 0
github.com/maynagashev/go-metrics/mocks/Repository.go:75.8,77.3 1 0
github.com/maynagashev/go-metrics/mocks/Repository.go:79.2,79.15 1 0
github.com/maynagashev/go-metrics/mocks/Repository.go:83.67,86.19 2 0
github.com/maynagashev/go-metrics/mocks/Repository.go:86.19,87.50 1 0
github.com/maynagashev/go-metrics/mocks/Repository.go:90.2,92.67 3 0
github.com/maynagashev/go-metrics/mocks/Repository.go:92.67,94.3 1 0
github.com/maynagashev/go-metrics/mocks/Repository.go:95.2,95.59 1 0
github.com/maynagashev/go-metrics/mocks/Repository.go:95.59,97.3 1 0
github.com/maynagashev/go-metrics/mocks/Repository.go:97.8,99.3 1 0
github.com/maynagashev/go-metrics/mocks/Repository.go:101.2,101.50 1 0
github.com/maynagashev/go-metrics/mocks/Repository.go:101.50,103.3 1 0
github.com/maynagashev/go-metrics/mocks/Repository.go:103.8,105.3 1 0
github.com/maynagashev/go-metrics/mocks/Repository.go:107.2,107.15 1 0
github.com/maynagashev/go-metrics/mocks/Repository.go:111.95,114.19 2 0
github.com/maynagashev/go-metrics/mocks/Repository.go:114.19,115.51 1 0
github.com/maynagashev/go-metrics/mocks/Repository.go:118.2,120.88 3 0
github.com/maynagashev/go-metrics/mocks/Repository.go:120.88,122.3 1 0
github.com/maynagashev/go-metrics/mocks/Repository.go:123.2,123.80 1 0
github.com/maynagashev/go-metrics/mocks/Repository.go:123.80,125.3 1 0
github.com/maynagashev/go-metrics/mocks/Repository.go:125.8,127.3 1 0
github.com/maynagashev/go-metrics/mocks/Repository.go:129.2,129.70 1 0
github.com/maynagashev/go-metrics/mocks/Repository.go:129.70,131.3 1 0
github.com/maynagashev/go-metrics/mocks/Repository.go:131.8,133.3 1 0
github.com/maynagashev/go-metrics/mocks/Repository.go:135.2,135.15 1 0
github.com/maynagashev/go-metrics/mocks/Repository.go:139.53,142.19 2 0
github.com/maynagashev/go-metrics/mocks/Repository.go:142.19,143.52 1 0
github.com/maynagashev/go-metrics/mocks/Repository.go:146.2,147.56 2 0
github.com/maynagashev/go-metrics/mocks/Repository.go:147.56,149.3 1 0
github.com/maynagashev/go-metrics/mocks/Repository.go:149.8,150.24 1 0
github.com/maynagashev/go-metrics/mocks/Repository.go:150.24,152.4 1 0
github.com/maynagashev/go-metrics/mocks/Repository.go:155.2,155.11 1 0
github.com/maynagashev/go-metrics/mocks/Repository.go:159.65,162.19 2 0
github.com/maynagashev/go-metrics/mocks/Repository.go:162.19,163.54 1 0
github.com/maynagashev/go-metrics/mocks/Repository.go:166.2,167.59 2 0
github.com/maynagashev/go-metrics/mocks/Repository.go:167.59,169.3 1 0
github.com/maynagashev/go-metrics/mocks/Repository.go:169.8,171.3 1 0
github.com/maynagashev/go-metrics/mocks/Repository.go:173.2,173.11 1 0
github.com/maynagashev/go-metrics/mocks/Repository.go:177.65,180.19 2 0
github.com/maynagashev/go-metrics/mocks/Repository.go:180.19,181.55 1 0
github.com/maynagashev/go-metrics/mocks/Repository.go:184.2,185.61 2 0
github.com/maynagashev/go-metrics/mocks/Repository.go:185.61,187.3 1 0
github.com/maynagashev/go-metrics/mocks/Repository.go:187.8,189.3 1 0
github.com/maynagashev/go-metrics/mocks/Repository.go:191.2,191.11 1 0
github.com/maynagashev/go-metrics/mocks/Repository.go:199.16,203.19 3 0
github.com/maynagashev/go-metrics/mocks/Repository.go:203.19,203.49 1 0
github.com/maynagashev/go-metrics/mocks/Repository.go:205.2,205.13 1 0
github.com/maynagashev/go-metrics/mocks/Storage.go:16.50,19.19 2 1
github.com/maynagashev/go-metrics/mocks/Storage.go:19.19,20.52 1 0
github.com/maynagashev/go-metrics/mocks/Storage.go:23.2,24.56 2 1
github.com/maynagashev/go-metrics/mocks/Storage.go:24.56,26.3 1 0
github.com/maynagashev/go-metrics/mocks/Storage.go:26.8,27.24 1 1
github.com/maynagashev/go-metrics/mocks/Storage.go:27.24,29.4 1 1
github.com/maynagashev/go-metrics/mocks/Storage.go:32.2,32.11 1 1
github.com/maynagashev/go-metrics/mocks/Storage.go:40.13,44.19 3 0
github.com/maynagashev/go-metrics/mocks/Storage.go:44.19,44.49 1 0
github.com/maynagashev/go-metrics/mocks/Storage.go:46.2,46.13 1 0
github.com/maynagashev/go-metrics/pkg/response/response.go:22.44,28.2 2 1
github.com/maynagashev/go-metrics/pkg/response/response.go:30.62,36.2 2 0
github.com/maynagashev/go-metrics/pkg/response/response.go:39.74,45.16 4 1
github.com/maynagashev/go-metrics/pkg/response/response.go:45.16,48.3 2 0
github.com/maynagashev/go-metrics/pkg/response/response.go:51.2,52.16 2 1
github.com/maynagashev/go-metrics/pkg/response/response.go:52.16,55.3 2 0
github.com/maynagashev/go-metrics/internal/server/middleware/decompress/decompress.go:12.64,14.46 1 0
github.com/maynagashev/go-metrics/internal/server/middleware/decompress/decompress.go:14.46,18.54 2 0
github.com/maynagashev/go-metrics/internal/server/middleware/decompress/decompress.go:18.54,20.50 1 0
github.com/maynagashev/go-metrics/internal/server/middleware/decompress/decompress.go:20.50,24.19 3 0
github.com/maynagashev/go-metrics/internal/server/middleware/decompress/decompress.go:24.19,32.6 3 0
github.com/maynagashev/go-metrics/internal/server/middleware/decompress/decompress.go:34.5,34.18 1 0
github.com/maynagashev/go-metrics/internal/server/middleware/decompress/decompress.go:34.18,36.20 2 0
github.com/maynagashev/go-metrics/internal/server/middleware/decompress/decompress.go:36.20,44.7 3 0
github.com/maynagashev/go-metrics/internal/server/middleware/decompress/decompress.go:48.5,48.16 1 0
github.com/maynagashev/go-metrics/internal/server/middleware/decompress/decompress.go:50.4,50.24 1 0
github.com/maynagashev/go-metrics/internal/server/middleware/decompress/decompress.go:52.3,52.30 1 0
github.com/maynagashev/go-metrics/internal/server/middleware/decompresspool/decompresspool.go:22.64,26.28 1 0
github.com/maynagashev/go-metrics/internal/server/middleware/decompresspool/decompresspool.go:26.28,28.5 1 0
github.com/maynagashev/go-metrics/internal/server/middleware/decompresspool/decompresspool.go:31.28,33.5 1 0
github.com/maynagashev/go-metrics/internal/server/middleware/decompresspool/decompresspool.go:37.2,37.18 1 0
github.com/maynagashev/go-metrics/internal/server/middleware/decompresspool/decompresspool.go:41.62,44.71 2 0
github.com/maynagashev/go-metrics/internal/server/middleware/decompresspool/decompresspool.go:44.71,45.49 1 0
github.com/maynagashev/go-metrics/internal/server/middleware/decompresspool/decompresspool.go:45.49,48.4 2 0
github.com/maynagashev/go-metrics/internal/server/middleware/decompresspool/decompresspool.go:50.3,54.10 3 0
github.com/maynagashev/go-metrics/internal/server/middleware/decompresspool/decompresspool.go:54.10,58.4 3 0
github.com/maynagashev/go-metrics/internal/server/middleware/decompresspool/decompresspool.go:61.3,61.46 1 0
github.com/maynagashev/go-metrics/internal/server/middleware/decompresspool/decompresspool.go:61.46,66.4 4 0
github.com/maynagashev/go-metrics/internal/server/middleware/decompresspool/decompresspool.go:69.3,70.10 2 0
github.com/maynagashev/go-metrics/internal/server/middleware/decompresspool/decompresspool.go:70.10,75.4 4 0
github.com/maynagashev/go-metrics/internal/server/middleware/decompresspool/decompresspool.go:78.3,86.23 6 0
github.com/maynagashev/go-metrics/internal/server/middleware/decompresspool/decompresspool.go:98.41,100.42 1 0
github.com/maynagashev/go-metrics/internal/server/middleware/decompresspool/decompresspool.go:100.42,103.3 2 0
github.com/maynagashev/go-metrics/internal/server/middleware/decompresspool/decompresspool.go:106.2,106.48 1 0
github.com/maynagashev/go-metrics/internal/server/middleware/decompresspool/decompresspool.go:106.48,109.3 2 0
github.com/maynagashev/go-metrics/internal/server/middleware/decompresspool/decompresspool.go:112.2,123.12 7 0
github.com/maynagashev/go-metrics/internal/contracts/metrics/metrics.go:25.85,32.2 1 0
github.com/maynagashev/go-metrics/internal/contracts/metrics/metrics.go:34.49,36.2 1 0
github.com/maynagashev/go-metrics/internal/contracts/metrics/metrics.go:38.49,40.2 1 0
github.com/maynagashev/go-metrics/internal/contracts/metrics/metrics.go:42.34,43.14 1 0
github.com/maynagashev/go-metrics/internal/contracts/metrics/metrics.go:43.14,45.3 1 0
github.com/maynagashev/go-metrics/internal/contracts/metrics/metrics.go:46.2,46.20 1 0
github.com/maynagashev/go-metrics/internal/contracts/metrics/metrics.go:46.20,48.3 1 0
github.com/maynagashev/go-metrics/internal/contracts/metrics/metrics.go:49.2,49.20 1 0
github.com/maynagashev/go-metrics/internal/contracts/metrics/metrics.go:49.20,51.3 1 0
github.com/maynagashev/go-metrics/internal/contracts/metrics/metrics.go:54.2,54.67 1 0
github.com/maynagashev/go-metrics/internal/contracts/metrics/metrics.go:57.39,58.14 1 0
github.com/maynagashev/go-metrics/internal/contracts/metrics/metrics.go:58.14,60.3 1 0
github.com/maynagashev/go-metrics/internal/contracts/metrics/metrics.go:61.2,61.17 1 0
github.com/maynagashev/go-metrics/internal/contracts/metrics/metrics.go:62.19,63.41 1 0
github.com/maynagashev/go-metrics/internal/contracts/metrics/metrics.go:64.17,65.52 1 0
github.com/maynagashev/go-metrics/internal/contracts/metrics/metrics.go:67.2,67.11 1 0
github.com/maynagashev/go-metrics/internal/contracts/metrics/metrics.go:70.34,72.16 2 0
github.com/maynagashev/go-metrics/internal/contracts/metrics/metrics.go:72.16,74.3 1 0
github.com/maynagashev/go-metrics/internal/contracts/metrics/metrics.go:75.2,75.16 1 0
github.com/maynagashev/go-metrics/internal/server/handlers/plain/value/plain_value.go:15.55,16.54 1 0
github.com/maynagashev/go-metrics/internal/server/handlers/plain/value/plain_value.go:16.54,23.10 5 0
github.com/maynagashev/go-metrics/internal/server/handlers/plain/value/plain_value.go:23.10,30.4 2 0
github.com/maynagashev/go-metrics/internal/server/handlers/plain/value/plain_value.go:32.3,33.17 2 0
github.com/maynagashev/go-metrics/internal/server/handlers/plain/value/plain_value.go:33.17,35.4 1 0
github.com/maynagashev/go-metrics/internal/server/middleware/logger/logger.go:16.64,17.46 1 0
github.com/maynagashev/go-metrics/internal/server/middleware/logger/logger.go:17.46,20.54 2 0
github.com/maynagashev/go-metrics/internal/server/middleware/logger/logger.go:20.54,39.17 6 0
github.com/maynagashev/go-metrics/internal/server/middleware/logger/logger.go:39.17,47.5 1 0
github.com/maynagashev/go-metrics/internal/server/middleware/logger/logger.go:49.4,49.25 1 0
github.com/maynagashev/go-metrics/internal/server/middleware/logger/logger.go:53.3,53.30 1 0
github.com/maynagashev/go-metrics/internal/server/middleware/logger/logger.go:57.63,59.16 2 0
github.com/maynagashev/go-metrics/internal/server/middleware/logger/logger.go:59.16,62.3 2 0
github.com/maynagashev/go-metrics/internal/server/middleware/logger/logger.go:63.2,63.15 1 0
github.com/maynagashev/go-metrics/internal/server/middleware/logger/logger.go:63.15,65.3 1 0
github.com/maynagashev/go-metrics/internal/server/middleware/logger/logger.go:68.2,69.16 2 0
github.com/maynagashev/go-metrics/internal/contracts/metrics/metrics.go:25.85,32.2 1 1
github.com/maynagashev/go-metrics/internal/contracts/metrics/metrics.go:34.49,36.2 1 1
github.com/maynagashev/go-metrics/internal/contracts/metrics/metrics.go:38.49,40.2 1 1
github.com/maynagashev/go-metrics/internal/contracts/metrics/metrics.go:42.34,43.14 1 1
github.com/maynagashev/go-metrics/internal/contracts/metrics/metrics.go:43.14,45.3 1 0
github.com/maynagashev/go-metrics/internal/contracts/metrics/metrics.go:46.2,46.20 1 1
github.com/maynagashev/go-metrics/internal/contracts/metrics/metrics.go:46.20,48.3 1 1
github.com/maynagashev/go-metrics/internal/contracts/metrics/metrics.go:49.2,49.20 1 1
github.com/maynagashev/go-metrics/internal/contracts/metrics/metrics.go:49.20,51.3 1 1
github.com/maynagashev/go-metrics/internal/contracts/metrics/metrics.go:54.2,54.67 1 0
github.com/maynagashev/go-metrics/internal/contracts/metrics/metrics.go:57.39,58.14 1 0
github.com/maynagashev/go-metrics/internal/contracts/metrics/metrics.go:58.14,60.3 1 0
github.com/maynagashev/go-metrics/internal/contracts/metrics/metrics.go:61.2,61.17 1 0
github.com/maynagashev/go-metrics/internal/contracts/metrics/metrics.go:62.19,63.41 1 0
github.com/maynagashev/go-metrics/internal/contracts/metrics/metrics.go:64.17,65.52 1 0
github.com/maynagashev/go-metrics/internal/contracts/metrics/metrics.go:67.2,67.11 1 0
github.com/maynagashev/go-metrics/internal/contracts/metrics/metrics.go:70.34,72.16 2 0
github.com/maynagashev/go-metrics/internal/contracts/metrics/metrics.go:72.16,74.3 1 0
github.com/maynagashev/go-metrics/internal/contracts/metrics/metrics.go:75.2,75.16 1 0
github.com/maynagashev/go-metrics/internal/server/app/app.go:25.31,29.2 1 0
github.com/maynagashev/go-metrics/internal/server/app/app.go:33.63,46.16 4 0
github.com/maynagashev/go-metrics/internal/server/app/app.go:46.16,48.3 1 0
github.com/maynagashev/go-metrics/internal/server/app/app.go:52.41,54.2 1 0
github.com/maynagashev/go-metrics/internal/server/app/config.go:29.38,42.2 1 0
github.com/maynagashev/go-metrics/internal/server/app/config.go:45.42,47.2 1 1
github.com/maynagashev/go-metrics/internal/server/app/config.go:50.44,52.2 1 1
github.com/maynagashev/go-metrics/internal/server/app/config.go:55.42,57.2 1 0
github.com/maynagashev/go-metrics/internal/server/app/config.go:60.39,62.2 1 0
github.com/maynagashev/go-metrics/internal/server/app/config.go:65.43,67.2 1 0
github.com/maynagashev/go-metrics/internal/server/app/config.go:70.45,72.2 1 0
github.com/maynagashev/go-metrics/internal/server/app/config.go:75.51,77.2 1 0
github.com/maynagashev/go-metrics/internal/server/app/flags.go:37.35,94.58 12 0
github.com/maynagashev/go-metrics/internal/server/app/flags.go:94.58,96.3 1 0
github.com/maynagashev/go-metrics/internal/server/app/flags.go:97.2,97.77 1 0
github.com/maynagashev/go-metrics/internal/server/app/flags.go:97.77,99.17 2 0
github.com/maynagashev/go-metrics/internal/server/app/flags.go:99.17,101.4 1 0
github.com/maynagashev/go-metrics/internal/server/app/flags.go:105.2,105.69 1 0
github.com/maynagashev/go-metrics/internal/server/app/flags.go:105.69,107.3 1 0
github.com/maynagashev/go-metrics/internal/server/app/flags.go:109.2,109.51 1 0
github.com/maynagashev/go-metrics/internal/server/app/flags.go:109.51,111.17 2 0
github.com/maynagashev/go-metrics/internal/server/app/flags.go:111.17,113.4 1 0
github.com/maynagashev/go-metrics/internal/server/app/flags.go:117.2,117.60 1 0
github.com/maynagashev/go-metrics/internal/server/app/flags.go:117.60,119.3 1 0
github.com/maynagashev/go-metrics/internal/server/app/flags.go:122.2,122.50 1 0
github.com/maynagashev/go-metrics/internal/server/app/flags.go:122.50,124.3 1 0
github.com/maynagashev/go-metrics/internal/server/app/flags.go:126.2,126.20 1 0
github.com/maynagashev/go-metrics/internal/server/handlers/plain/update/plain_update.go:19.67,20.54 1 1
github.com/maynagashev/go-metrics/internal/server/handlers/plain/update/plain_update.go:20.54,28.37 4 1
github.com/maynagashev/go-metrics/internal/server/handlers/plain/update/plain_update.go:28.37,31.4 2 1
github.com/maynagashev/go-metrics/internal/server/handlers/plain/update/plain_update.go:33.3,38.21 5 1
github.com/maynagashev/go-metrics/internal/server/handlers/plain/update/plain_update.go:39.28,41.18 2 1
github.com/maynagashev/go-metrics/internal/server/handlers/plain/update/plain_update.go:41.18,48.5 2 0
github.com/maynagashev/go-metrics/internal/server/handlers/plain/update/plain_update.go:49.4,49.48 1 1
github.com/maynagashev/go-metrics/internal/server/handlers/plain/update/plain_update.go:50.26,52.18 2 1
github.com/maynagashev/go-metrics/internal/server/handlers/plain/update/plain_update.go:52.18,59.5 2 0
github.com/maynagashev/go-metrics/internal/server/handlers/plain/update/plain_update.go:60.4,60.48 1 1
github.com/maynagashev/go-metrics/internal/server/handlers/plain/update/plain_update.go:61.11,63.10 2 1
github.com/maynagashev/go-metrics/internal/server/handlers/plain/update/plain_update.go:67.3,68.17 2 1
github.com/maynagashev/go-metrics/internal/server/handlers/plain/update/plain_update.go:68.17,70.4 1 0
github.com/maynagashev/go-metrics/internal/server/handlers/plain/update/plain_update.go:72.3,75.9 3 1
github.com/maynagashev/go-metrics/internal/server/handlers/plain/update/plain_update.go:75.9,78.4 1 1
github.com/maynagashev/go-metrics/internal/server/handlers/plain/update/plain_update.go:78.9,80.4 1 0
github.com/maynagashev/go-metrics/internal/server/handlers/plain/update/plain_update.go:83.3,90.17 4 1
github.com/maynagashev/go-metrics/internal/server/handlers/plain/update/plain_update.go:90.17,93.4 2 0
github.com/maynagashev/go-metrics/example/setup.go:21.30,32.16 6 1
github.com/maynagashev/go-metrics/example/setup.go:32.16,34.3 1 0
github.com/maynagashev/go-metrics/example/setup.go:36.2,37.16 2 1
github.com/maynagashev/go-metrics/example/setup.go:37.16,39.3 1 0
github.com/maynagashev/go-metrics/example/setup.go:40.2,44.12 3 1
github.com/maynagashev/go-metrics/internal/contracts/metrics/metrics.go:25.85,32.2 1 0
github.com/maynagashev/go-metrics/internal/contracts/metrics/metrics.go:34.49,36.2 1 0
github.com/maynagashev/go-metrics/internal/contracts/metrics/metrics.go:38.49,40.2 1 0
github.com/maynagashev/go-metrics/internal/contracts/metrics/metrics.go:42.34,43.14 1 0
github.com/maynagashev/go-metrics/internal/contracts/metrics/metrics.go:43.14,45.3 1 0
github.com/maynagashev/go-metrics/internal/contracts/metrics/metrics.go:46.2,46.20 1 0
github.com/maynagashev/go-metrics/internal/contracts/metrics/metrics.go:46.20,48.3 1 0
github.com/maynagashev/go-metrics/internal/contracts/metrics/metrics.go:49.2,49.20 1 0
github.com/maynagashev/go-metrics/internal/contracts/metrics/metrics.go:49.20,51.3 1 0
github.com/maynagashev/go-metrics/internal/contracts/metrics/metrics.go:54.2,54.67 1 0
github.com/maynagashev/go-metrics/internal/contracts/metrics/metrics.go:57.39,58.14 1 0
github.com/maynagashev/go-metrics/internal/contracts/metrics/metrics.go:58.14,60.3 1 0
github.com/maynagashev/go-metrics/internal/contracts/metrics/metrics.go:61.2,61.17 1 0
github.com/maynagashev/go-metrics/internal/contracts/metrics/metrics.go:62.19,63.41 1 0
github.com/maynagashev/go-metrics/internal/contracts/metrics/metrics.go:64.17,65.52 1 0
github.com/maynagashev/go-metrics/internal/contracts/metrics/metrics.go:67.2,67.11 1 0
github.com/maynagashev/go-metrics/internal/contracts/metrics/metrics.go:70.34,72.16 2 0
github.com/maynagashev/go-metrics/internal/contracts/metrics/metrics.go:72.16,74.3 1 0
github.com/maynagashev/go-metrics/internal/contracts/metrics/metrics.go:75.2,75.16 1 0
github.com/maynagashev/go-metrics/cmd/agent/flags.go:32.29,68.64 10 1
github.com/maynagashev/go-metrics/cmd/agent/flags.go:68.64,70.3 1 1
github.com/maynagashev/go-metrics/cmd/agent/flags.go:71.2,71.80 1 1
github.com/maynagashev/go-metrics/cmd/agent/flags.go:71.80,73.17 2 1
github.com/maynagashev/go-metrics/cmd/agent/flags.go:73.17,74.67 1 1
github.com/maynagashev/go-metrics/cmd/agent/flags.go:76.3,76.34 1 1
github.com/maynagashev/go-metrics/cmd/agent/flags.go:78.2,78.74 1 1
github.com/maynagashev/go-metrics/cmd/agent/flags.go:78.74,80.17 2 1
github.com/maynagashev/go-metrics/cmd/agent/flags.go:80.17,81.65 1 1
github.com/maynagashev/go-metrics/cmd/agent/flags.go:83.3,83.32 1 1
github.com/maynagashev/go-metrics/cmd/agent/flags.go:85.2,85.50 1 1
github.com/maynagashev/go-metrics/cmd/agent/flags.go:85.50,87.3 1 1
github.com/maynagashev/go-metrics/cmd/agent/flags.go:88.2,88.56 1 1
github.com/maynagashev/go-metrics/cmd/agent/flags.go:88.56,90.17 2 1
github.com/maynagashev/go-metrics/cmd/agent/flags.go:90.17,91.62 1 1
github.com/maynagashev/go-metrics/cmd/agent/flags.go:93.3,93.22 1 1
github.com/maynagashev/go-metrics/cmd/agent/flags.go:96.2,96.25 1 1
github.com/maynagashev/go-metrics/cmd/agent/flags.go:96.25,97.46 1 1
github.com/maynagashev/go-metrics/cmd/agent/flags.go:101.2,101.47 1 1
github.com/maynagashev/go-metrics/cmd/agent/flags.go:101.47,103.3 1 1
github.com/maynagashev/go-metrics/cmd/agent/flags.go:104.2,104.45 1 1
github.com/maynagashev/go-metrics/cmd/agent/flags.go:104.45,106.3 1 1
github.com/maynagashev/go-metrics/cmd/agent/flags.go:108.2,108.14 1 1
github.com/maynagashev/go-metrics/cmd/agent/main.go:12.13,25.2 9 1
github.com/maynagashev/go-metrics/cmd/agent/main.go:27.19,39.2 4 1
github.com/maynagashev/go-metrics/cmd/agent/pprof.go:15.29,16.23 1 1
github.com/maynagashev/go-metrics/cmd/agent/pprof.go:16.23,19.3 2 1
github.com/maynagashev/go-metrics/cmd/agent/pprof.go:22.35,23.21 1 1
github.com/maynagashev/go-metrics/cmd/agent/pprof.go:23.21,24.13 1 1
github.com/maynagashev/go-metrics/cmd/agent/pprof.go:24.13,33.78 2 1
github.com/maynagashev/go-metrics/cmd/agent/pprof.go:33.78,35.5 1 1
github.com/maynagashev/go-metrics/internal/contracts/metrics/metrics.go:25.85,32.2 1 0
github.com/maynagashev/go-metrics/internal/contracts/metrics/metrics.go:34.49,36.2 1 0
github.com/maynagashev/go-metrics/internal/contracts/metrics/metrics.go:38.49,40.2 1 0
github.com/maynagashev/go-metrics/internal/contracts/metrics/metrics.go:42.34,43.14 1 0
github.com/maynagashev/go-metrics/internal/contracts/metrics/metrics.go:43.14,45.3 1 0
github.com/maynagashev/go-metrics/internal/contracts/metrics/metrics.go:46.2,46.20 1 0
github.com/maynagashev/go-metrics/internal/contracts/metrics/metrics.go:46.20,48.3 1 0
github.com/maynagashev/go-metrics/internal/contracts/metrics/metrics.go:49.2,49.20 1 0
github.com/maynagashev/go-metrics/internal/contracts/metrics/metrics.go:49.20,51.3 1 0
github.com/maynagashev/go-metrics/internal/contracts/metrics/metrics.go:54.2,54.67 1 0
github.com/maynagashev/go-metrics/internal/contracts/metrics/metrics.go:57.39,58.14 1 0
github.com/maynagashev/go-metrics/internal/contracts/metrics/metrics.go:58.14,60.3 1 0
github.com/maynagashev/go-metrics/internal/contracts/metrics/metrics.go:61.2,61.17 1 0
github.com/maynagashev/go-metrics/internal/contracts/metrics/metrics.go:62.19,63.41 1 0
github.com/maynagashev/go-metrics/internal/contracts/metrics/metrics.go:64.17,65.52 1 0
github.com/maynagashev/go-metrics/internal/contracts/metrics/metrics.go:67.2,67.11 1 0
github.com/maynagashev/go-metrics/internal/contracts/metrics/metrics.go:70.34,72.16 2 0
github.com/maynagashev/go-metrics/internal/contracts/metrics/metrics.go:72.16,74.3 1 0
github.com/maynagashev/go-metrics/internal/contracts/metrics/metrics.go:75.2,75.16 1 0
github.com/maynagashev/go-metrics/pkg/middleware/gzip/compress.go:13.44,18.16 3 0
github.com/maynagashev/go-metrics/pkg/middleware/gzip/compress.go:18.16,20.3 1 0
github.com/maynagashev/go-metrics/pkg/middleware/gzip/compress.go:23.2,24.16 2 0
github.com/maynagashev/go-metrics/pkg/middleware/gzip/compress.go:24.16,26.3 1 0
github.com/maynagashev/go-metrics/pkg/middleware/gzip/compress.go:31.2,32.16 2 0
github.com/maynagashev/go-metrics/pkg/middleware/gzip/compress.go:32.16,34.3 1 0
github.com/maynagashev/go-metrics/pkg/middleware/gzip/compress.go:36.2,36.23 1 0
github.com/maynagashev/go-metrics/pkg/random/float.go:12.38,15.16 2 0
github.com/maynagashev/go-metrics/pkg/random/float.go:15.16,17.3 1 0
github.com/maynagashev/go-metrics/pkg/random/float.go:20.2,22.20 2 0
github.com/maynagashev/go-metrics/pkg/sign/sign.go:15.56,19.2 3 0
github.com/maynagashev/go-metrics/pkg/sign/sign.go:22.84,26.23 1 0
github.com/maynagashev/go-metrics/pkg/sign/sign.go:26.23,28.3 1 0
github.com/maynagashev/go-metrics/pkg/sign/sign.go:30.2,32.51 2 0
github.com/maynagashev/go-metrics/pkg/sign/sign.go:32.51,34.3 1 0
github.com/maynagashev/go-metrics/pkg/sign/sign.go:36.2,36.17 1 0
github.com/maynagashev/go-metrics/pkg/sign/sign.go:15.56,19.2 3 0
github.com/maynagashev/go-metrics/pkg/sign/sign.go:22.84,26.23 1 0
github.com/maynagashev/go-metrics/pkg/sign/sign.go:26.23,28.3 1 0
github.com/maynagashev/go-metrics/pkg/sign/sign.go:30.2,32.51 2 0
github.com/maynagashev/go-metrics/pkg/sign/sign.go:32.51,34.3 1 0
github.com/maynagashev/go-metrics/pkg/sign/sign.go:36.2,36.17 1 0
github.com/maynagashev/go-metrics/pkg/random/float.go:12.38,15.16 2 0
github.com/maynagashev/go-metrics/pkg/random/float.go:15.16,17.3 1 0
github.com/maynagashev/go-metrics/pkg/random/float.go:20.2,22.20 2 0
github.com/maynagashev/go-metrics/internal/server/storage/pgstorage/pgstorage.go:34.88,38.16 3 0
github.com/maynagashev/go-metrics/internal/server/storage/pgstorage/pgstorage.go:38.16,41.3 2 0
github.com/maynagashev/go-metrics/internal/server/storage/pgstorage/pgstorage.go:43.2,51.104 2 0
github.com/maynagashev/go-metrics/internal/server/storage/pgstorage/pgstorage.go:51.104,53.3 1 0
github.com/maynagashev/go-metrics/internal/server/storage/pgstorage/pgstorage.go:54.2,54.15 1 0
github.com/maynagashev/go-metrics/internal/server/storage/pgstorage/pgstorage.go:57.35,60.2 2 0
github.com/maynagashev/go-metrics/internal/server/storage/pgstorage/pgstorage.go:62.33,65.16 3 0
github.com/maynagashev/go-metrics/internal/server/storage/pgstorage/pgstorage.go:65.16,67.3 1 0
github.com/maynagashev/go-metrics/internal/server/storage/pgstorage/pgstorage.go:68.2,68.14 1 0
github.com/maynagashev/go-metrics/internal/server/storage/pgstorage/pgstorage.go:71.51,74.16 3 0
github.com/maynagashev/go-metrics/internal/server/storage/pgstorage/pgstorage.go:74.16,77.3 2 0
github.com/maynagashev/go-metrics/internal/server/storage/pgstorage/pgstorage.go:78.2,80.18 2 0
github.com/maynagashev/go-metrics/internal/server/storage/pgstorage/pgstorage.go:80.18,83.17 3 0
github.com/maynagashev/go-metrics/internal/server/storage/pgstorage/pgstorage.go:83.17,86.4 2 0
github.com/maynagashev/go-metrics/internal/server/storage/pgstorage/pgstorage.go:87.3,87.32 1 0
github.com/maynagashev/go-metrics/internal/server/storage/pgstorage/pgstorage.go:90.2,90.14 1 0
github.com/maynagashev/go-metrics/internal/server/storage/pgstorage/pgstorage.go:94.93,99.35 4 0
github.com/maynagashev/go-metrics/internal/server/storage/pgstorage/pgstorage.go:99.35,103.17 3 0
github.com/maynagashev/go-metrics/internal/server/storage/pgstorage/pgstorage.go:103.17,105.4 1 0
github.com/maynagashev/go-metrics/internal/server/storage/pgstorage/pgstorage.go:108.3,109.29 2 0
github.com/maynagashev/go-metrics/internal/server/storage/pgstorage/pgstorage.go:109.29,110.31 1 0
github.com/maynagashev/go-metrics/internal/server/storage/pgstorage/pgstorage.go:110.31,113.13 3 0
github.com/maynagashev/go-metrics/internal/server/storage/pgstorage/pgstorage.go:118.3,118.8 1 0
github.com/maynagashev/go-metrics/internal/server/storage/pgstorage/pgstorage.go:122.2,122.16 1 0
github.com/maynagashev/go-metrics/internal/server/storage/pgstorage/pgstorage.go:122.16,124.3 1 0
github.com/maynagashev/go-metrics/internal/server/storage/pgstorage/pgstorage.go:125.2,125.32 1 0
github.com/maynagashev/go-metrics/internal/server/storage/pgstorage/pgstorage.go:129.69,131.9 2 0
github.com/maynagashev/go-metrics/internal/server/storage/pgstorage/pgstorage.go:131.9,133.3 1 0
[...]
github.com/maynagashev/go-metrics/internal/server/app/config.go:65.43,67.2 1 0
github.com/maynagashev/go-metrics/internal/server/app/config.go:70.45,72.2 1 1
github.com/maynagashev/go-metrics/internal/server/app/config.go:75.51,77.2 1 0
github.com/maynagashev/go-metrics/internal/server/app/flags.go:37.35,94.58 12 0
github.com/maynagashev/go-metrics/internal/server/app/flags.go:94.58,96.3 1 0
github.com/maynagashev/go-metrics/internal/server/app/flags.go:97.2,97.77 1 0
github.com/maynagashev/go-metrics/internal/server/app/flags.go:97.77,99.17 2 0
github.com/maynagashev/go-metrics/internal/server/app/flags.go:99.17,101.4 1 0
github.com/maynagashev/go-metrics/internal/server/app/flags.go:105.2,105.69 1 0
github.com/maynagashev/go-metrics/internal/server/app/flags.go:105.69,107.3 1 0
github.com/maynagashev/go-metrics/internal/server/app/flags.go:109.2,109.51 1 0
github.com/maynagashev/go-metrics/internal/server/app/flags.go:109.51,111.17 2 0
github.com/maynagashev/go-metrics/internal/server/app/flags.go:111.17,113.4 1 0
github.com/maynagashev/go-metrics/internal/server/app/flags.go:117.2,117.60 1 0
github.com/maynagashev/go-metrics/internal/server/app/flags.go:117.60,119.3 1 0
github.com/maynagashev/go-metrics/internal/server/app/flags.go:122.2,122.50 1 0
github.com/maynagashev/go-metrics/internal/server/app/flags.go:122.50,124.3 1 0
github.com/maynagashev/go-metrics/internal/server/app/flags.go:126.2,126.20 1 0
github.com/maynagashev/go-metrics/internal/server/handlers/json/updates/json_updates.go:24.94,25.54 1 1
github.com/maynagashev/go-metrics/internal/server/handlers/json/updates/json_updates.go:25.54,31.17 4 0
github.com/maynagashev/go-metrics/internal/server/handlers/json/updates/json_updates.go:31.17,35.4 3 0
github.com/maynagashev/go-metrics/internal/server/handlers/json/updates/json_updates.go:38.3,40.17 3 0
github.com/maynagashev/go-metrics/internal/server/handlers/json/updates/json_updates.go:40.17,44.4 3 0
github.com/maynagashev/go-metrics/internal/server/handlers/json/updates/json_updates.go:47.3,48.17 2 0
github.com/maynagashev/go-metrics/internal/server/handlers/json/updates/json_updates.go:48.17,51.4 2 0
github.com/maynagashev/go-metrics/internal/server/handlers/json/updates/json_updates.go:54.3,60.49 3 0
github.com/maynagashev/go-metrics/internal/server/handlers/json/updates/json_updates.go:65.89,68.16 3 0
github.com/maynagashev/go-metrics/internal/server/handlers/json/updates/json_updates.go:68.16,70.3 1 0
github.com/maynagashev/go-metrics/internal/server/handlers/json/updates/json_updates.go:72.2,75.35 2 0
github.com/maynagashev/go-metrics/internal/server/handlers/json/updates/json_updates.go:75.35,90.18 4 0
github.com/maynagashev/go-metrics/internal/server/handlers/json/updates/json_updates.go:90.18,92.4 1 0
github.com/maynagashev/go-metrics/internal/server/handlers/json/updates/json_updates.go:95.2,95.26 1 0
github.com/maynagashev/go-metrics/internal/server/handlers/plain/index/index.go:15.50,16.54 1 1
github.com/maynagashev/go-metrics/internal/server/handlers/plain/index/index.go:16.54,22.29 4 1
github.com/maynagashev/go-metrics/internal/server/handlers/plain/index/index.go:22.29,23.24 1 1
github.com/maynagashev/go-metrics/internal/server/handlers/plain/index/index.go:24.27,26.74 2 1
github.com/maynagashev/go-metrics/internal/server/handlers/plain/index/index.go:27.29,28.85 1 1
github.com/maynagashev/go-metrics/internal/server/handlers/plain/index/index.go:29.12,30.66 1 0
github.com/maynagashev/go-metrics/internal/server/handlers/plain/index/index.go:34.3,34.32 1 1
github.com/maynagashev/go-metrics/internal/server/handlers/plain/index/index.go:34.32,36.18 2 1
github.com/maynagashev/go-metrics/internal/server/handlers/plain/index/index.go:36.18,38.5 1 0
github.com/maynagashev/go-metrics/internal/server/middleware/decompresspool/decompresspool.go:22.64,26.28 1 1
github.com/maynagashev/go-metrics/internal/server/middleware/decompresspool/decompresspool.go:26.28,28.5 1 0
github.com/maynagashev/go-metrics/internal/server/middleware/decompresspool/decompresspool.go:31.28,33.5 1 0
github.com/maynagashev/go-metrics/internal/server/middleware/decompresspool/decompresspool.go:37.2,37.18 1 1
github.com/maynagashev/go-metrics/internal/server/middleware/decompresspool/decompresspool.go:41.62,44.71 2 1
github.com/maynagashev/go-metrics/internal/server/middleware/decompresspool/decompresspool.go:44.71,45.49 1 1
github.com/maynagashev/go-metrics/internal/server/middleware/decompresspool/decompresspool.go:45.49,48.4 2 1
github.com/maynagashev/go-metrics/internal/server/middleware/decompresspool/decompresspool.go:50.3,54.10 3 0
github.com/maynagashev/go-metrics/internal/server/middleware/decompresspool/decompresspool.go:54.10,58.4 3 0
github.com/maynagashev/go-metrics/internal/server/middleware/decompresspool/decompresspool.go:61.3,61.46 1 0
github.com/maynagashev/go-metrics/internal/server/middleware/decompresspool/decompresspool.go:61.46,66.4 4 0
github.com/maynagashev/go-metrics/internal/server/middleware/decompresspool/decompresspool.go:69.3,70.10 2 0
github.com/maynagashev/go-metrics/internal/server/middleware/decompresspool/decompresspool.go:70.10,75.4 4 0
github.com/maynagashev/go-metrics/internal/server/middleware/decompresspool/decompresspool.go:78.3,86.23 6 0
github.com/maynagashev/go-metrics/internal/server/middleware/decompresspool/decompresspool.go:98.41,100.42 1 0
github.com/maynagashev/go-metrics/internal/server/middleware/decompresspool/decompresspool.go:100.42,103.3 2 0
github.com/maynagashev/go-metrics/internal/server/middleware/decompresspool/decompresspool.go:106.2,106.48 1 0
github.com/maynagashev/go-metrics/internal/server/middleware/decompresspool/decompresspool.go:106.48,109.3 2 0
github.com/maynagashev/go-metrics/internal/server/middleware/decompresspool/decompresspool.go:112.2,123.12 7 0
github.com/maynagashev/go-metrics/internal/server/middleware/logger/logger.go:16.64,17.46 1 1
github.com/maynagashev/go-metrics/internal/server/middleware/logger/logger.go:17.46,20.54 2 1
github.com/maynagashev/go-metrics/internal/server/middleware/logger/logger.go:20.54,39.17 6 1
github.com/maynagashev/go-metrics/internal/server/middleware/logger/logger.go:39.17,47.5 1 1
github.com/maynagashev/go-metrics/internal/server/middleware/logger/logger.go:49.4,49.25 1 1
github.com/maynagashev/go-metrics/internal/server/middleware/logger/logger.go:53.3,53.30 1 1
github.com/maynagashev/go-metrics/internal/server/middleware/logger/logger.go:57.63,59.16 2 1
github.com/maynagashev/go-metrics/internal/server/middleware/logger/logger.go:59.16,62.3 2 0
github.com/maynagashev/go-metrics/internal/server/middleware/logger/logger.go:63.2,63.15 1 1
github.com/maynagashev/go-metrics/internal/server/middleware/logger/logger.go:63.15,65.3 1 1
github.com/maynagashev/go-metrics/internal/server/middleware/logger/logger.go:68.2,69.16 2 1
github.com/maynagashev/go-metrics/internal/server/router/router.go:25.86,55.24 16 1
github.com/maynagashev/go-metrics/internal/server/router/router.go:55.24,57.46 2 0
github.com/maynagashev/go-metrics/internal/server/router/router.go:57.46,71.4 11 0
github.com/maynagashev/go-metrics/internal/server/router/router.go:74.2,74.10 1 1
github.com/maynagashev/go-metrics/internal/server/storage/pgstorage/pgstorage.go:34.88,38.16 3 0
github.com/maynagashev/go-metrics/internal/server/storage/pgstorage/pgstorage.go:38.16,41.3 2 0
github.com/maynagashev/go-metrics/internal/server/storage/pgstorage/pgstorage.go:43.2,51.104 2 0
github.com/maynagashev/go-metrics/internal/server/storage/pgstorage/pgstorage.go:51.104,53.3 1 0
github.com/maynagashev/go-metrics/internal/server/storage/pgstorage/pgstorage.go:54.2,54.15 1 0
github.com/maynagashev/go-metrics/internal/server/storage/pgstorage/pgstorage.go:57.35,60.2 2 0
github.com/maynagashev/go-metrics/internal/server/storage/pgstorage/pgstorage.go:62.33,65.16 3 0
github.com/maynagashev/go-metrics/internal/server/storage/pgstorage/pgstorage.go:65.16,67.3 1 0
github.com/maynagashev/go-metrics/internal/server/storage/pgstorage/pgstorage.go:68.2,68.14 1 0
github.com/maynagashev/go-metrics/internal/server/storage/pgstorage/pgstorage.go:71.51,74.16 3 0
github.com/maynagashev/go-metrics/internal/server/storage/pgstorage/pgstorage.go:74.16,77.3 2 0
github.com/maynagashev/go-metrics/internal/server/storage/pgstorage/pgstorage.go:78.2,80.18 2 0
github.com/maynagashev/go-metrics/internal/server/storage/pgstorage/pgstorage.go:80.18,83.17 3 0
github.com/maynagashev/go-metrics/internal/server/storage/pgstorage/pgstorage.go:83.17,86.4 2 0
github.com/maynagashev/go-metrics/internal/server/storage/pgstorage/pgstorage.go:87.3,87.32 1 0
github.com/maynagashev/go-metrics/internal/server/storage/pgstorage/pgstorage.go:90.2,90.14 1 0
github.com/maynagashev/go-metrics/internal/server/storage/pgstorage/pgstorage.go:94.93,99.35 4 0
github.com/maynagashev/go-metrics/internal/server/storage/pgstorage/pgstorage.go:99.35,103.17 3 0
github.com/maynagashev/go-metrics/internal/server/storage/pgstorage/pgstorage.go:103.17,105.4 1 0
github.com/maynagashev/go-metrics/internal/server/storage/pgstorage/pgstorage.go:108.3,109.29 2 0
github.com/maynagashev/go-metrics/internal/server/storage/pgstorage/pgstorage.go:109.29,110.31 1 0
github.com/maynagashev/go-metrics/internal/server/storage/pgstorage/pgstorage.go:110.31,113.13 3 0
github.com/maynagashev/go-metrics/internal/server/storage/pgstorage/pgstorage.go:118.3,118.8 1 0
github.com/maynagashev/go-metrics/internal/server/storage/pgstorage/pgstorage.go:122.2,122.16 1 0
github.com/maynagashev/go-metrics/internal/server/storage/pgstorage/pgstorage.go:122.16,124.3 1 0
github.com/maynagashev/go-metrics/internal/server/storage/pgstorage/pgstorage.go:125.2,125.32 1 0
github.com/maynagashev/go-metrics/internal/server/storage/pgstorage/pgstorage.go:129.69,131.9 2 0
github.com/maynagashev/go-metrics/internal/server/storage/pgstorage/pgstorage.go:131.9,133.3 1 0
github.com/maynagashev/go-metrics/internal/server/storage/pgstorage/pgstorage.go:134.2,134.40 1 0
github.com/maynagashev/go-metrics/internal/server/storage/pgstorage/pgstorage.go:138.65,140.9 2 0
github.com/maynagashev/go-metrics/internal/server/storage/pgstorage/pgstorage.go:140.9,142.3 1 0
github.com/maynagashev/go-metrics/internal/server/storage/pgstorage/pgstorage.go:143.2,143.38 1 0
github.com/maynagashev/go-metrics/internal/server/storage/pgstorage/pgstorage.go:145.63,150.8 3 0
github.com/maynagashev/go-metrics/internal/server/storage/pgstorage/pgstorage.go:150.8,152.3 1 0
github.com/maynagashev/go-metrics/internal/server/storage/pgstorage/pgstorage.go:152.8,154.3 1 0
github.com/maynagashev/go-metrics/internal/server/storage/pgstorage/pgstorage.go:157.2,158.16 2 0
github.com/maynagashev/go-metrics/internal/server/storage/pgstorage/pgstorage.go:158.16,161.3 2 0
github.com/maynagashev/go-metrics/internal/server/storage/pgstorage/pgstorage.go:162.2,162.12 1 0
github.com/maynagashev/go-metrics/internal/server/storage/pgstorage/pgstorage.go:166.65,175.16 4 0
github.com/maynagashev/go-metrics/internal/server/storage/pgstorage/pgstorage.go:175.16,177.3 1 0
github.com/maynagashev/go-metrics/internal/server/storage/pgstorage/pgstorage.go:180.2,180.15 1 0
github.com/maynagashev/go-metrics/internal/server/storage/pgstorage/pgstorage.go:180.15,181.17 1 0
github.com/maynagashev/go-metrics/internal/server/storage/pgstorage/pgstorage.go:181.17,182.84 1 0
github.com/maynagashev/go-metrics/internal/server/storage/pgstorage/pgstorage.go:182.84,184.5 1 0
github.com/maynagashev/go-metrics/internal/server/storage/pgstorage/pgstorage.go:188.2,189.29 2 0
github.com/maynagashev/go-metrics/internal/server/storage/pgstorage/pgstorage.go:189.29,191.3 1 0
github.com/maynagashev/go-metrics/internal/server/storage/pgstorage/pgstorage.go:194.2,196.45 3 0
github.com/maynagashev/go-metrics/internal/server/storage/pgstorage/pgstorage.go:196.45,199.3 2 0
github.com/maynagashev/go-metrics/internal/server/storage/pgstorage/pgstorage.go:201.2,201.16 1 0
github.com/maynagashev/go-metrics/internal/server/storage/pgstorage/pgstorage.go:201.16,204.3 2 0
github.com/maynagashev/go-metrics/internal/server/storage/pgstorage/pgstorage.go:207.2,207.40 1 0
github.com/maynagashev/go-metrics/internal/server/storage/pgstorage/pgstorage.go:207.40,210.3 2 0
github.com/maynagashev/go-metrics/internal/server/storage/pgstorage/pgstorage.go:212.2,212.12 1 0
github.com/maynagashev/go-metrics/internal/server/storage/pgstorage/pgstorage.go:216.49,217.18 1 0
github.com/maynagashev/go-metrics/internal/server/storage/pgstorage/pgstorage.go:221.22,222.14 1 0
github.com/maynagashev/go-metrics/internal/server/storage/pgstorage/pgstorage.go:223.10,224.15 1 0
github.com/maynagashev/go-metrics/internal/server/storage/pgstorage/migration/migration.go:17.50,21.16 4 0
github.com/maynagashev/go-metrics/internal/server/storage/pgstorage/migration/migration.go:21.16,22.13 1 0
github.com/maynagashev/go-metrics/internal/server/storage/pgstorage/migration/migration.go:25.2,25.30 1 0
github.com/maynagashev/go-metrics/internal/server/storage/pgstorage/migration/migration.go:25.30,26.42 1 0
github.com/maynagashev/go-metrics/internal/server/storage/pgstorage/migration/migration.go:26.42,29.4 2 0
github.com/maynagashev/go-metrics/internal/server/storage/pgstorage/migration/migration.go:30.3,30.13 1 0
github.com/maynagashev/go-metrics/internal/server/storage/pgstorage/migration/migration.go:33.2,34.12 2 0
github.com/maynagashev/go-metrics/pkg/response/response.go:22.44,28.2 2 0
github.com/maynagashev/go-metrics/pkg/response/response.go:30.62,36.2 2 0
github.com/maynagashev/go-metrics/pkg/response/response.go:39.74,45.16 4 0
github.com/maynagashev/go-metrics/pkg/response/response.go:45.16,48.3 2 0
github.com/maynagashev/go-metrics/pkg/response/response.go:51.2,52.16 2 0
github.com/maynagashev/go-metrics/pkg/response/response.go:52.16,55.3 2 0
github.com/maynagashev/go-metrics/pkg/sign/sign.go:15.56,19.2 3 0
github.com/maynagashev/go-metrics/pkg/sign/sign.go:22.84,26.23 1 0
github.com/maynagashev/go-metrics/pkg/sign/sign.go:26.23,28.3 1 0
github.com/maynagashev/go-metrics/pkg/sign/sign.go:30.2,32.51 2 0
github.com/maynagashev/go-metrics/pkg/sign/sign.go:32.51,34.3 1 0
github.com/maynagashev/go-metrics/pkg/sign/sign.go:36.2,36.17 1 0
github.com/maynagashev/go-metrics/cmd/staticlint/passes/errcheck/analyzer.go:12.38,14.16 2 1
github.com/maynagashev/go-metrics/cmd/staticlint/passes/errcheck/analyzer.go:14.16,15.44 1 0
github.com/maynagashev/go-metrics/cmd/staticlint/passes/errcheck/analyzer.go:17.2,18.16 2 1
github.com/maynagashev/go-metrics/cmd/staticlint/passes/errcheck/analyzer.go:18.16,19.29 1 0
github.com/maynagashev/go-metrics/cmd/staticlint/passes/errcheck/analyzer.go:21.2,22.23 2 1
github.com/maynagashev/go-metrics/cmd/staticlint/passes/errcheck/analyzer.go:22.23,23.40 1 0
github.com/maynagashev/go-metrics/cmd/staticlint/passes/errcheck/analyzer.go:25.2,26.9 2 1
github.com/maynagashev/go-metrics/cmd/staticlint/passes/errcheck/analyzer.go:26.9,27.42 1 0
github.com/maynagashev/go-metrics/cmd/staticlint/passes/errcheck/analyzer.go:29.2,29.14 1 1
github.com/maynagashev/go-metrics/cmd/staticlint/passes/errcheck/analyzer.go:33.39,39.2 1 1
github.com/maynagashev/go-metrics/cmd/staticlint/passes/errcheck/analyzer.go:44.37,46.2 1 1
github.com/maynagashev/go-metrics/cmd/staticlint/passes/errcheck/analyzer.go:62.69,64.9 2 1
github.com/maynagashev/go-metrics/cmd/staticlint/passes/errcheck/analyzer.go:64.9,66.3 1 1
github.com/maynagashev/go-metrics/cmd/staticlint/passes/errcheck/analyzer.go:68.2,69.9 2 1
github.com/maynagashev/go-metrics/cmd/staticlint/passes/errcheck/analyzer.go:69.9,71.3 1 0
github.com/maynagashev/go-metrics/cmd/staticlint/passes/errcheck/analyzer.go:74.2,77.39 2 1
github.com/maynagashev/go-metrics/cmd/staticlint/passes/errcheck/analyzer.go:77.39,78.42 1 1
github.com/maynagashev/go-metrics/cmd/staticlint/passes/errcheck/analyzer.go:78.42,80.4 1 1
github.com/maynagashev/go-metrics/cmd/staticlint/passes/errcheck/analyzer.go:83.2,83.14 1 0
github.com/maynagashev/go-metrics/cmd/staticlint/passes/errcheck/analyzer.go:87.59,89.9 2 1
github.com/maynagashev/go-metrics/cmd/staticlint/passes/errcheck/analyzer.go:89.9,91.3 1 0
github.com/maynagashev/go-metrics/cmd/staticlint/passes/errcheck/analyzer.go:92.2,92.68 1 1
github.com/maynagashev/go-metrics/cmd/staticlint/passes/errcheck/analyzer.go:92.68,95.3 2 1
github.com/maynagashev/go-metrics/cmd/staticlint/passes/errcheck/analyzer.go:99.64,101.9 2 1
github.com/maynagashev/go-metrics/cmd/staticlint/passes/errcheck/analyzer.go:101.9,103.3 1 0
github.com/maynagashev/go-metrics/cmd/staticlint/passes/errcheck/analyzer.go:104.2,104.36 1 1
github.com/maynagashev/go-metrics/cmd/staticlint/passes/errcheck/analyzer.go:104.36,106.3 1 0
github.com/maynagashev/go-metrics/cmd/staticlint/passes/errcheck/analyzer.go:107.2,108.23 2 1
github.com/maynagashev/go-metrics/cmd/staticlint/passes/errcheck/analyzer.go:108.23,109.84 1 1
github.com/maynagashev/go-metrics/cmd/staticlint/passes/errcheck/analyzer.go:109.84,112.4 2 1
github.com/maynagashev/go-metrics/cmd/staticlint/passes/errcheck/analyzer.go:117.64,118.23 1 0
github.com/maynagashev/go-metrics/cmd/staticlint/passes/errcheck/analyzer.go:118.23,120.15 2 0
github.com/maynagashev/go-metrics/cmd/staticlint/passes/errcheck/analyzer.go:120.15,121.12 1 0
github.com/maynagashev/go-metrics/cmd/staticlint/passes/errcheck/analyzer.go:123.3,124.14 2 0
github.com/maynagashev/go-metrics/cmd/staticlint/passes/errcheck/analyzer.go:124.14,125.12 1 0
github.com/maynagashev/go-metrics/cmd/staticlint/passes/errcheck/analyzer.go:127.3,127.37 1 0
github.com/maynagashev/go-metrics/cmd/staticlint/passes/errcheck/analyzer.go:127.37,128.12 1 0
github.com/maynagashev/go-metrics/cmd/staticlint/passes/errcheck/analyzer.go:130.3,130.52 1 0
github.com/maynagashev/go-metrics/cmd/staticlint/passes/errcheck/analyzer.go:130.52,133.4 2 0
github.com/maynagashev/go-metrics/cmd/staticlint/passes/errcheck/analyzer.go:138.58,139.26 1 1
github.com/maynagashev/go-metrics/cmd/staticlint/passes/errcheck/analyzer.go:140.21,141.23 1 1
github.com/maynagashev/go-metrics/cmd/staticlint/passes/errcheck/analyzer.go:142.23,143.22 1 1
github.com/maynagashev/go-metrics/cmd/staticlint/passes/errcheck/analyzer.go:143.22,145.4 1 1
github.com/maynagashev/go-metrics/cmd/staticlint/passes/errcheck/analyzer.go:145.9,147.4 1 0
github.com/maynagashev/go-metrics/cmd/staticlint/passes/errcheck/analyzer.go:149.2,149.13 1 1
github.com/maynagashev/go-metrics/cmd/staticlint/passes/errcheck/analyzer.go:152.52,158.34 2 1
github.com/maynagashev/go-metrics/cmd/staticlint/passes/errcheck/analyzer.go:158.34,161.3 1 1
github.com/maynagashev/go-metrics/cmd/staticlint/passes/errcheck/analyzer.go:164.2,164.17 1 1
github.com/maynagashev/go-metrics/cmd/staticlint/passes/errcheck/analyzer.go:169.67,170.53 1 1
github.com/maynagashev/go-metrics/cmd/staticlint/passes/errcheck/analyzer.go:171.20,172.32 1 1
github.com/maynagashev/go-metrics/cmd/staticlint/passes/errcheck/analyzer.go:173.22,174.32 1 0
github.com/maynagashev/go-metrics/cmd/staticlint/passes/errcheck/analyzer.go:175.20,177.26 2 1
github.com/maynagashev/go-metrics/cmd/staticlint/passes/errcheck/analyzer.go:177.26,178.39 1 1
github.com/maynagashev/go-metrics/cmd/staticlint/passes/errcheck/analyzer.go:179.22,180.27 1 1
github.com/maynagashev/go-metrics/cmd/staticlint/passes/errcheck/analyzer.go:181.24,182.27 1 0
github.com/maynagashev/go-metrics/cmd/staticlint/passes/errcheck/analyzer.go:185.3,185.11 1 1
github.com/maynagashev/go-metrics/cmd/staticlint/passes/errcheck/analyzer.go:187.2,187.22 1 0
github.com/maynagashev/go-metrics/cmd/staticlint/passes/errcheck/analyzer.go:191.66,192.51 1 1
github.com/maynagashev/go-metrics/cmd/staticlint/passes/errcheck/analyzer.go:192.51,193.14 1 1
github.com/maynagashev/go-metrics/cmd/staticlint/passes/errcheck/analyzer.go:193.14,195.4 1 1
github.com/maynagashev/go-metrics/cmd/staticlint/passes/errcheck/analyzer.go:197.2,197.14 1 0
