mode: set
github.com/maynagashev/go-metrics/cmd/server/main.go:79.21,83.2 3 1
github.com/maynagashev/go-metrics/cmd/server/main.go:85.13,87.15 2 1
github.com/maynagashev/go-metrics/cmd/server/main.go:87.15,90.60 1 1
github.com/maynagashev/go-metrics/cmd/server/main.go:90.60,92.4 1 1
github.com/maynagashev/go-metrics/cmd/server/main.go:95.2,98.16 3 1
github.com/maynagashev/go-metrics/cmd/server/main.go:98.16,99.13 1 0
github.com/maynagashev/go-metrics/cmd/server/main.go:102.2,107.23 4 1
github.com/maynagashev/go-metrics/cmd/server/main.go:107.23,109.20 2 0
github.com/maynagashev/go-metrics/cmd/server/main.go:111.2,111.15 1 1
github.com/maynagashev/go-metrics/cmd/server/main.go:111.15,113.22 2 1
github.com/maynagashev/go-metrics/cmd/server/main.go:113.22,115.4 1 0
github.com/maynagashev/go-metrics/cmd/server/main.go:119.2,125.21 5 1
github.com/maynagashev/go-metrics/cmd/server/main.go:125.21,127.18 2 0
github.com/maynagashev/go-metrics/cmd/server/main.go:131.2,147.29 8 1
github.com/maynagashev/go-metrics/cmd/server/main.go:150.80,152.29 1 1
github.com/maynagashev/go-metrics/cmd/server/main.go:152.29,154.17 2 1
github.com/maynagashev/go-metrics/cmd/server/main.go:154.17,156.4 1 1
github.com/maynagashev/go-metrics/cmd/server/main.go:157.3,157.17 1 0
github.com/maynagashev/go-metrics/cmd/server/main.go:160.2,160.34 1 1
github.com/maynagashev/go-metrics/cmd/server/main.go:163.31,172.16 4 1
github.com/maynagashev/go-metrics/cmd/server/main.go:172.16,174.13 1 0
github.com/maynagashev/go-metrics/cmd/server/main.go:176.2,176.15 1 1
